#
# A fatal error has been detected by the Java Runtime Environment:
#
#  Internal Error (jvmciRuntime.cpp:1609), pid=5159, tid=5174
#  fatal error: Fatal exception in JVMCI: Error calling jdk.vm.ci.services.Services.serializeSavedProperties
#
# JRE version: OpenJDK Runtime Environment GraalVM CE 22.3.0 (17.0.5+8) (build 17.0.5+8-jvmci-22.3-b08)
# Java VM: OpenJDK 64-Bit Server VM GraalVM CE 22.3.0 (17.0.5+8-jvmci-22.3-b08, mixed mode, sharing, tiered, jvmci, jvmci compiler, compressed oops, compressed class ptrs, parallel gc, linux-amd64)
# Problematic frame:
# V  [libjvm.so+0x972714]  JVMCIRuntime::fatal_exception(JVMCIEnv*, char const*)+0x74
#
# Core dump will be written. Default location: Core dumps may be processed with "/usr/share/apport/apport -p%p -s%s -c%c -d%d -P%P -u%u -g%g -- %E" (or dumping to /home/runner/Midterm-Project-AndreaCastill19/core.5159)
#
# If you would like to submit a bug report, please visit:
#   https://github.com/oracle/graal/issues
#

---------------  S U M M A R Y ------------

Command Line: -XX:ThreadPriorityPolicy=1 -XX:+UnlockExperimentalVMOptions -XX:+EnableJVMCIProduct -XX:JVMCIThreadsPerNativeLibraryRuntime=1 -XX:-UnlockExperimentalVMOptions -Declipse.application=org.eclipse.jdt.ls.core.id1 -Dosgi.bundles.defaultStartLevel=4 -Declipse.product=org.eclipse.jdt.ls.core.product -Dlog.level=ALL -Xverify:none -XX:+UseParallelGC -XX:GCTimeRatio=4 -XX:AdaptiveSizePolicyWeight=90 -Dsun.zip.disableMemoryMapping=true -Xmx512m -Xms100m /nix/store/a7s9klvriqi68xz3qjc0qyfl5h86xc16-jdt-language-server-1.9.0/share/java/plugins/org.eclipse.equinox.launcher_1.6.400.v20210924-0641.jar --add-modules=ALL-SYSTEM --add-opens java.base/java.util=ALL-UNNAMED --add-opens java.base/java.lang=ALL-UNNAMED -configuration /home/runner/.cache/jdt-language-server/config -data /home/runner/.cache/jdt-language-server/data/home/runner/Midterm-Project-AndreaCastill19

Host: Intel(R) Xeon(R) CPU @ 2.20GHz, 16 cores, 3G, Ubuntu 20.04.2 LTS
Time: Sun Oct 29 03:05:59 2023 UTC elapsed time: 889.649412 seconds (0d 0h 14m 49s)

---------------  T H R E A D  ---------------

Current thread (0x00007faa080d2d60):  JavaThread "JVMCI-native CompilerThread0" daemon [_thread_in_vm, id=5174, stack(0x00007fa9ed31a000,0x00007fa9ed51a000)]


Current CompileTask:
JVMCI-native: 889650 7262       4       java.lang.Integer::toString (55 bytes)

Stack: [0x00007fa9ed31a000,0x00007fa9ed51a000],  sp=0x00007fa9ed518380,  free space=2040k
Native frames: (J=compiled Java code, j=interpreted, Vv=VM code, C=native code)
V  [libjvm.so+0x972714]  JVMCIRuntime::fatal_exception(JVMCIEnv*, char const*)+0x74
V  [libjvm.so+0x93e2fe]  JVMCIEnv::copy_saved_properties()+0x14e
V  [libjvm.so+0x9732a9]  JVMCIRuntime::initialize(JVMCIEnv*)+0xb19
V  [libjvm.so+0x9738a2]  JVMCIRuntime::get_HotSpotJVMCIRuntime(JVMCIEnv*)+0x12
V  [libjvm.so+0x9749f2]  JVMCIRuntime::compile_method(JVMCIEnv*, JVMCICompiler*, methodHandle const&, int)+0xd2
V  [libjvm.so+0x5b0d20]  CompileBroker::invoke_compiler_on_method(CompileTask*)+0x1470
V  [libjvm.so+0x5b12e8]  CompileBroker::compiler_thread_loop()+0x528
V  [libjvm.so+0xd82460]  JavaThread::thread_main_inner()+0xd0
V  [libjvm.so+0xd85a40]  Thread::call_run()+0xc0
V  [libjvm.so+0xbdb1e1]  thread_native_entry(Thread*)+0xe1

Register to memory mapping:

RAX=0x00007faa0d35b000 points into unknown readable memory: 0x0000000000000058 | 58 00 00 00 00 00 00 00
RBX=0x00007faa0e456398: <offset 0x0000000000ef5398> in /nix/store/gpxl5qgg8kicmcvivwmybwjlpf7wh20l-graalvm17-ce-22.3.0/lib/server/libjvm.so at 0x00007faa0d561000
RCX=0x00007faa0e40e1e8: <offset 0x0000000000ead1e8> in /nix/store/gpxl5qgg8kicmcvivwmybwjlpf7wh20l-graalvm17-ce-22.3.0/lib/server/libjvm.so at 0x00007faa0d561000
RDX=0x0000000000000649 is an unknown value
RSP=0x00007fa9ed518380 is pointing into the stack for thread: 0x00007faa080d2d60
RBP=0x00007fa9ed5183a0 is pointing into the stack for thread: 0x00007faa080d2d60
RSI=0x00007faa0e456c48: <offset 0x0000000000ef5c48> in /nix/store/gpxl5qgg8kicmcvivwmybwjlpf7wh20l-graalvm17-ce-22.3.0/lib/server/libjvm.so at 0x00007faa0d561000
RDI=0x00000000e0000000 is an oop: java.lang.String 
{0x00000000e0000000} - klass: 'java/lang/String'
 - string: "invalid compression method"
R8 =0x00007faa0e456398: <offset 0x0000000000ef5398> in /nix/store/gpxl5qgg8kicmcvivwmybwjlpf7wh20l-graalvm17-ce-22.3.0/lib/server/libjvm.so at 0x00007faa0d561000
R9 =0x00007fa9ed518330 is pointing into the stack for thread: 0x00007faa080d2d60
R10=0x00007fa9ed519948 is pointing into the stack for thread: 0x00007faa080d2d60
R11=0x0000000000000293 is an unknown value
R12=0x0 is NULL
R13=0x00007faa080d2d60 is a thread
R14=0x00007faa08000b80 points into unknown readable memory: 0x00007faa0e687a38 | 38 7a 68 0e aa 7f 00 00
R15=0x00007faa0e795e40: <offset 0x0000000001234e40> in /nix/store/gpxl5qgg8kicmcvivwmybwjlpf7wh20l-graalvm17-ce-22.3.0/lib/server/libjvm.so at 0x00007faa0d561000


Registers:
RAX=0x00007faa0d35b000, RBX=0x00007faa0e456398, RCX=0x00007faa0e40e1e8, RDX=0x0000000000000649
RSP=0x00007fa9ed518380, RBP=0x00007fa9ed5183a0, RSI=0x00007faa0e456c48, RDI=0x00000000e0000000
R8 =0x00007faa0e456398, R9 =0x00007fa9ed518330, R10=0x00007fa9ed519948, R11=0x0000000000000293
R12=0x0000000000000000, R13=0x00007faa080d2d60, R14=0x00007faa08000b80, R15=0x00007faa0e795e40
RIP=0x00007faa0ded3714, EFLAGS=0x0000000000010206, CSGSFS=0x002b000000000033, ERR=0x0000000000000006
  TRAPNO=0x000000000000000e

Top of Stack: (sp=0x00007fa9ed518380)
0x00007fa9ed518380:   00007fa9ed518940 00007faa080d2d60
0x00007fa9ed518390:   00007faa0ccec8c8 0000000800c417a0
0x00007fa9ed5183a0:   00007fa9ed518500 00007faa0de9f2fe
0x00007fa9ed5183b0:   00007fa9ed5183e0 00007fa9ed518440 

Instructions: (pc=0x00007faa0ded3714)
0x00007faa0ded3614:   30 e8 f6 cf e8 ff 4c 89 e7 e8 2e 48 d1 ff 84 db
0x00007faa0ded3624:   75 2a 4d 85 ed 74 04 4d 8b 6d 00 48 83 c4 08 44
0x00007faa0ded3634:   89 f9 4c 89 f2 4c 89 ee 5b 4c 89 e7 41 5c 41 5d
0x00007faa0ded3644:   41 5e 41 5f 5d e9 e2 47 d1 ff 66 90 48 83 c4 08
0x00007faa0ded3654:   5b 41 5c 41 5d 41 5e 41 5f 5d c3 90 31 d2 be 08
0x00007faa0ded3664:   00 00 00 4c 89 ff e8 b1 78 a3 ff 49 89 c5 e9 37
0x00007faa0ded3674:   ff ff ff 66 0f 1f 84 00 00 00 00 00 48 8b 7a 08
0x00007faa0ded3684:   e9 6d ff ff ff 0f 1f 80 00 00 00 00 e8 5b 48 0a
0x00007faa0ded3694:   00 84 c0 75 89 e9 6a ff ff ff 66 90 55 48 89 e5
0x00007faa0ded36a4:   41 56 41 55 41 54 49 89 fc 53 48 89 f3 66 48 8d
0x00007faa0ded36b4:   3d 27 5e 85 00 66 66 48 e8 df 43 8d ff 4c 8b 28
0x00007faa0ded36c4:   8b 05 be 72 8a 00 85 c0 75 14 ba 01 00 00 00 48
0x00007faa0ded36d4:   8d 0d ae 72 8a 00 f0 0f b1 11 85 c0 74 4e be c8
0x00007faa0ded36e4:   00 00 00 4c 89 ef e8 01 0b 41 00 48 8d 05 12 ac
0x00007faa0ded36f4:   85 00 49 89 d8 48 8d 0d e8 aa 53 00 ba 49 06 00
0x00007faa0ded3704:   00 48 8d 35 3c 35 58 00 bf 00 00 00 e0 48 8b 00
0x00007faa0ded3714:   c6 00 58 31 c0 e8 e2 91 c6 ff 5b 41 5c 41 5d 41
0x00007faa0ded3724:   5e 5d e9 55 34 26 00 0f 1f 44 00 00 48 8d 05 81
0x00007faa0ded3734:   a3 8b 00 48 89 df 4c 8b 30 e8 9e 43 8d ff 48 89
0x00007faa0ded3744:   de 48 89 c2 49 8b 06 4c 89 f7 ff 50 08 4c 89 f7
0x00007faa0ded3754:   e8 a7 5c 27 00 4d 85 e4 74 12 be 01 00 00 00 4c
0x00007faa0ded3764:   89 e7 e8 35 43 fc ff eb 82 0f 1f 00 be 01 00 00
0x00007faa0ded3774:   00 4c 89 ef e8 d3 fd ff ff e9 6d ff ff ff 66 66
0x00007faa0ded3784:   2e 0f 1f 84 00 00 00 00 00 0f 1f 00 55 48 89 e5
0x00007faa0ded3794:   41 57 41 56 41 55 41 54 53 48 81 ec 08 02 00 00
0x00007faa0ded37a4:   64 48 8b 04 25 28 00 00 00 48 89 45 c8 8b 07 83
0x00007faa0ded37b4:   f8 02 0f 84 11 04 00 00 4c 8b 6f 18 49 89 ff 49
0x00007faa0ded37c4:   89 f4 4d 85 ed 74 14 4c 89 ef e8 5d 57 22 00 41
0x00007faa0ded37d4:   8b 07 83 f8 02 0f 84 19 04 00 00 48 8d 1d 9a 06
0x00007faa0ded37e4:   8a 00 4c 8d 35 0b 3c 58 00 eb 38 90 48 85 d2 7f
0x00007faa0ded37f4:   0d 48 8d 05 b4 c0 85 00 48 83 38 00 7e 0e 41 8b
0x00007faa0ded3804:   77 2c 4c 89 f7 31 c0 e8 a0 b2 f7 ff 49 8b 7f 18 


Stack slot to memory mapping:
stack at sp + 0 slots: 0x00007fa9ed518940 is pointing into the stack for thread: 0x00007faa080d2d60
stack at sp + 1 slots: 0x00007faa080d2d60 is a thread
stack at sp + 2 slots: 0x00007faa0ccec8c8 points into unknown readable memory: 0x65730018052dffff | ff ff 2d 05 18 00 73 65
stack at sp + 3 slots: 0x0000000800c417a0 is a pointer to class: 
jdk.vm.ci.services.Services {0x0000000800c417a0}
 - instance size:     2
 - klass size:        65
 - access:            public final synchronized 
 - state:             fully_initialized
 - name:              'jdk/vm/ci/services/Services'
 - super:             'java/lang/Object'
 - sub:               
 - arrays:            NULL
 - methods:           Array<T>(0x00007fa9edc44148)
 - method ordering:   Array<T>(0x0000000800928960)
 - default_methods:   Array<T>(0x0000000000000000)
 - local interfaces:  Array<T>(0x00000008005ce810)
 - trans. interfaces: Array<T>(0x00000008005ce810)
 - constants:         constant pool [427] {0x00007fa9edc43228} for 'jdk/vm/ci/services/Services' cache=0x00007fa9edc45418
 - class loader data:  loader data: 0x00007faa08027ce0 of 'bootstrap'
 - source file:       'Services.java'
 - class annotations:       Array<T>(0x0000000000000000)
 - class type annotations:  Array<T>(0x0000000000000000)
 - field annotations:       Array<T>(0x0000000000000000)
 - field type annotations:  Array<T>(0x0000000000000000)
 - inner classes:     Array<T>(0x00007fa9edc453e8)
 - nest members:     Array<T>(0x00007fa9edc45408)
 - permitted subclasses:     Array<T>(0x00000008005ce7a0)
 - java mirror:       a 'java/lang/Class'{0x00000000e022ca90} = 'jdk/vm/ci/services/Services'
 - vtable length      5  (start addr: 0x0000000800c41970)
 - itable length      2 (start addr: 0x0000000800c41998)
 - ---- static fields (3 words):
 - public static final 'IS_BUILDING_NATIVE_IMAGE' 'Z' @128 
 - public static final 'IS_IN_NATIVE_IMAGE' 'Z' @129 
 - private static volatile 'savedProperties' 'Ljava/util/Map;' @112 
 - static final 'JVMCI_ENABLED' 'Z' @130 
 - private static final 'servicesCache' 'Ljava/util/Map;' @116 
 - private static final 'MAX_UNICODE_IN_UTF8_LENGTH' 'I' @120 
 - private static final 'MAX_UTF8_PROPERTY_STRING_LENGTH' 'I' @124 
 - ---- non-static fields (0 words):
 - non-static oop maps: 
stack at sp + 4 slots: 0x00007fa9ed518500 is pointing into the stack for thread: 0x00007faa080d2d60
stack at sp + 5 slots: 0x00007faa0de9f2fe: <offset 0x000000000093e2fe> in /nix/store/gpxl5qgg8kicmcvivwmybwjlpf7wh20l-graalvm17-ce-22.3.0/lib/server/libjvm.so at 0x00007faa0d561000
stack at sp + 6 slots: 0x00007fa9ed5183e0 is pointing into the stack for thread: 0x00007faa080d2d60
stack at sp + 7 slots: 0x00007fa9ed518440 is pointing into the stack for thread: 0x00007faa080d2d60


---------------  P R O C E S S  ---------------

Threads class SMR info:
_java_thread_list=0x00007fa978183570, length=26, elements={
0x00007faa08025f80, 0x00007faa080c7040, 0x00007faa080c8480, 0x00007faa080cebd0,
0x00007faa080cff80, 0x00007faa080d1370, 0x00007faa080d2d60, 0x00007faa080d4270,
0x00007faa080d56c0, 0x00007faa081008c0, 0x00007faa08148a20, 0x00007faa0830e970,
0x00007faa08356f70, 0x00007faa08359d30, 0x00007fa99c02f830, 0x00007fa99c403a00,
0x00007fa99c485210, 0x00007fa9900010d0, 0x00007fa99c62a310, 0x00007fa9900072f0,
0x00007fa9840535a0, 0x00007faa08360d60, 0x00007faa08408a60, 0x00007fa9781e0390,
0x00007fa9781e1d10, 0x00007fa9781e8b60
}

Java Threads: ( => current thread )
  0x00007faa08025f80 JavaThread "main" [_thread_blocked, id=5165, stack(0x00007faa0d37c000,0x00007faa0d47c000)]
  0x00007faa080c7040 JavaThread "Reference Handler" daemon [_thread_blocked, id=5168, stack(0x00007faa0c090000,0x00007faa0c190000)]
  0x00007faa080c8480 JavaThread "Finalizer" daemon [_thread_blocked, id=5169, stack(0x00007fa9edb00000,0x00007fa9edc00000)]
  0x00007faa080cebd0 JavaThread "Signal Dispatcher" daemon [_thread_blocked, id=5171, stack(0x00007fa9ed71a000,0x00007fa9ed81a000)]
  0x00007faa080cff80 JavaThread "Service Thread" daemon [_thread_blocked, id=5172, stack(0x00007fa9ed61a000,0x00007fa9ed71a000)]
  0x00007faa080d1370 JavaThread "Monitor Deflation Thread" daemon [_thread_blocked, id=5173, stack(0x00007fa9ed51a000,0x00007fa9ed61a000)]
=>0x00007faa080d2d60 JavaThread "JVMCI-native CompilerThread0" daemon [_thread_in_vm, id=5174, stack(0x00007fa9ed31a000,0x00007fa9ed51a000)]
  0x00007faa080d4270 JavaThread "C1 CompilerThread0" daemon [_thread_blocked, id=5175, stack(0x00007fa9ed11a000,0x00007fa9ed31a000)]
  0x00007faa080d56c0 JavaThread "Sweeper thread" daemon [_thread_blocked, id=5176, stack(0x00007fa9ed01a000,0x00007fa9ed11a000)]
  0x00007faa081008c0 JavaThread "Common-Cleaner" daemon [_thread_blocked, id=5177, stack(0x00007fa9ecf1a000,0x00007fa9ed01a000)]
  0x00007faa08148a20 JavaThread "Notification Thread" daemon [_thread_blocked, id=5178, stack(0x00007fa9ece1a000,0x00007fa9ecf1a000)]
  0x00007faa0830e970 JavaThread "Active Thread: Equinox Container: 364ef9cf-6e82-4caf-ae0b-0dce67963987" [_thread_blocked, id=5185, stack(0x00007fa9ecb00000,0x00007fa9ecc00000)]
  0x00007faa08356f70 JavaThread "Framework Event Dispatcher: Equinox Container: 364ef9cf-6e82-4caf-ae0b-0dce67963987" daemon [_thread_blocked, id=5186, stack(0x00007fa9ec900000,0x00007fa9eca00000)]
  0x00007faa08359d30 JavaThread "Start Level: Equinox Container: 364ef9cf-6e82-4caf-ae0b-0dce67963987" daemon [_thread_blocked, id=5187, stack(0x00007fa9ec700000,0x00007fa9ec800000)]
  0x00007fa99c02f830 JavaThread "SCR Component Actor" daemon [_thread_blocked, id=5189, stack(0x00007fa9ec500000,0x00007fa9ec600000)]
  0x00007fa99c403a00 JavaThread "Worker-JM" [_thread_blocked, id=5191, stack(0x00007fa9ec100000,0x00007fa9ec200000)]
  0x00007fa99c485210 JavaThread "Worker-0: Compacting resource model" [_thread_blocked, id=5192, stack(0x00007fa9b4900000,0x00007fa9b4a00000)]
  0x00007fa9900010d0 JavaThread "Worker-1: Java indexing... " [_thread_blocked, id=5193, stack(0x00007fa9b4700000,0x00007fa9b4800000)]
  0x00007fa99c62a310 JavaThread "Java indexing" daemon [_thread_blocked, id=5195, stack(0x00007fa9b4500000,0x00007fa9b4600000)]
  0x00007fa9900072f0 JavaThread "Worker-2: Periodic workspace save." [_thread_blocked, id=5197, stack(0x00007fa9b4300000,0x00007fa9b4400000)]
  0x00007fa9840535a0 JavaThread "Bundle File Closer" daemon [_thread_blocked, id=5198, stack(0x00007fa9b4100000,0x00007fa9b4200000)]
  0x00007faa08360d60 JavaThread "pool-3-thread-1" [_thread_blocked, id=5201, stack(0x00007fa9b3f00000,0x00007fa9b4000000)]
  0x00007faa08408a60 JavaThread "pool-2-thread-1" [_thread_in_native, id=5202, stack(0x00007fa9b3d00000,0x00007fa9b3e00000)]
  0x00007fa9781e0390 JavaThread "Thread-2" [_thread_blocked, id=5213, stack(0x00007fa9ec300000,0x00007fa9ec400000)]
  0x00007fa9781e1d10 JavaThread "Thread-3" [_thread_blocked, id=5437, stack(0x00007fa9ec800000,0x00007fa9ec900000)]
  0x00007fa9781e8b60 JavaThread "Thread-4" [_thread_blocked, id=5493, stack(0x00007fa9ec400000,0x00007fa9ec500000)]

Other Threads:
  0x00007faa080c2780 VMThread "VM Thread" [stack: 0x00007faa0c192000,0x00007faa0c292000] [id=5167] _threads_hazard_ptr=0x00007fa978183570
  0x00007faa0814a7b0 WatcherThread [stack: 0x00007fa9ecd1a000,0x00007fa9ece1a000] [id=5179]
  0x00007faa0803d880 GCTaskThread "GC Thread#0" [stack: 0x00007faa0cf3f000,0x00007faa0d03f000] [id=5166]
  0x00007fa9e0001290 GCTaskThread "GC Thread#1" [stack: 0x00007fa9b2100000,0x00007fa9b2200000] [id=5188]

Threads with active compile tasks:
JVMCI-native CompilerThread0   889680 7262       4       java.lang.Integer::toString (55 bytes)

VM state: synchronizing (normal execution)

VM Mutex/Monitor currently owned by a thread:  ([mutex/lock_event])
[0x00007faa08023130] Threads_lock - owner thread: 0x00007faa080c2780
[0x00007faa080238e0] Heap_lock - owner thread: 0x00007fa9900010d0

OutOfMemory and StackOverflow Exception counts:
OutOfMemoryError java_heap_errors=11
LinkageErrors=53

Heap address: 0x00000000e0000000, size: 512 MB, Compressed Oops mode: 32-bit

CDS archive(s) mapped at: [0x0000000800000000-0x0000000800bc8000-0x0000000800bc8000), size 12353536, SharedBaseAddress: 0x0000000800000000, ArchiveRelocationMode: 0.
Compressed class space mapped at: 0x0000000800c00000-0x0000000840c00000, reserved size: 1073741824
Narrow klass base: 0x0000000800000000, Narrow klass shift: 0, Narrow klass range: 0x100000000

GC Precious Log:
 CPUs: 16 total, 2 available
 Memory: 3215M
 Large Page Support: Disabled
 NUMA Support: Disabled
 Compressed Oops: Enabled (32-bit)
 Alignments: Space 512K, Generation 512K, Heap 2M
 Heap Min Capacity: 100M
 Heap Initial Capacity: 100M
 Heap Max Capacity: 512M
 Pre-touch: Disabled
 Parallel Workers: 2

Heap:
 PSYoungGen      total 56320K, used 32255K [0x00000000f5580000, 0x00000000fa680000, 0x0000000100000000)
  eden space 32256K, 99% used [0x00000000f5580000,0x00000000f74ffff0,0x00000000f7500000)
  from space 24064K, 0% used [0x00000000f8d80000,0x00000000f8d80000,0x00000000fa500000)
  to   space 24576K, 0% used [0x00000000f7500000,0x00000000f7500000,0x00000000f8d00000)
 ParOldGen       total 349696K, used 349695K [0x00000000e0000000, 0x00000000f5580000, 0x00000000f5580000)
  object space 349696K, 99% used [0x00000000e0000000,0x00000000f557ffe8,0x00000000f5580000)
 Metaspace       used 55495K, committed 56384K, reserved 1105920K
  class space    used 5465K, committed 5824K, reserved 1048576K

Card table byte_map: [0x00007faa0d03f000,0x00007faa0d140000] _byte_map_base: 0x00007faa0c93f000

Marking Bits: (ParMarkBitMap*) 0x00007faa0e78f4c0
 Begin Bits: [0x00007fa9ee4b3000, 0x00007fa9eecb3000)
 End Bits:   [0x00007fa9eecb3000, 0x00007fa9ef4b3000)

Polling page: 0x00007faa0d359000

Metaspace:

Usage:
  Non-class:     48.86 MB used.
      Class:      5.34 MB used.
       Both:     54.19 MB used.

Virtual space:
  Non-class space:       56.00 MB reserved,      49.38 MB ( 88%) committed,  7 nodes.
      Class space:        1.00 GB reserved,       5.69 MB ( <1%) committed,  1 nodes.
             Both:        1.05 GB reserved,      55.06 MB (  5%) committed. 

Chunk freelists:
   Non-Class:  2.51 MB
       Class:  2.16 MB
        Both:  4.67 MB

MaxMetaspaceSize: unlimited
CompressedClassSpaceSize: 1.00 GB
Initial GC threshold: 21.00 MB
Current GC threshold: 91.69 MB
CDS: on
MetaspaceReclaimPolicy: balanced
 - commit_granule_bytes: 65536.
 - commit_granule_words: 8192.
 - virtual_space_node_default_size: 1048576.
 - enlarge_chunks_in_place: 1.
 - new_chunks_are_fully_committed: 0.
 - uncommit_free_chunks: 1.
 - use_allocation_guard: 0.
 - handle_deallocations: 1.


Internal statistics:

num_allocs_failed_limit: 6.
num_arena_births: 442.
num_arena_deaths: 132.
num_vsnodes_births: 8.
num_vsnodes_deaths: 0.
num_space_committed: 880.
num_space_uncommitted: 0.
num_chunks_returned_to_freelist: 180.
num_chunks_taken_from_freelist: 2806.
num_chunk_merges: 77.
num_chunk_splits: 1798.
num_chunks_enlarged: 1101.
num_purges: 2.
num_inconsistent_stats: 0.

CodeHeap 'non-profiled nmethods': size=120036Kb used=2507Kb max_used=2520Kb free=117528Kb
 bounds [0x00007fa9f6f7a000, 0x00007fa9f71fa000, 0x00007fa9fe4b3000]
CodeHeap 'profiled nmethods': size=120032Kb used=12112Kb max_used=13986Kb free=107920Kb
 bounds [0x00007fa9efa42000, 0x00007fa9f07f2000, 0x00007fa9f6f7a000]
CodeHeap 'non-nmethods': size=5692Kb used=1354Kb max_used=1372Kb free=4337Kb
 bounds [0x00007fa9ef4b3000, 0x00007fa9ef723000, 0x00007fa9efa42000]
 total_blobs=6531 nmethods=5839 adapters=600
 compilation: enabled
              stopped_count=0, restarted_count=0
 full_count=0

JVMCI Events (20 events):
Event: 595.195 Thread 0x00007faa080d2d60 destroyed JavaVM[3]@0x00007fa9b379e340 for JVMCI runtime 0
Event: 595.195 Thread 0x00007faa080d2d60 compacted oop handles in JVMCI runtime 0 from 196 to 196
Event: 595.195 Thread 0x00007faa080d2d60 releasing handles for JVMCI runtime 0: oop handles=196, metadata handles={total=625, live=622, blocks=31}
Event: 595.195 Thread 0x00007faa080d2d60 detached from JVMCI runtime 0
Event: 699.986 Thread 0x00007faa080d2d60 attached to JVMCI runtime 0
Event: 699.988 Thread 0x00007faa080d2d60 created JavaVM[4]@0x00007fa9b379e340 for JVMCI runtime 0
Event: 700.469 Thread 0x00007faa080d2d60 initializing JVMCI runtime 0
Event: 700.469 Thread 0x00007faa080d2d60 done waiting for JavaVM references initialization in JVMCI runtime 0
Event: 712.696 Thread 0x00007faa080d2d60 initialized JVMCI runtime 0
Event: 724.074 Thread 0x00007faa080d2d60 detaching from JVMCI runtime 0: releasing idle compiler thread (0 other threads still attached)
Event: 724.074 Thread 0x00007faa080d2d60 shutting down HotSpotJVMCIRuntime for JVMCI runtime 0
Event: 724.546 Thread 0x00007faa080d2d60 shut down JVMCI runtime 0
Event: 725.001 Thread 0x00007faa080d2d60 destroyed JavaVM[4]@0x00007fa9b379e340 for JVMCI runtime 0
Event: 725.001 Thread 0x00007faa080d2d60 compacted oop handles in JVMCI runtime 0 from 53 to 53
Event: 725.001 Thread 0x00007faa080d2d60 releasing handles for JVMCI runtime 0: oop handles=53, metadata handles={total=96, live=93, blocks=31}
Event: 725.001 Thread 0x00007faa080d2d60 detached from JVMCI runtime 0
Event: 867.090 Thread 0x00007faa080d2d60 attached to JVMCI runtime 0
Event: 867.094 Thread 0x00007faa080d2d60 created JavaVM[5]@0x00007fa9b379e340 for JVMCI runtime 0
Event: 868.504 Thread 0x00007faa080d2d60 initializing JVMCI runtime 0
Event: 868.504 Thread 0x00007faa080d2d60 done waiting for JavaVM references initialization in JVMCI runtime 0

Compilation events (20 events):
Event: 588.776 Thread 0x00007faa080d2d60 nmethod 7181 0x00007fa9f71b0c90 code [0x00007fa9f71b0e00, 0x00007fa9f71b0ed0]
Event: 588.776 Thread 0x00007faa080d2d60 7234       4       org.eclipse.core.runtime.ProgressMonitorWrapper::isCanceled (10 bytes)
Event: 592.746 Thread 0x00007faa080d2d60 nmethod 7234 0x00007fa9f71b0910 code [0x00007fa9f71b0a80, 0x00007fa9f71b0af0]
Event: 628.123 Thread 0x00007faa080d4270 7254       3       java.io.OutputStream::flush (1 bytes)
Event: 628.607 Thread 0x00007faa080d4270 nmethod 7254 0x00007fa9f0072710 code [0x00007fa9f00728a0, 0x00007fa9f00729b0]
Event: 665.572 Thread 0x00007faa080d4270 7255       3       org.eclipse.jdt.internal.compiler.util.HashtableOfObjectToInt::get (59 bytes)
Event: 666.034 Thread 0x00007faa080d4270 nmethod 7255 0x00007fa9efc9d690 code [0x00007fa9efc9d880, 0x00007fa9efc9dff0]
Event: 699.985 Thread 0x00007faa080d4270 7256       3       java.util.concurrent.ThreadPoolExecutor::isShutdown (12 bytes)
Event: 699.985 Thread 0x00007faa080d4270 nmethod 7256 0x00007fa9f0264290 code [0x00007fa9f0264440, 0x00007fa9f0264630]
Event: 699.986 Thread 0x00007faa080d2d60 7257       4       java.util.AbstractCollection::isEmpty (13 bytes)
Event: 710.472 Thread 0x00007faa080d4270 7258       3       java.util.concurrent.ScheduledThreadPoolExecutor::canRunInCurrentRunState (61 bytes)
Event: 711.846 Thread 0x00007faa080d4270 nmethod 7258 0x00007fa9f04cec90 code [0x00007fa9f04ceea0, 0x00007fa9f04cf940]
Event: 723.003 Thread 0x00007faa080d2d60 nmethod 7257 0x00007fa9f719ba10 code [0x00007fa9f719bb80, 0x00007fa9f719bc60]
Event: 794.131 Thread 0x00007faa080d4270 7259       3       java.io.DataOutputStream::writeInt (62 bytes)
Event: 795.496 Thread 0x00007faa080d4270 nmethod 7259 0x00007fa9eff56390 code [0x00007fa9eff56560, 0x00007fa9eff56a00]
Event: 820.414 Thread 0x00007faa080d4270 7260       3       java.util.concurrent.locks.AbstractQueuedSynchronizer::acquire (20 bytes)
Event: 820.907 Thread 0x00007faa080d4270 nmethod 7260 0x00007fa9efc2c390 code [0x00007fa9efc2c540, 0x00007fa9efc2c910]
Event: 836.148 Thread 0x00007faa080d4270 7261       3       org.eclipse.jdt.internal.core.JavaModelManager$VariablesAndContainersSaveHelper::saveInt (9 bytes)
Event: 837.123 Thread 0x00007faa080d4270 nmethod 7261 0x00007fa9efe09b90 code [0x00007fa9efe09d40, 0x00007fa9efe09e80]
Event: 867.090 Thread 0x00007faa080d2d60 7262       4       java.lang.Integer::toString (55 bytes)

GC Heap History (20 events):
Event: 884.379 GC heap before
{Heap before GC invocations=1669 (full 1584):
 PSYoungGen      total 56320K, used 32255K [0x00000000f5580000, 0x00000000fa680000, 0x0000000100000000)
  eden space 32256K, 99% used [0x00000000f5580000,0x00000000f74ffff8,0x00000000f7500000)
  from space 24064K, 0% used [0x00000000f8d80000,0x00000000f8d80000,0x00000000fa500000)
  to   space 24576K, 0% used [0x00000000f7500000,0x00000000f7500000,0x00000000f8d00000)
 ParOldGen       total 349696K, used 349695K [0x00000000e0000000, 0x00000000f5580000, 0x00000000f5580000)
  object space 349696K, 99% used [0x00000000e0000000,0x00000000f557fff8,0x00000000f5580000)
 Metaspace       used 55495K, committed 56384K, reserved 1105920K
  class space    used 5465K, committed 5824K, reserved 1048576K
}
Event: 884.858 GC heap after
{Heap after GC invocations=1669 (full 1584):
 PSYoungGen      total 56832K, used 32255K [0x00000000f5580000, 0x00000000fa680000, 0x0000000100000000)
  eden space 32256K, 99% used [0x00000000f5580000,0x00000000f74fff60,0x00000000f7500000)
  from space 24576K, 0% used [0x00000000f7500000,0x00000000f7500000,0x00000000f8d00000)
  to   space 24064K, 0% used [0x00000000f8d80000,0x00000000f8d80000,0x00000000fa500000)
 ParOldGen       total 349696K, used 349695K [0x00000000e0000000, 0x00000000f5580000, 0x00000000f5580000)
  object space 349696K, 99% used [0x00000000e0000000,0x00000000f557ffe0,0x00000000f5580000)
 Metaspace       used 55495K, committed 56384K, reserved 1105920K
  class space    used 5465K, committed 5824K, reserved 1048576K
}
Event: 884.860 GC heap before
{Heap before GC invocations=1670 (full 1585):
 PSYoungGen      total 56832K, used 32255K [0x00000000f5580000, 0x00000000fa680000, 0x0000000100000000)
  eden space 32256K, 99% used [0x00000000f5580000,0x00000000f74ffff8,0x00000000f7500000)
  from space 24576K, 0% used [0x00000000f7500000,0x00000000f7500000,0x00000000f8d00000)
  to   space 24064K, 0% used [0x00000000f8d80000,0x00000000f8d80000,0x00000000fa500000)
 ParOldGen       total 349696K, used 349695K [0x00000000e0000000, 0x00000000f5580000, 0x00000000f5580000)
  object space 349696K, 99% used [0x00000000e0000000,0x00000000f557ffe0,0x00000000f5580000)
 Metaspace       used 55495K, committed 56384K, reserved 1105920K
  class space    used 5465K, committed 5824K, reserved 1048576K
}
Event: 885.391 GC heap after
{Heap after GC invocations=1670 (full 1585):
 PSYoungGen      total 56320K, used 32255K [0x00000000f5580000, 0x00000000fa680000, 0x0000000100000000)
  eden space 32256K, 99% used [0x00000000f5580000,0x00000000f74fffc8,0x00000000f7500000)
  from space 24064K, 0% used [0x00000000f8d80000,0x00000000f8d80000,0x00000000fa500000)
  to   space 24576K, 0% used [0x00000000f7500000,0x00000000f7500000,0x00000000f8d00000)
 ParOldGen       total 349696K, used 349695K [0x00000000e0000000, 0x00000000f5580000, 0x00000000f5580000)
  object space 349696K, 99% used [0x00000000e0000000,0x00000000f557ffe0,0x00000000f5580000)
 Metaspace       used 55495K, committed 56384K, reserved 1105920K
  class space    used 5465K, committed 5824K, reserved 1048576K
}
Event: 885.391 GC heap before
{Heap before GC invocations=1671 (full 1586):
 PSYoungGen      total 56320K, used 32255K [0x00000000f5580000, 0x00000000fa680000, 0x0000000100000000)
  eden space 32256K, 99% used [0x00000000f5580000,0x00000000f74ffff0,0x00000000f7500000)
  from space 24064K, 0% used [0x00000000f8d80000,0x00000000f8d80000,0x00000000fa500000)
  to   space 24576K, 0% used [0x00000000f7500000,0x00000000f7500000,0x00000000f8d00000)
 ParOldGen       total 349696K, used 349695K [0x00000000e0000000, 0x00000000f5580000, 0x00000000f5580000)
  object space 349696K, 99% used [0x00000000e0000000,0x00000000f557ffe0,0x00000000f5580000)
 Metaspace       used 55495K, committed 56384K, reserved 1105920K
  class space    used 5465K, committed 5824K, reserved 1048576K
}
Event: 885.897 GC heap after
{Heap after GC invocations=1671 (full 1586):
 PSYoungGen      total 56832K, used 32255K [0x00000000f5580000, 0x00000000fa680000, 0x0000000100000000)
  eden space 32256K, 99% used [0x00000000f5580000,0x00000000f74ffff0,0x00000000f7500000)
  from space 24576K, 0% used [0x00000000f7500000,0x00000000f7500000,0x00000000f8d00000)
  to   space 24064K, 0% used [0x00000000f8d80000,0x00000000f8d80000,0x00000000fa500000)
 ParOldGen       total 349696K, used 349695K [0x00000000e0000000, 0x00000000f5580000, 0x00000000f5580000)
  object space 349696K, 99% used [0x00000000e0000000,0x00000000f557ffe0,0x00000000f5580000)
 Metaspace       used 55495K, committed 56384K, reserved 1105920K
  class space    used 5465K, committed 5824K, reserved 1048576K
}
Event: 885.897 GC heap before
{Heap before GC invocations=1672 (full 1587):
 PSYoungGen      total 56832K, used 32255K [0x00000000f5580000, 0x00000000fa680000, 0x0000000100000000)
  eden space 32256K, 99% used [0x00000000f5580000,0x00000000f74ffff0,0x00000000f7500000)
  from space 24576K, 0% used [0x00000000f7500000,0x00000000f7500000,0x00000000f8d00000)
  to   space 24064K, 0% used [0x00000000f8d80000,0x00000000f8d80000,0x00000000fa500000)
 ParOldGen       total 349696K, used 349695K [0x00000000e0000000, 0x00000000f5580000, 0x00000000f5580000)
  object space 349696K, 99% used [0x00000000e0000000,0x00000000f557fff8,0x00000000f5580000)
 Metaspace       used 55495K, committed 56384K, reserved 1105920K
  class space    used 5465K, committed 5824K, reserved 1048576K
}
Event: 886.429 GC heap after
{Heap after GC invocations=1672 (full 1587):
 PSYoungGen      total 56320K, used 32255K [0x00000000f5580000, 0x00000000fa680000, 0x0000000100000000)
  eden space 32256K, 99% used [0x00000000f5580000,0x00000000f74ffff0,0x00000000f7500000)
  from space 24064K, 0% used [0x00000000f8d80000,0x00000000f8d80000,0x00000000fa500000)
  to   space 24576K, 0% used [0x00000000f7500000,0x00000000f7500000,0x00000000f8d00000)
 ParOldGen       total 349696K, used 349695K [0x00000000e0000000, 0x00000000f5580000, 0x00000000f5580000)
  object space 349696K, 99% used [0x00000000e0000000,0x00000000f557fff8,0x00000000f5580000)
 Metaspace       used 55495K, committed 56384K, reserved 1105920K
  class space    used 5465K, committed 5824K, reserved 1048576K
}
Event: 886.429 GC heap before
{Heap before GC invocations=1673 (full 1588):
 PSYoungGen      total 56320K, used 32255K [0x00000000f5580000, 0x00000000fa680000, 0x0000000100000000)
  eden space 32256K, 99% used [0x00000000f5580000,0x00000000f74ffff0,0x00000000f7500000)
  from space 24064K, 0% used [0x00000000f8d80000,0x00000000f8d80000,0x00000000fa500000)
  to   space 24576K, 0% used [0x00000000f7500000,0x00000000f7500000,0x00000000f8d00000)
 ParOldGen       total 349696K, used 349695K [0x00000000e0000000, 0x00000000f5580000, 0x00000000f5580000)
  object space 349696K, 99% used [0x00000000e0000000,0x00000000f557fff8,0x00000000f5580000)
 Metaspace       used 55495K, committed 56384K, reserved 1105920K
  class space    used 5465K, committed 5824K, reserved 1048576K
}
Event: 886.962 GC heap after
{Heap after GC invocations=1673 (full 1588):
 PSYoungGen      total 56832K, used 32255K [0x00000000f5580000, 0x00000000fa680000, 0x0000000100000000)
  eden space 32256K, 99% used [0x00000000f5580000,0x00000000f74ffff0,0x00000000f7500000)
  from space 24576K, 0% used [0x00000000f7500000,0x00000000f7500000,0x00000000f8d00000)
  to   space 24064K, 0% used [0x00000000f8d80000,0x00000000f8d80000,0x00000000fa500000)
 ParOldGen       total 349696K, used 349695K [0x00000000e0000000, 0x00000000f5580000, 0x00000000f5580000)
  object space 349696K, 99% used [0x00000000e0000000,0x00000000f557fff8,0x00000000f5580000)
 Metaspace       used 55495K, committed 56384K, reserved 1105920K
  class space    used 5465K, committed 5824K, reserved 1048576K
}
Event: 886.963 GC heap before
{Heap before GC invocations=1674 (full 1589):
 PSYoungGen      total 56832K, used 32255K [0x00000000f5580000, 0x00000000fa680000, 0x0000000100000000)
  eden space 32256K, 99% used [0x00000000f5580000,0x00000000f74ffff0,0x00000000f7500000)
  from space 24576K, 0% used [0x00000000f7500000,0x00000000f7500000,0x00000000f8d00000)
  to   space 24064K, 0% used [0x00000000f8d80000,0x00000000f8d80000,0x00000000fa500000)
 ParOldGen       total 349696K, used 349695K [0x00000000e0000000, 0x00000000f5580000, 0x00000000f5580000)
  object space 349696K, 99% used [0x00000000e0000000,0x00000000f557fff8,0x00000000f5580000)
 Metaspace       used 55495K, committed 56384K, reserved 1105920K
  class space    used 5465K, committed 5824K, reserved 1048576K
}
Event: 887.447 GC heap after
{Heap after GC invocations=1674 (full 1589):
 PSYoungGen      total 56320K, used 32255K [0x00000000f5580000, 0x00000000fa680000, 0x0000000100000000)
  eden space 32256K, 99% used [0x00000000f5580000,0x00000000f74ffff0,0x00000000f7500000)
  from space 24064K, 0% used [0x00000000f8d80000,0x00000000f8d80000,0x00000000fa500000)
  to   space 24576K, 0% used [0x00000000f7500000,0x00000000f7500000,0x00000000f8d00000)
 ParOldGen       total 349696K, used 349695K [0x00000000e0000000, 0x00000000f5580000, 0x00000000f5580000)
  object space 349696K, 99% used [0x00000000e0000000,0x00000000f557fff8,0x00000000f5580000)
 Metaspace       used 55495K, committed 56384K, reserved 1105920K
  class space    used 5465K, committed 5824K, reserved 1048576K
}
Event: 887.447 GC heap before
{Heap before GC invocations=1675 (full 1590):
 PSYoungGen      total 56320K, used 32255K [0x00000000f5580000, 0x00000000fa680000, 0x0000000100000000)
  eden space 32256K, 99% used [0x00000000f5580000,0x00000000f74ffff0,0x00000000f7500000)
  from space 24064K, 0% used [0x00000000f8d80000,0x00000000f8d80000,0x00000000fa500000)
  to   space 24576K, 0% used [0x00000000f7500000,0x00000000f7500000,0x00000000f8d00000)
 ParOldGen       total 349696K, used 349695K [0x00000000e0000000, 0x00000000f5580000, 0x00000000f5580000)
  object space 349696K, 99% used [0x00000000e0000000,0x00000000f557fff8,0x00000000f5580000)
 Metaspace       used 55495K, committed 56384K, reserved 1105920K
  class space    used 5465K, committed 5824K, reserved 1048576K
}
Event: 887.979 GC heap after
{Heap after GC invocations=1675 (full 1590):
 PSYoungGen      total 56832K, used 32255K [0x00000000f5580000, 0x00000000fa680000, 0x0000000100000000)
  eden space 32256K, 99% used [0x00000000f5580000,0x00000000f74ffff0,0x00000000f7500000)
  from space 24576K, 0% used [0x00000000f7500000,0x00000000f7500000,0x00000000f8d00000)
  to   space 24064K, 0% used [0x00000000f8d80000,0x00000000f8d80000,0x00000000fa500000)
 ParOldGen       total 349696K, used 349695K [0x00000000e0000000, 0x00000000f5580000, 0x00000000f5580000)
  object space 349696K, 99% used [0x00000000e0000000,0x00000000f557fff8,0x00000000f5580000)
 Metaspace       used 55495K, committed 56384K, reserved 1105920K
  class space    used 5465K, committed 5824K, reserved 1048576K
}
Event: 887.980 GC heap before
{Heap before GC invocations=1676 (full 1591):
 PSYoungGen      total 56832K, used 32256K [0x00000000f5580000, 0x00000000fa680000, 0x0000000100000000)
  eden space 32256K, 100% used [0x00000000f5580000,0x00000000f7500000,0x00000000f7500000)
  from space 24576K, 0% used [0x00000000f7500000,0x00000000f7500000,0x00000000f8d00000)
  to   space 24064K, 0% used [0x00000000f8d80000,0x00000000f8d80000,0x00000000fa500000)
 ParOldGen       total 349696K, used 349695K [0x00000000e0000000, 0x00000000f5580000, 0x00000000f5580000)
  object space 349696K, 99% used [0x00000000e0000000,0x00000000f557fff8,0x00000000f5580000)
 Metaspace       used 55495K, committed 56384K, reserved 1105920K
  class space    used 5465K, committed 5824K, reserved 1048576K
}
Event: 888.493 GC heap after
{Heap after GC invocations=1676 (full 1591):
 PSYoungGen      total 56320K, used 32255K [0x00000000f5580000, 0x00000000fa680000, 0x0000000100000000)
  eden space 32256K, 99% used [0x00000000f5580000,0x00000000f74ffd40,0x00000000f7500000)
  from space 24064K, 0% used [0x00000000f8d80000,0x00000000f8d80000,0x00000000fa500000)
  to   space 24576K, 0% used [0x00000000f7500000,0x00000000f7500000,0x00000000f8d00000)
 ParOldGen       total 349696K, used 349695K [0x00000000e0000000, 0x00000000f5580000, 0x00000000f5580000)
  object space 349696K, 99% used [0x00000000e0000000,0x00000000f557ffa0,0x00000000f5580000)
 Metaspace       used 55495K, committed 56384K, reserved 1105920K
  class space    used 5465K, committed 5824K, reserved 1048576K
}
Event: 888.493 GC heap before
{Heap before GC invocations=1677 (full 1592):
 PSYoungGen      total 56320K, used 32255K [0x00000000f5580000, 0x00000000fa680000, 0x0000000100000000)
  eden space 32256K, 99% used [0x00000000f5580000,0x00000000f74ffe58,0x00000000f7500000)
  from space 24064K, 0% used [0x00000000f8d80000,0x00000000f8d80000,0x00000000fa500000)
  to   space 24576K, 0% used [0x00000000f7500000,0x00000000f7500000,0x00000000f8d00000)
 ParOldGen       total 349696K, used 349695K [0x00000000e0000000, 0x00000000f5580000, 0x00000000f5580000)
  object space 349696K, 99% used [0x00000000e0000000,0x00000000f557ffa0,0x00000000f5580000)
 Metaspace       used 55495K, committed 56384K, reserved 1105920K
  class space    used 5465K, committed 5824K, reserved 1048576K
}
Event: 889.059 GC heap after
{Heap after GC invocations=1677 (full 1592):
 PSYoungGen      total 56832K, used 32255K [0x00000000f5580000, 0x00000000fa680000, 0x0000000100000000)
  eden space 32256K, 99% used [0x00000000f5580000,0x00000000f74ffd58,0x00000000f7500000)
  from space 24576K, 0% used [0x00000000f7500000,0x00000000f7500000,0x00000000f8d00000)
  to   space 24064K, 0% used [0x00000000f8d80000,0x00000000f8d80000,0x00000000fa500000)
 ParOldGen       total 349696K, used 349695K [0x00000000e0000000, 0x00000000f5580000, 0x00000000f5580000)
  object space 349696K, 99% used [0x00000000e0000000,0x00000000f557ffa0,0x00000000f5580000)
 Metaspace       used 55495K, committed 56384K, reserved 1105920K
  class space    used 5465K, committed 5824K, reserved 1048576K
}
Event: 889.059 GC heap before
{Heap before GC invocations=1678 (full 1593):
 PSYoungGen      total 56832K, used 32255K [0x00000000f5580000, 0x00000000fa680000, 0x0000000100000000)
  eden space 32256K, 99% used [0x00000000f5580000,0x00000000f74ffd58,0x00000000f7500000)
  from space 24576K, 0% used [0x00000000f7500000,0x00000000f7500000,0x00000000f8d00000)
  to   space 24064K, 0% used [0x00000000f8d80000,0x00000000f8d80000,0x00000000fa500000)
 ParOldGen       total 349696K, used 349695K [0x00000000e0000000, 0x00000000f5580000, 0x00000000f5580000)
  object space 349696K, 99% used [0x00000000e0000000,0x00000000f557ffa0,0x00000000f5580000)
 Metaspace       used 55495K, committed 56384K, reserved 1105920K
  class space    used 5465K, committed 5824K, reserved 1048576K
}
Event: 889.635 GC heap after
{Heap after GC invocations=1678 (full 1593):
 PSYoungGen      total 56320K, used 32255K [0x00000000f5580000, 0x00000000fa680000, 0x0000000100000000)
  eden space 32256K, 99% used [0x00000000f5580000,0x00000000f74ffd58,0x00000000f7500000)
  from space 24064K, 0% used [0x00000000f8d80000,0x00000000f8d80000,0x00000000fa500000)
  to   space 24576K, 0% used [0x00000000f7500000,0x00000000f7500000,0x00000000f8d00000)
 ParOldGen       total 349696K, used 349695K [0x00000000e0000000, 0x00000000f5580000, 0x00000000f5580000)
  object space 349696K, 99% used [0x00000000e0000000,0x00000000f557ffa0,0x00000000f5580000)
 Metaspace       used 55495K, committed 56384K, reserved 1105920K
  class space    used 5465K, committed 5824K, reserved 1048576K
}

Dll operation events (10 events):
Event: 0.004 Loaded shared library /nix/store/gpxl5qgg8kicmcvivwmybwjlpf7wh20l-graalvm17-ce-22.3.0/lib/libjava.so
Event: 0.019 Loaded shared library /nix/store/gpxl5qgg8kicmcvivwmybwjlpf7wh20l-graalvm17-ce-22.3.0/lib/libjsvml.so
Event: 0.115 Loaded shared library /nix/store/gpxl5qgg8kicmcvivwmybwjlpf7wh20l-graalvm17-ce-22.3.0/lib/libnio.so
Event: 0.120 Loaded shared library /nix/store/gpxl5qgg8kicmcvivwmybwjlpf7wh20l-graalvm17-ce-22.3.0/lib/libzip.so
Event: 0.128 Loaded shared library /nix/store/gpxl5qgg8kicmcvivwmybwjlpf7wh20l-graalvm17-ce-22.3.0/lib/libjvmcicompiler.so
Event: 0.275 Loaded shared library /nix/store/gpxl5qgg8kicmcvivwmybwjlpf7wh20l-graalvm17-ce-22.3.0/lib/libjimage.so
Event: 0.742 Loaded shared library /nix/store/gpxl5qgg8kicmcvivwmybwjlpf7wh20l-graalvm17-ce-22.3.0/lib/libnet.so
Event: 1.127 Loaded shared library /home/runner/.cache/jdt-language-server/config/org.eclipse.equinox.launcher/org.eclipse.equinox.launcher.gtk.linux.x86_64_1.2.400.v20211117-0650/eclipse_11600.so
Event: 4.771 Loaded shared library /nix/store/gpxl5qgg8kicmcvivwmybwjlpf7wh20l-graalvm17-ce-22.3.0/lib/libmanagement.so
Event: 4.778 Loaded shared library /nix/store/gpxl5qgg8kicmcvivwmybwjlpf7wh20l-graalvm17-ce-22.3.0/lib/libmanagement_ext.so

Deoptimization events (20 events):
Event: 881.235 Thread 0x00007fa99c62a310 DEOPT PACKING pc=0x00007fa9f71d512f sp=0x00007fa9b45fe550
Event: 881.235 Thread 0x00007fa99c62a310 DEOPT UNPACKING pc=0x00007fa9ef505325 sp=0x00007fa9b45fda28 mode 3
Event: 882.279 Thread 0x00007fa9900010d0 Uncommon trap: trap_request=0xffffff8f fr.pc=0x00007fa9f6f98494 relative=0x0000000000000274
Event: 882.279 Thread 0x00007fa9900010d0 Uncommon trap: reason=constraint action=none pc=0x00007fa9f6f98494 method=java.lang.StringLatin1.newString([BII)Ljava/lang/String; @ 0 jvmci
Event: 882.279 Thread 0x00007fa9900010d0 DEOPT PACKING pc=0x00007fa9f6f98494 sp=0x00007fa9b47fe4b0
Event: 882.279 Thread 0x00007fa9900010d0 DEOPT UNPACKING pc=0x00007fa9ef505325 sp=0x00007fa9b47fd940 mode 3
Event: 883.299 Thread 0x00007fa99c403a00 Uncommon trap: trap_request=0xffffff8f fr.pc=0x00007fa9f705dff7 relative=0x00000000000000d7
Event: 883.299 Thread 0x00007fa99c403a00 Uncommon trap: reason=constraint action=none pc=0x00007fa9f705dff7 method=java.util.ArrayList.iterator()Ljava/util/Iterator; @ 0 jvmci
Event: 883.299 Thread 0x00007fa99c403a00 DEOPT PACKING pc=0x00007fa9f705dff7 sp=0x00007fa9ec1fe910
Event: 883.299 Thread 0x00007fa99c403a00 DEOPT UNPACKING pc=0x00007fa9ef505325 sp=0x00007fa9ec1fddb8 mode 3
Event: 884.379 Thread 0x00007fa9781e8b60 DEOPT PACKING pc=0x00007fa9f70bd4e8 sp=0x00007fa9ec4fd590
Event: 884.379 Thread 0x00007fa9781e8b60 DEOPT UNPACKING pc=0x00007fa9ef505325 sp=0x00007fa9ec4fc9e8 mode 1
Event: 884.379 Thread 0x00007fa9781e8b60 DEOPT PACKING pc=0x00007fa9f70a9810 sp=0x00007fa9ec4fd5e0
Event: 884.379 Thread 0x00007fa9781e8b60 DEOPT UNPACKING pc=0x00007fa9ef505325 sp=0x00007fa9ec4fc8f0 mode 1
Event: 884.379 Thread 0x00007fa9781e8b60 DEOPT PACKING pc=0x00007fa9f70ac7ac sp=0x00007fa9ec4fd620
Event: 884.379 Thread 0x00007fa9781e8b60 DEOPT UNPACKING pc=0x00007fa9ef505325 sp=0x00007fa9ec4fc938 mode 1
Event: 886.962 Thread 0x00007fa9900010d0 Uncommon trap: trap_request=0xffffff8f fr.pc=0x00007fa9f6f984b0 relative=0x0000000000000290
Event: 886.962 Thread 0x00007fa9900010d0 Uncommon trap: reason=constraint action=none pc=0x00007fa9f6f984b0 method=java.util.Arrays.copyOfRange([BII)[B @ 61 jvmci
Event: 887.980 Thread 0x00007fa9900010d0 DEOPT PACKING pc=0x00007fa9f6f984b0 sp=0x00007fa9b47fe4b0
Event: 887.980 Thread 0x00007fa9900010d0 DEOPT UNPACKING pc=0x00007fa9ef505325 sp=0x00007fa9b47fd8b0 mode 1

Classes unloaded (20 events):
Event: 113.313 Thread 0x00007faa080c2780 Unloading class 0x0000000800d99400 'java/lang/invoke/LambdaForm$MH+0x0000000800d99400'
Event: 113.313 Thread 0x00007faa080c2780 Unloading class 0x0000000800d99000 'java/lang/invoke/LambdaForm$MH+0x0000000800d99000'
Event: 113.313 Thread 0x00007faa080c2780 Unloading class 0x0000000800d98c00 'java/lang/invoke/LambdaForm$MH+0x0000000800d98c00'
Event: 113.313 Thread 0x00007faa080c2780 Unloading class 0x0000000800d98800 'java/lang/invoke/LambdaForm$MH+0x0000000800d98800'
Event: 113.313 Thread 0x00007faa080c2780 Unloading class 0x0000000800d98400 'java/lang/invoke/LambdaForm$MH+0x0000000800d98400'
Event: 113.313 Thread 0x00007faa080c2780 Unloading class 0x0000000800d98000 'java/lang/invoke/LambdaForm$MH+0x0000000800d98000'
Event: 113.313 Thread 0x00007faa080c2780 Unloading class 0x0000000800cb2800 'java/lang/invoke/LambdaForm$MH+0x0000000800cb2800'
Event: 113.313 Thread 0x00007faa080c2780 Unloading class 0x0000000800cb2000 'java/lang/invoke/LambdaForm$MH+0x0000000800cb2000'
Event: 113.313 Thread 0x00007faa080c2780 Unloading class 0x0000000800cb1c00 'java/lang/invoke/LambdaForm$MH+0x0000000800cb1c00'
Event: 113.313 Thread 0x00007faa080c2780 Unloading class 0x0000000800cb1800 'java/lang/invoke/LambdaForm$MH+0x0000000800cb1800'
Event: 113.313 Thread 0x00007faa080c2780 Unloading class 0x0000000800cb1000 'java/lang/invoke/LambdaForm$MH+0x0000000800cb1000'
Event: 113.313 Thread 0x00007faa080c2780 Unloading class 0x0000000800cb0c00 'java/lang/invoke/LambdaForm$MH+0x0000000800cb0c00'
Event: 113.313 Thread 0x00007faa080c2780 Unloading class 0x0000000800cb0800 'java/lang/invoke/LambdaForm$MH+0x0000000800cb0800'
Event: 113.313 Thread 0x00007faa080c2780 Unloading class 0x0000000800cb0000 'java/lang/invoke/LambdaForm$MH+0x0000000800cb0000'
Event: 113.313 Thread 0x00007faa080c2780 Unloading class 0x0000000800c85000 'jdk/internal/reflect/GeneratedMethodAccessor5'
Event: 113.313 Thread 0x00007faa080c2780 Unloading class 0x0000000800c84c00 'jdk/internal/reflect/GeneratedMethodAccessor4'
Event: 113.313 Thread 0x00007faa080c2780 Unloading class 0x0000000800c84800 'jdk/internal/reflect/GeneratedMethodAccessor3'
Event: 113.313 Thread 0x00007faa080c2780 Unloading class 0x0000000800c84400 'jdk/internal/reflect/GeneratedMethodAccessor2'
Event: 113.313 Thread 0x00007faa080c2780 Unloading class 0x0000000800c84000 'jdk/internal/reflect/GeneratedMethodAccessor1'
Event: 113.313 Thread 0x00007faa080c2780 Unloading class 0x0000000800c01c00 'java/lang/invoke/LambdaForm$DMH+0x0000000800c01c00'

Classes redefined (0 events):
No events

Internal exceptions (20 events):
Event: 113.656 Thread 0x00007faa08408a60 Implicit null exception at 0x00007fa9f70518a7 to 0x00007fa9f705195a
Event: 113.697 Thread 0x00007fa9781e8b60 Implicit null exception at 0x00007fa9f714e057 to 0x00007fa9f714e1a3
Event: 867.090 Thread 0x00007fa99c62a310 Exception <a 'java/lang/OutOfMemoryError'{0x00000000e04410e8}> (0x00000000e04410e8) 
thrown [src/hotspot/share/gc/shared/memAllocator.cpp, line 138]
Event: 867.090 Thread 0x00007fa99c62a310 Implicit null exception at 0x00007fa9f71d4bb0 to 0x00007fa9f71d5114
Event: 868.504 Thread 0x00007fa99c62a310 Exception <a 'java/lang/OutOfMemoryError'{0x00000000e0440b48}> (0x00000000e0440b48) 
thrown [src/hotspot/share/gc/shared/memAllocator.cpp, line 138]
Event: 868.504 Thread 0x00007fa99c62a310 Implicit null exception at 0x00007fa9f71db86d to 0x00007fa9f71db8f9
Event: 880.210 Thread 0x00007fa9781e8b60 Exception <a 'java/lang/OutOfMemoryError'{0x00000000e04405a8}> (0x00000000e04405a8) 
thrown [src/hotspot/share/gc/shared/memAllocator.cpp, line 138]
Event: 880.210 Thread 0x00007fa9781e8b60 Implicit null exception at 0x00007fa9f70bf4f2 to 0x00007fa9f70bfb93
Event: 881.235 Thread 0x00007fa99c62a310 Exception <a 'java/lang/OutOfMemoryError'{0x00000000e04405a8}> (0x00000000e04405a8) 
thrown [src/hotspot/share/gc/shared/memAllocator.cpp, line 138]
Event: 881.235 Thread 0x00007fa99c62a310 Implicit null exception at 0x00007fa9f71d4bb0 to 0x00007fa9f71d5114
Event: 882.279 Thread 0x00007fa9900010d0 Exception <a 'java/lang/OutOfMemoryError'{0x00000000e04405a8}> (0x00000000e04405a8) 
thrown [src/hotspot/share/gc/shared/memAllocator.cpp, line 138]
Event: 882.279 Thread 0x00007fa9900010d0 Implicit null exception at 0x00007fa9f6f983af to 0x00007fa9f6f98479
Event: 883.298 Thread 0x00007fa99c403a00 Exception <a 'java/lang/OutOfMemoryError'{0x00000000e04405a8}> (0x00000000e04405a8) 
thrown [src/hotspot/share/gc/shared/memAllocator.cpp, line 138]
Event: 883.299 Thread 0x00007fa99c403a00 Implicit null exception at 0x00007fa9f705dfd8 to 0x00007fa9f705dfdc
Event: 884.379 Thread 0x00007fa9781e8b60 Exception <a 'java/lang/OutOfMemoryError'{0x00000000e04408c8}> (0x00000000e04408c8) 
thrown [src/hotspot/share/gc/shared/memAllocator.cpp, line 136]
Event: 886.962 Thread 0x00007fa9900010d0 Exception <a 'java/lang/OutOfMemoryError'{0x00000000e04405a8}> (0x00000000e04405a8) 
thrown [src/hotspot/share/gc/shared/memAllocator.cpp, line 138]
Event: 886.962 Thread 0x00007fa9900010d0 Implicit null exception at 0x00007fa9f6f983cd to 0x00007fa9f6f98495
Event: 887.980 Thread 0x00007fa9900010d0 Exception <a 'java/lang/OutOfMemoryError'{0x00000000e04408c8}> (0x00000000e04408c8) 
thrown [src/hotspot/share/gc/shared/memAllocator.cpp, line 136]
Event: 887.980 Thread 0x00007fa9900010d0 Exception <a 'java/lang/OutOfMemoryError'{0x00000000e0440628}> (0x00000000e0440628) 
thrown [src/hotspot/share/runtime/deoptimization.cpp, line 1108]
Event: 889.636 Thread 0x00007faa080d2d60 Exception <a 'java/lang/OutOfMemoryError'{0x00000000e04408c8}> (0x00000000e04408c8) 
thrown [src/hotspot/share/gc/shared/memAllocator.cpp, line 136]

VM Operations (20 events):
Event: 882.278 Executing VM operation: ParallelGCFailedAllocation done
Event: 882.279 Executing VM operation: ParallelGCFailedAllocation
Event: 883.298 Executing VM operation: ParallelGCFailedAllocation done
Event: 883.299 Executing VM operation: ParallelGCFailedAllocation
Event: 884.379 Executing VM operation: ParallelGCFailedAllocation done
Event: 884.379 Executing VM operation: ParallelGCFailedAllocation
Event: 884.859 Executing VM operation: ParallelGCFailedAllocation done
Event: 884.859 Executing VM operation: ParallelGCFailedAllocation
Event: 885.391 Executing VM operation: ParallelGCFailedAllocation done
Event: 885.391 Executing VM operation: ParallelGCFailedAllocation
Event: 885.897 Executing VM operation: ParallelGCFailedAllocation done
Event: 885.897 Executing VM operation: ParallelGCFailedAllocation
Event: 886.962 Executing VM operation: ParallelGCFailedAllocation done
Event: 886.962 Executing VM operation: ParallelGCFailedAllocation
Event: 887.980 Executing VM operation: ParallelGCFailedAllocation done
Event: 887.980 Executing VM operation: ParallelGCFailedAllocation
Event: 888.493 Executing VM operation: ParallelGCFailedAllocation done
Event: 888.493 Executing VM operation: ParallelGCFailedAllocation
Event: 889.636 Executing VM operation: ParallelGCFailedAllocation done
Event: 889.636 Executing VM operation: ParallelGCFailedAllocation

Events (20 events):
Event: 70.214 Thread 0x00007fa9846d9fc0 Thread exited: 0x00007fa9846d9fc0
Event: 75.577 Thread 0x00007fa98471d2d0 Thread exited: 0x00007fa98471d2d0
Event: 82.747 Thread 0x00007fa9781e1d10 Thread added: 0x00007fa9781e1d10
Event: 82.747 Protecting memory [0x00007fa9ec800000,0x00007fa9ec804000] with protection modes 0
Event: 113.660 Thread 0x00007fa9781e8b60 Thread added: 0x00007fa9781e8b60
Event: 113.661 Protecting memory [0x00007fa9ec400000,0x00007fa9ec404000] with protection modes 0
Event: 568.278 Thread 0x00007faa080d56c0 flushing nmethod 0x00007fa9f7198710
Event: 568.278 Thread 0x00007faa080d56c0 flushing nmethod 0x00007fa9f71b0910
Event: 568.279 Thread 0x00007faa080d56c0 flushing nmethod 0x00007fa9efb26210
Event: 568.281 Thread 0x00007faa080d56c0 flushing nmethod 0x00007fa9efe09b90
Event: 568.283 Thread 0x00007faa080d56c0 flushing nmethod 0x00007fa9f0095090
Event: 568.283 Thread 0x00007faa080d56c0 flushing nmethod 0x00007fa9f00b0190
Event: 570.912 Thread 0x00007faa080d56c0 flushing nmethod 0x00007fa9f02a5a10
Event: 570.913 Thread 0x00007faa080d56c0 flushing nmethod 0x00007fa9f02d9210
Event: 574.177 Thread 0x00007faa080d56c0 flushing nmethod 0x00007fa9f05fef10
Event: 574.177 Thread 0x00007faa080d56c0 flushing nmethod 0x00007fa9f077a010
Event: 574.177 Thread 0x00007faa080d56c0 flushing nmethod 0x00007fa9f078bf10
Event: 574.178 Thread 0x00007faa080d56c0 flushing nmethod 0x00007fa9f07d0510
Event: 884.379 loading class java/nio/file/DirectoryIteratorException
Event: 884.379 loading class java/util/ConcurrentModificationException


Dynamic libraries:
e0000000-f4600000 rw-p 00000000 00:00 0 
f4600000-fa680000 rw-p 00000000 00:00 0 
fa680000-100000000 ---p 00000000 00:00 0 
800000000-800449000 rw-p 00001000 00:10f8 707969865                      /nix/store/gpxl5qgg8kicmcvivwmybwjlpf7wh20l-graalvm17-ce-22.3.0/lib/server/classes.jsa
800449000-800bc8000 r--p 0044a000 00:10f8 707969865                      /nix/store/gpxl5qgg8kicmcvivwmybwjlpf7wh20l-graalvm17-ce-22.3.0/lib/server/classes.jsa
800bc8000-800c00000 ---p 00000000 00:00 0 
800c00000-800c10000 rw-p 00000000 00:00 0 
800c10000-800c30000 rw-p 00000000 00:00 0 
800c30000-800cb0000 rw-p 00000000 00:00 0 
800cb0000-800cf0000 rw-p 00000000 00:00 0 
800cf0000-800db0000 rw-p 00000000 00:00 0 
800db0000-800df0000 rw-p 00000000 00:00 0 
800df0000-801030000 rw-p 00000000 00:00 0 
801030000-801050000 rw-p 00000000 00:00 0 
801050000-801080000 ---p 00000000 00:00 0 
801080000-8011e0000 rw-p 00000000 00:00 0 
8011e0000-840c00000 ---p 00000000 00:00 0 
558f594d2000-558f594d3000 r-xp 00000000 00:10f8 672029940                /nix/store/gpxl5qgg8kicmcvivwmybwjlpf7wh20l-graalvm17-ce-22.3.0/bin/.java-wrapped
558f594d4000-558f594d5000 r--p 00001000 00:10f8 672029940                /nix/store/gpxl5qgg8kicmcvivwmybwjlpf7wh20l-graalvm17-ce-22.3.0/bin/.java-wrapped
558f594d5000-558f594d6000 rw-p 00002000 00:10f8 672029940                /nix/store/gpxl5qgg8kicmcvivwmybwjlpf7wh20l-graalvm17-ce-22.3.0/bin/.java-wrapped
558f594d6000-558f594d7000 rw-p 00004000 00:10f8 672029940                /nix/store/gpxl5qgg8kicmcvivwmybwjlpf7wh20l-graalvm17-ce-22.3.0/bin/.java-wrapped
558f594d7000-558f594d8000 rw-p 00005000 00:10f8 672029940                /nix/store/gpxl5qgg8kicmcvivwmybwjlpf7wh20l-graalvm17-ce-22.3.0/bin/.java-wrapped
558f5b376000-558f5b3be000 rw-p 00000000 00:00 0                          [heap]
7fa95c000000-7fa95c0b9000 rw-p 00000000 00:00 0 
7fa95c0b9000-7fa960000000 ---p 00000000 00:00 0 
7fa9624b3000-7fa96c000000 r--s 00000000 00:10f8 707804677                /nix/store/gpxl5qgg8kicmcvivwmybwjlpf7wh20l-graalvm17-ce-22.3.0/lib/modules
7fa96c000000-7fa96c03f000 rw-p 00000000 00:00 0 
7fa96c03f000-7fa970000000 ---p 00000000 00:00 0 
7fa972000000-7fa972190000 rw-p 00000000 00:00 0 
7fa972190000-7fa972800000 ---p 00000000 00:00 0 
7fa972800000-7fa972970000 rw-p 00000000 00:00 0 
7fa972970000-7fa9729d0000 rw-p 00000000 00:00 0 
7fa9729d0000-7fa972a00000 ---p 00000000 00:00 0 
7fa972a00000-7fa972ff0000 rw-p 00000000 00:00 0 
7fa972ff0000-7fa973170000 rw-p 00000000 00:00 0 
7fa973170000-7fa9731f0000 rw-p 00000000 00:00 0 
7fa9731f0000-7fa973450000 rw-p 00000000 00:00 0 
7fa973450000-7fa9737f0000 rw-p 00000000 00:00 0 
7fa9737f0000-7fa974000000 rw-p 00000000 00:00 0 
7fa974000000-7fa974021000 rw-p 00000000 00:00 0 
7fa974021000-7fa978000000 ---p 00000000 00:00 0 
7fa978000000-7fa9781f3000 rw-p 00000000 00:00 0 
7fa9781f3000-7fa97c000000 ---p 00000000 00:00 0 
7fa97c000000-7fa97c1b6000 rw-p 00000000 00:00 0 
7fa97c1b6000-7fa980000000 ---p 00000000 00:00 0 
7fa980000000-7fa980021000 rw-p 00000000 00:00 0 
7fa980021000-7fa984000000 ---p 00000000 00:00 0 
7fa984000000-7fa984879000 rw-p 00000000 00:00 0 
7fa984879000-7fa988000000 ---p 00000000 00:00 0 
7fa988000000-7fa988021000 rw-p 00000000 00:00 0 
7fa988021000-7fa98c000000 ---p 00000000 00:00 0 
7fa98c000000-7fa98c021000 rw-p 00000000 00:00 0 
7fa98c021000-7fa990000000 ---p 00000000 00:00 0 
7fa990000000-7fa99013e000 rw-p 00000000 00:00 0 
7fa99013e000-7fa994000000 ---p 00000000 00:00 0 
7fa994000000-7fa994021000 rw-p 00000000 00:00 0 
7fa994021000-7fa998000000 ---p 00000000 00:00 0 
7fa998000000-7fa99813c000 rw-p 00000000 00:00 0 
7fa99813c000-7fa99c000000 ---p 00000000 00:00 0 
7fa99c000000-7fa99c689000 rw-p 00000000 00:00 0 
7fa99c689000-7fa9a0000000 ---p 00000000 00:00 0 
7fa9a0000000-7fa9a0022000 rw-p 00000000 00:00 0 
7fa9a0022000-7fa9a4000000 ---p 00000000 00:00 0 
7fa9a4000000-7fa9a4021000 rw-p 00000000 00:00 0 
7fa9a4021000-7fa9a8000000 ---p 00000000 00:00 0 
7fa9a8000000-7fa9a8021000 rw-p 00000000 00:00 0 
7fa9a8021000-7fa9ac000000 ---p 00000000 00:00 0 
7fa9ac000000-7fa9ac021000 rw-p 00000000 00:00 0 
7fa9ac021000-7fa9b0000000 ---p 00000000 00:00 0 
7fa9b0c00000-7fa9b0d70000 rw-p 00000000 00:00 0 
7fa9b0d70000-7fa9b0df0000 rw-p 00000000 00:00 0 
7fa9b0df0000-7fa9b0fb0000 rw-p 00000000 00:00 0 
7fa9b0fb0000-7fa9b0ff0000 rw-p 00000000 00:00 0 
7fa9b0ff0000-7fa9b11d0000 rw-p 00000000 00:00 0 
7fa9b11d0000-7fa9b11f0000 rw-p 00000000 00:00 0 
7fa9b11f0000-7fa9b12f0000 rw-p 00000000 00:00 0 
7fa9b12f0000-7fa9b13f0000 rw-p 00000000 00:00 0 
7fa9b13f0000-7fa9b14f0000 rw-p 00000000 00:00 0 
7fa9b14f0000-7fa9b15f0000 rw-p 00000000 00:00 0 
7fa9b15f0000-7fa9b1af0000 rw-p 00000000 00:00 0 
7fa9b1af0000-7fa9b1c00000 rw-p 00000000 00:00 0 
7fa9b1e00000-7fa9b1e10000 r-xp 00000000 00:10e4 388                      /home/runner/.cache/jdt-language-server/config/org.eclipse.equinox.launcher/org.eclipse.equinox.launcher.gtk.linux.x86_64_1.2.400.v20211117-0650/eclipse_11600.so
7fa9b1e10000-7fa9b200f000 ---p 00010000 00:10e4 388                      /home/runner/.cache/jdt-language-server/config/org.eclipse.equinox.launcher/org.eclipse.equinox.launcher.gtk.linux.x86_64_1.2.400.v20211117-0650/eclipse_11600.so
7fa9b200f000-7fa9b2010000 r--p 0000f000 00:10e4 388                      /home/runner/.cache/jdt-language-server/config/org.eclipse.equinox.launcher/org.eclipse.equinox.launcher.gtk.linux.x86_64_1.2.400.v20211117-0650/eclipse_11600.so
7fa9b2010000-7fa9b2011000 rw-p 00010000 00:10e4 388                      /home/runner/.cache/jdt-language-server/config/org.eclipse.equinox.launcher/org.eclipse.equinox.launcher.gtk.linux.x86_64_1.2.400.v20211117-0650/eclipse_11600.so
7fa9b20fe000-7fa9b20ff000 ---p 00000000 00:00 0 
7fa9b20ff000-7fa9b2200000 rw-p 00000000 00:00 0 
7fa9b2b00000-7fa9b2c00000 ---p 00000000 00:00 0 
7fa9b2c00000-7fa9b31af000 r--p 01122000 00:10f8 707802136                /nix/store/gpxl5qgg8kicmcvivwmybwjlpf7wh20l-graalvm17-ce-22.3.0/lib/libjvmcicompiler.so
7fa9b31af000-7fa9b3300000 r--p 00000000 00:00 0 
7fa9b3300000-7fa9b333d000 rw-p 00000000 00:00 0 
7fa9b333d000-7fa9b385d000 rw-p 0185f000 00:10f8 707802136                /nix/store/gpxl5qgg8kicmcvivwmybwjlpf7wh20l-graalvm17-ce-22.3.0/lib/libjvmcicompiler.so
7fa9b385d000-7fa9b3c44000 r--p 01d7f000 00:10f8 707802136                /nix/store/gpxl5qgg8kicmcvivwmybwjlpf7wh20l-graalvm17-ce-22.3.0/lib/libjvmcicompiler.so
7fa9b3d00000-7fa9b3d04000 ---p 00000000 00:00 0 
7fa9b3d04000-7fa9b3e00000 rw-p 00000000 00:00 0 
7fa9b3f00000-7fa9b3f04000 ---p 00000000 00:00 0 
7fa9b3f04000-7fa9b4000000 rw-p 00000000 00:00 0 
7fa9b4100000-7fa9b4104000 ---p 00000000 00:00 0 
7fa9b4104000-7fa9b4200000 rw-p 00000000 00:00 0 
7fa9b4300000-7fa9b4304000 ---p 00000000 00:00 0 
7fa9b4304000-7fa9b4400000 rw-p 00000000 00:00 0 
7fa9b4500000-7fa9b4504000 ---p 00000000 00:00 0 
7fa9b4504000-7fa9b4600000 rw-p 00000000 00:00 0 
7fa9b4700000-7fa9b4704000 ---p 00000000 00:00 0 
7fa9b4704000-7fa9b4800000 rw-p 00000000 00:00 0 
7fa9b4900000-7fa9b4904000 ---p 00000000 00:00 0 
7fa9b4904000-7fa9b4a00000 rw-p 00000000 00:00 0 
7fa9b5668000-7fa9b5b00000 rw-p 00000000 00:00 0 
7fa9b5c00000-7fa9b7d6a000 r-xp 00000000 00:10f8 707802136                /nix/store/gpxl5qgg8kicmcvivwmybwjlpf7wh20l-graalvm17-ce-22.3.0/lib/libjvmcicompiler.so
7fa9b7d6a000-7fa9b7f69000 ---p 0216a000 00:10f8 707802136                /nix/store/gpxl5qgg8kicmcvivwmybwjlpf7wh20l-graalvm17-ce-22.3.0/lib/libjvmcicompiler.so
7fa9b7f69000-7fa9b7f6a000 r--p 02169000 00:10f8 707802136                /nix/store/gpxl5qgg8kicmcvivwmybwjlpf7wh20l-graalvm17-ce-22.3.0/lib/libjvmcicompiler.so
7fa9b7f6a000-7fa9b7f6c000 rw-p 0216a000 00:10f8 707802136                /nix/store/gpxl5qgg8kicmcvivwmybwjlpf7wh20l-graalvm17-ce-22.3.0/lib/libjvmcicompiler.so
7fa9b7f6c000-7fa9b7f6d000 rw-p 00000000 00:00 0 
7fa9b7f6d000-7fa9b7f72000 rw-p 023c3000 00:10f8 707802136                /nix/store/gpxl5qgg8kicmcvivwmybwjlpf7wh20l-graalvm17-ce-22.3.0/lib/libjvmcicompiler.so
7fa9b8000000-7fa9b8021000 rw-p 00000000 00:00 0 
7fa9b8021000-7fa9bc000000 ---p 00000000 00:00 0 
7fa9bc000000-7fa9bc021000 rw-p 00000000 00:00 0 
7fa9bc021000-7fa9c0000000 ---p 00000000 00:00 0 
7fa9c0000000-7fa9c0059000 rw-p 00000000 00:00 0 
7fa9c0059000-7fa9c4000000 ---p 00000000 00:00 0 
7fa9c4000000-7fa9c4021000 rw-p 00000000 00:00 0 
7fa9c4021000-7fa9c8000000 ---p 00000000 00:00 0 
7fa9c8000000-7fa9c80f2000 rw-p 00000000 00:00 0 
7fa9c80f2000-7fa9cc000000 ---p 00000000 00:00 0 
7fa9cc000000-7fa9cc9ab000 rw-p 00000000 00:00 0 
7fa9cc9ab000-7fa9d0000000 ---p 00000000 00:00 0 
7fa9d0000000-7fa9d0021000 rw-p 00000000 00:00 0 
7fa9d0021000-7fa9d4000000 ---p 00000000 00:00 0 
7fa9d4000000-7fa9d4021000 rw-p 00000000 00:00 0 
7fa9d4021000-7fa9d8000000 ---p 00000000 00:00 0 
7fa9d8000000-7fa9d8021000 rw-p 00000000 00:00 0 
7fa9d8021000-7fa9dc000000 ---p 00000000 00:00 0 
7fa9dc000000-7fa9dc021000 rw-p 00000000 00:00 0 
7fa9dc021000-7fa9e0000000 ---p 00000000 00:00 0 
7fa9e0000000-7fa9e0026000 rw-p 00000000 00:00 0 
7fa9e0026000-7fa9e4000000 ---p 00000000 00:00 0 
7fa9e4000000-7fa9e4021000 rw-p 00000000 00:00 0 
7fa9e4021000-7fa9e8000000 ---p 00000000 00:00 0 
7fa9e8000000-7fa9e802c000 rw-p 00000000 00:00 0 
7fa9e802c000-7fa9ec000000 ---p 00000000 00:00 0 
7fa9ec100000-7fa9ec104000 ---p 00000000 00:00 0 
7fa9ec104000-7fa9ec200000 rw-p 00000000 00:00 0 
7fa9ec300000-7fa9ec304000 ---p 00000000 00:00 0 
7fa9ec304000-7fa9ec400000 rw-p 00000000 00:00 0 
7fa9ec400000-7fa9ec404000 ---p 00000000 00:00 0 
7fa9ec404000-7fa9ec500000 rw-p 00000000 00:00 0 
7fa9ec500000-7fa9ec504000 ---p 00000000 00:00 0 
7fa9ec504000-7fa9ec600000 rw-p 00000000 00:00 0 
7fa9ec700000-7fa9ec704000 ---p 00000000 00:00 0 
7fa9ec704000-7fa9ec800000 rw-p 00000000 00:00 0 
7fa9ec800000-7fa9ec804000 ---p 00000000 00:00 0 
7fa9ec804000-7fa9ec900000 rw-p 00000000 00:00 0 
7fa9ec900000-7fa9ec904000 ---p 00000000 00:00 0 
7fa9ec904000-7fa9eca00000 rw-p 00000000 00:00 0 
7fa9ecb00000-7fa9ecb04000 ---p 00000000 00:00 0 
7fa9ecb04000-7fa9ecc00000 rw-p 00000000 00:00 0 
7fa9ecd18000-7fa9ecd19000 ---p 00000000 00:00 0 
7fa9ecd19000-7fa9ece1a000 rw-p 00000000 00:00 0 
7fa9ece1a000-7fa9ece1e000 ---p 00000000 00:00 0 
7fa9ece1e000-7fa9ecf1a000 rw-p 00000000 00:00 0 
7fa9ecf1a000-7fa9ecf1e000 ---p 00000000 00:00 0 
7fa9ecf1e000-7fa9ed01a000 rw-p 00000000 00:00 0 
7fa9ed01a000-7fa9ed01e000 ---p 00000000 00:00 0 
7fa9ed01e000-7fa9ed11a000 rw-p 00000000 00:00 0 
7fa9ed11a000-7fa9ed11e000 ---p 00000000 00:00 0 
7fa9ed11e000-7fa9ed31a000 rw-p 00000000 00:00 0 
7fa9ed31a000-7fa9ed31e000 ---p 00000000 00:00 0 
7fa9ed31e000-7fa9ed51a000 rw-p 00000000 00:00 0 
7fa9ed51a000-7fa9ed51e000 ---p 00000000 00:00 0 
7fa9ed51e000-7fa9ed61a000 rw-p 00000000 00:00 0 
7fa9ed61a000-7fa9ed61e000 ---p 00000000 00:00 0 
7fa9ed61e000-7fa9ed71a000 rw-p 00000000 00:00 0 
7fa9ed71a000-7fa9ed71e000 ---p 00000000 00:00 0 
7fa9ed71e000-7fa9ed81a000 rw-p 00000000 00:00 0 
7fa9ed81a000-7fa9edb00000 r--p 00000000 00:fbf 28444448                  /usr/lib/locale/locale-archive
7fa9edb00000-7fa9edb04000 ---p 00000000 00:00 0 
7fa9edb04000-7fa9edff0000 rw-p 00000000 00:00 0 
7fa9edff0000-7fa9ee2f0000 rw-p 00000000 00:00 0 
7fa9ee2f0000-7fa9ee400000 rw-p 00000000 00:00 0 
7fa9ee4b3000-7fa9ef4b3000 rw-p 00000000 00:00 0 
7fa9ef4b3000-7fa9ef723000 rwxp 00000000 00:00 0 
7fa9ef723000-7fa9efa42000 ---p 00000000 00:00 0 
7fa9efa42000-7fa9f07f2000 rwxp 00000000 00:00 0 
7fa9f07f2000-7fa9f6f7a000 ---p 00000000 00:00 0 
7fa9f6f7a000-7fa9f71fa000 rwxp 00000000 00:00 0 
7fa9f71fa000-7fa9fe4b3000 ---p 00000000 00:00 0 
7fa9fe4b3000-7faa08000000 r--s 00000000 00:10f8 707804677                /nix/store/gpxl5qgg8kicmcvivwmybwjlpf7wh20l-graalvm17-ce-22.3.0/lib/modules
7faa08000000-7faa0840e000 rw-p 00000000 00:00 0 
7faa0840e000-7faa0c000000 ---p 00000000 00:00 0 
7faa0c01b000-7faa0c021000 r-xp 00000000 00:10f8 707804414                /nix/store/gpxl5qgg8kicmcvivwmybwjlpf7wh20l-graalvm17-ce-22.3.0/lib/libmanagement_ext.so
7faa0c021000-7faa0c022000 r--p 00005000 00:10f8 707804414                /nix/store/gpxl5qgg8kicmcvivwmybwjlpf7wh20l-graalvm17-ce-22.3.0/lib/libmanagement_ext.so
7faa0c022000-7faa0c023000 rw-p 00006000 00:10f8 707804414                /nix/store/gpxl5qgg8kicmcvivwmybwjlpf7wh20l-graalvm17-ce-22.3.0/lib/libmanagement_ext.so
7faa0c023000-7faa0c025000 rw-p 00009000 00:10f8 707804414                /nix/store/gpxl5qgg8kicmcvivwmybwjlpf7wh20l-graalvm17-ce-22.3.0/lib/libmanagement_ext.so
7faa0c025000-7faa0c029000 r-xp 00000000 00:10f8 707804412                /nix/store/gpxl5qgg8kicmcvivwmybwjlpf7wh20l-graalvm17-ce-22.3.0/lib/libmanagement.so
7faa0c029000-7faa0c02a000 r--p 00003000 00:10f8 707804412                /nix/store/gpxl5qgg8kicmcvivwmybwjlpf7wh20l-graalvm17-ce-22.3.0/lib/libmanagement.so
7faa0c02a000-7faa0c02b000 rw-p 00004000 00:10f8 707804412                /nix/store/gpxl5qgg8kicmcvivwmybwjlpf7wh20l-graalvm17-ce-22.3.0/lib/libmanagement.so
7faa0c02b000-7faa0c02d000 rw-p 00007000 00:10f8 707804412                /nix/store/gpxl5qgg8kicmcvivwmybwjlpf7wh20l-graalvm17-ce-22.3.0/lib/libmanagement.so
7faa0c02d000-7faa0c031000 ---p 00000000 00:00 0 
7faa0c031000-7faa0c04f000 rw-p 00000000 00:00 0 
7faa0c04f000-7faa0c056000 r-xp 00000000 00:10f8 707804676                /nix/store/gpxl5qgg8kicmcvivwmybwjlpf7wh20l-graalvm17-ce-22.3.0/lib/libzip.so
7faa0c056000-7faa0c057000 ---p 00007000 00:10f8 707804676                /nix/store/gpxl5qgg8kicmcvivwmybwjlpf7wh20l-graalvm17-ce-22.3.0/lib/libzip.so
7faa0c057000-7faa0c058000 r--p 00007000 00:10f8 707804676                /nix/store/gpxl5qgg8kicmcvivwmybwjlpf7wh20l-graalvm17-ce-22.3.0/lib/libzip.so
7faa0c058000-7faa0c059000 rw-p 00008000 00:10f8 707804676                /nix/store/gpxl5qgg8kicmcvivwmybwjlpf7wh20l-graalvm17-ce-22.3.0/lib/libzip.so
7faa0c059000-7faa0c05b000 rw-p 0000b000 00:10f8 707804676                /nix/store/gpxl5qgg8kicmcvivwmybwjlpf7wh20l-graalvm17-ce-22.3.0/lib/libzip.so
7faa0c05b000-7faa0c070000 r-xp 00000000 00:10f8 707804666                /nix/store/gpxl5qgg8kicmcvivwmybwjlpf7wh20l-graalvm17-ce-22.3.0/lib/libnet.so
7faa0c070000-7faa0c071000 ---p 00015000 00:10f8 707804666                /nix/store/gpxl5qgg8kicmcvivwmybwjlpf7wh20l-graalvm17-ce-22.3.0/lib/libnet.so
7faa0c071000-7faa0c072000 r--p 00015000 00:10f8 707804666                /nix/store/gpxl5qgg8kicmcvivwmybwjlpf7wh20l-graalvm17-ce-22.3.0/lib/libnet.so
7faa0c072000-7faa0c073000 rw-p 00016000 00:10f8 707804666                /nix/store/gpxl5qgg8kicmcvivwmybwjlpf7wh20l-graalvm17-ce-22.3.0/lib/libnet.so
7faa0c073000-7faa0c076000 rw-p 0001b000 00:10f8 707804666                /nix/store/gpxl5qgg8kicmcvivwmybwjlpf7wh20l-graalvm17-ce-22.3.0/lib/libnet.so
7faa0c076000-7faa0c089000 r-xp 00000000 00:10f8 707804667                /nix/store/gpxl5qgg8kicmcvivwmybwjlpf7wh20l-graalvm17-ce-22.3.0/lib/libnio.so
7faa0c089000-7faa0c08a000 r--p 00012000 00:10f8 707804667                /nix/store/gpxl5qgg8kicmcvivwmybwjlpf7wh20l-graalvm17-ce-22.3.0/lib/libnio.so
7faa0c08a000-7faa0c08b000 rw-p 00013000 00:10f8 707804667                /nix/store/gpxl5qgg8kicmcvivwmybwjlpf7wh20l-graalvm17-ce-22.3.0/lib/libnio.so
7faa0c08b000-7faa0c090000 rw-p 00019000 00:10f8 707804667                /nix/store/gpxl5qgg8kicmcvivwmybwjlpf7wh20l-graalvm17-ce-22.3.0/lib/libnio.so
7faa0c090000-7faa0c094000 ---p 00000000 00:00 0 
7faa0c094000-7faa0c190000 rw-p 00000000 00:00 0 
7faa0c190000-7faa0c191000 ---p 00000000 00:00 0 
7faa0c191000-7faa0c292000 rw-p 00000000 00:00 0 
7faa0c292000-7faa0c360000 r-xp 00000000 00:10f8 707802132                /nix/store/gpxl5qgg8kicmcvivwmybwjlpf7wh20l-graalvm17-ce-22.3.0/lib/libjsvml.so
7faa0c360000-7faa0c361000 r--p 000cd000 00:10f8 707802132                /nix/store/gpxl5qgg8kicmcvivwmybwjlpf7wh20l-graalvm17-ce-22.3.0/lib/libjsvml.so
7faa0c361000-7faa0c362000 rw-p 000ce000 00:10f8 707802132                /nix/store/gpxl5qgg8kicmcvivwmybwjlpf7wh20l-graalvm17-ce-22.3.0/lib/libjsvml.so
7faa0c362000-7faa0cf3d000 rw-p 00000000 00:00 0 
7faa0cf3d000-7faa0cf3e000 ---p 00000000 00:00 0 
7faa0cf3e000-7faa0d0e2000 rw-p 00000000 00:00 0 
7faa0d0e2000-7faa0d113000 rw-p 00000000 00:00 0 
7faa0d113000-7faa0d13f000 ---p 00000000 00:00 0 
7faa0d13f000-7faa0d145000 rw-p 00000000 00:00 0 
7faa0d145000-7faa0d22b000 ---p 00000000 00:00 0 
7faa0d22b000-7faa0d247000 rw-p 00000000 00:00 0 
7faa0d247000-7faa0d316000 ---p 00000000 00:00 0 
7faa0d316000-7faa0d31b000 rw-p 00000000 00:00 0 
7faa0d31b000-7faa0d322000 ---p 00000000 00:00 0 
7faa0d322000-7faa0d346000 r-xp 00000000 00:10f8 707802124                /nix/store/gpxl5qgg8kicmcvivwmybwjlpf7wh20l-graalvm17-ce-22.3.0/lib/libjava.so
7faa0d346000-7faa0d347000 ---p 00024000 00:10f8 707802124                /nix/store/gpxl5qgg8kicmcvivwmybwjlpf7wh20l-graalvm17-ce-22.3.0/lib/libjava.so
7faa0d347000-7faa0d348000 r--p 00024000 00:10f8 707802124                /nix/store/gpxl5qgg8kicmcvivwmybwjlpf7wh20l-graalvm17-ce-22.3.0/lib/libjava.so
7faa0d348000-7faa0d349000 rw-p 00025000 00:10f8 707802124                /nix/store/gpxl5qgg8kicmcvivwmybwjlpf7wh20l-graalvm17-ce-22.3.0/lib/libjava.so
7faa0d349000-7faa0d34a000 rw-p 00000000 00:00 0 
7faa0d34a000-7faa0d351000 rw-p 0002f000 00:10f8 707802124                /nix/store/gpxl5qgg8kicmcvivwmybwjlpf7wh20l-graalvm17-ce-22.3.0/lib/libjava.so
7faa0d351000-7faa0d359000 rw-s 00000000 00:ddf 729                       /tmp/hsperfdata_runner/5159
7faa0d359000-7faa0d35a000 ---p 00000000 00:00 0 
7faa0d35a000-7faa0d35b000 r--p 00000000 00:00 0 
7faa0d35b000-7faa0d35c000 rwxp 00000000 00:00 0 
7faa0d35c000-7faa0d377000 r-xp 00000000 00:10f8 707802128                /nix/store/gpxl5qgg8kicmcvivwmybwjlpf7wh20l-graalvm17-ce-22.3.0/lib/libjimage.so
7faa0d377000-7faa0d378000 ---p 0001b000 00:10f8 707802128                /nix/store/gpxl5qgg8kicmcvivwmybwjlpf7wh20l-graalvm17-ce-22.3.0/lib/libjimage.so
7faa0d378000-7faa0d37a000 r--p 0001b000 00:10f8 707802128                /nix/store/gpxl5qgg8kicmcvivwmybwjlpf7wh20l-graalvm17-ce-22.3.0/lib/libjimage.so
7faa0d37a000-7faa0d37b000 rw-p 0001d000 00:10f8 707802128                /nix/store/gpxl5qgg8kicmcvivwmybwjlpf7wh20l-graalvm17-ce-22.3.0/lib/libjimage.so
7faa0d37b000-7faa0d37c000 rw-p 00024000 00:10f8 707802128                /nix/store/gpxl5qgg8kicmcvivwmybwjlpf7wh20l-graalvm17-ce-22.3.0/lib/libjimage.so
7faa0d37c000-7faa0d380000 ---p 00000000 00:00 0 
7faa0d380000-7faa0d47c000 rw-p 00000000 00:00 0 
7faa0d47c000-7faa0d48a000 r--p 00000000 00:10f8 600592023                /nix/store/4nlgxhb09sdr51nc9hdm8az5b08vzkgx-glibc-2.35-163/lib/libm.so.6
7faa0d48a000-7faa0d4fd000 r-xp 0000e000 00:10f8 600592023                /nix/store/4nlgxhb09sdr51nc9hdm8az5b08vzkgx-glibc-2.35-163/lib/libm.so.6
7faa0d4fd000-7faa0d55a000 r--p 00081000 00:10f8 600592023                /nix/store/4nlgxhb09sdr51nc9hdm8az5b08vzkgx-glibc-2.35-163/lib/libm.so.6
7faa0d55a000-7faa0d55b000 r--p 000dd000 00:10f8 600592023                /nix/store/4nlgxhb09sdr51nc9hdm8az5b08vzkgx-glibc-2.35-163/lib/libm.so.6
7faa0d55b000-7faa0d55c000 rw-p 000de000 00:10f8 600592023                /nix/store/4nlgxhb09sdr51nc9hdm8az5b08vzkgx-glibc-2.35-163/lib/libm.so.6
7faa0d55c000-7faa0d55d000 r--p 00000000 00:10f8 600592042                /nix/store/4nlgxhb09sdr51nc9hdm8az5b08vzkgx-glibc-2.35-163/lib/librt.so.1
7faa0d55d000-7faa0d55e000 r-xp 00001000 00:10f8 600592042                /nix/store/4nlgxhb09sdr51nc9hdm8az5b08vzkgx-glibc-2.35-163/lib/librt.so.1
7faa0d55e000-7faa0d55f000 r--p 00002000 00:10f8 600592042                /nix/store/4nlgxhb09sdr51nc9hdm8az5b08vzkgx-glibc-2.35-163/lib/librt.so.1
7faa0d55f000-7faa0d560000 r--p 00002000 00:10f8 600592042                /nix/store/4nlgxhb09sdr51nc9hdm8az5b08vzkgx-glibc-2.35-163/lib/librt.so.1
7faa0d560000-7faa0d561000 rw-p 00003000 00:10f8 600592042                /nix/store/4nlgxhb09sdr51nc9hdm8az5b08vzkgx-glibc-2.35-163/lib/librt.so.1
7faa0d561000-7faa0e674000 r-xp 00000000 00:10f8 707972962                /nix/store/gpxl5qgg8kicmcvivwmybwjlpf7wh20l-graalvm17-ce-22.3.0/lib/server/libjvm.so
7faa0e674000-7faa0e675000 ---p 01113000 00:10f8 707972962                /nix/store/gpxl5qgg8kicmcvivwmybwjlpf7wh20l-graalvm17-ce-22.3.0/lib/server/libjvm.so
7faa0e675000-7faa0e72a000 r--p 01113000 00:10f8 707972962                /nix/store/gpxl5qgg8kicmcvivwmybwjlpf7wh20l-graalvm17-ce-22.3.0/lib/server/libjvm.so
7faa0e72a000-7faa0e75e000 rw-p 011c8000 00:10f8 707972962                /nix/store/gpxl5qgg8kicmcvivwmybwjlpf7wh20l-graalvm17-ce-22.3.0/lib/server/libjvm.so
7faa0e75e000-7faa0e7ba000 rw-p 00000000 00:00 0 
7faa0e7ba000-7faa0e7e2000 r--p 00000000 00:10f8 600592014                /nix/store/4nlgxhb09sdr51nc9hdm8az5b08vzkgx-glibc-2.35-163/lib/libc.so.6
7faa0e7e2000-7faa0e958000 r-xp 00028000 00:10f8 600592014                /nix/store/4nlgxhb09sdr51nc9hdm8az5b08vzkgx-glibc-2.35-163/lib/libc.so.6
7faa0e958000-7faa0e9b0000 r--p 0019e000 00:10f8 600592014                /nix/store/4nlgxhb09sdr51nc9hdm8az5b08vzkgx-glibc-2.35-163/lib/libc.so.6
7faa0e9b0000-7faa0e9b4000 r--p 001f6000 00:10f8 600592014                /nix/store/4nlgxhb09sdr51nc9hdm8az5b08vzkgx-glibc-2.35-163/lib/libc.so.6
7faa0e9b4000-7faa0e9b6000 rw-p 001fa000 00:10f8 600592014                /nix/store/4nlgxhb09sdr51nc9hdm8az5b08vzkgx-glibc-2.35-163/lib/libc.so.6
7faa0e9b6000-7faa0e9c5000 rw-p 00000000 00:00 0 
7faa0e9c5000-7faa0e9c6000 r--p 00000000 00:10f8 600592019                /nix/store/4nlgxhb09sdr51nc9hdm8az5b08vzkgx-glibc-2.35-163/lib/libdl.so.2
7faa0e9c6000-7faa0e9c7000 r-xp 00001000 00:10f8 600592019                /nix/store/4nlgxhb09sdr51nc9hdm8az5b08vzkgx-glibc-2.35-163/lib/libdl.so.2
7faa0e9c7000-7faa0e9c8000 r--p 00002000 00:10f8 600592019                /nix/store/4nlgxhb09sdr51nc9hdm8az5b08vzkgx-glibc-2.35-163/lib/libdl.so.2
7faa0e9c8000-7faa0e9c9000 r--p 00002000 00:10f8 600592019                /nix/store/4nlgxhb09sdr51nc9hdm8az5b08vzkgx-glibc-2.35-163/lib/libdl.so.2
7faa0e9c9000-7faa0e9ca000 rw-p 00003000 00:10f8 600592019                /nix/store/4nlgxhb09sdr51nc9hdm8az5b08vzkgx-glibc-2.35-163/lib/libdl.so.2
7faa0e9ca000-7faa0e9cb000 r--p 00000000 00:10f8 600592038                /nix/store/4nlgxhb09sdr51nc9hdm8az5b08vzkgx-glibc-2.35-163/lib/libpthread.so.0
7faa0e9cb000-7faa0e9cc000 r-xp 00001000 00:10f8 600592038                /nix/store/4nlgxhb09sdr51nc9hdm8az5b08vzkgx-glibc-2.35-163/lib/libpthread.so.0
7faa0e9cc000-7faa0e9cd000 r--p 00002000 00:10f8 600592038                /nix/store/4nlgxhb09sdr51nc9hdm8az5b08vzkgx-glibc-2.35-163/lib/libpthread.so.0
7faa0e9cd000-7faa0e9ce000 r--p 00002000 00:10f8 600592038                /nix/store/4nlgxhb09sdr51nc9hdm8az5b08vzkgx-glibc-2.35-163/lib/libpthread.so.0
7faa0e9ce000-7faa0e9cf000 rw-p 00003000 00:10f8 600592038                /nix/store/4nlgxhb09sdr51nc9hdm8az5b08vzkgx-glibc-2.35-163/lib/libpthread.so.0
7faa0e9cf000-7faa0e9dd000 r-xp 00000000 00:10f8 707802129                /nix/store/gpxl5qgg8kicmcvivwmybwjlpf7wh20l-graalvm17-ce-22.3.0/lib/libjli.so
7faa0e9dd000-7faa0e9de000 ---p 0000e000 00:10f8 707802129                /nix/store/gpxl5qgg8kicmcvivwmybwjlpf7wh20l-graalvm17-ce-22.3.0/lib/libjli.so
7faa0e9de000-7faa0e9df000 r--p 0000e000 00:10f8 707802129                /nix/store/gpxl5qgg8kicmcvivwmybwjlpf7wh20l-graalvm17-ce-22.3.0/lib/libjli.so
7faa0e9df000-7faa0e9e0000 rw-p 0000f000 00:10f8 707802129                /nix/store/gpxl5qgg8kicmcvivwmybwjlpf7wh20l-graalvm17-ce-22.3.0/lib/libjli.so
7faa0e9e0000-7faa0e9e1000 rw-p 00012000 00:10f8 707802129                /nix/store/gpxl5qgg8kicmcvivwmybwjlpf7wh20l-graalvm17-ce-22.3.0/lib/libjli.so
7faa0e9e1000-7faa0e9e4000 r--p 00000000 00:10f8 678822167                /nix/store/026hln0aq1hyshaxsdvhg0kmcm6yf45r-zlib-1.2.13/lib/libz.so.1.2.13
7faa0e9e4000-7faa0e9f6000 r-xp 00003000 00:10f8 678822167                /nix/store/026hln0aq1hyshaxsdvhg0kmcm6yf45r-zlib-1.2.13/lib/libz.so.1.2.13
7faa0e9f6000-7faa0e9fd000 r--p 00015000 00:10f8 678822167                /nix/store/026hln0aq1hyshaxsdvhg0kmcm6yf45r-zlib-1.2.13/lib/libz.so.1.2.13
7faa0e9fd000-7faa0e9fe000 r--p 0001b000 00:10f8 678822167                /nix/store/026hln0aq1hyshaxsdvhg0kmcm6yf45r-zlib-1.2.13/lib/libz.so.1.2.13
7faa0e9fe000-7faa0e9ff000 rw-p 0001c000 00:10f8 678822167                /nix/store/026hln0aq1hyshaxsdvhg0kmcm6yf45r-zlib-1.2.13/lib/libz.so.1.2.13
7faa0e9ff000-7faa0ea01000 rw-p 00000000 00:00 0 
7faa0ea01000-7faa0ea05000 r--p 00000000 00:00 0                          [vvar]
7faa0ea05000-7faa0ea07000 r-xp 00000000 00:00 0                          [vdso]
7faa0ea07000-7faa0ea09000 r--p 00000000 00:10f8 600592008                /nix/store/4nlgxhb09sdr51nc9hdm8az5b08vzkgx-glibc-2.35-163/lib/ld-linux-x86-64.so.2
7faa0ea09000-7faa0ea30000 r-xp 00002000 00:10f8 600592008                /nix/store/4nlgxhb09sdr51nc9hdm8az5b08vzkgx-glibc-2.35-163/lib/ld-linux-x86-64.so.2
7faa0ea30000-7faa0ea3c000 r--p 00029000 00:10f8 600592008                /nix/store/4nlgxhb09sdr51nc9hdm8az5b08vzkgx-glibc-2.35-163/lib/ld-linux-x86-64.so.2
7faa0ea3c000-7faa0ea3e000 r--p 00034000 00:10f8 600592008                /nix/store/4nlgxhb09sdr51nc9hdm8az5b08vzkgx-glibc-2.35-163/lib/ld-linux-x86-64.so.2
7faa0ea3e000-7faa0ea40000 rw-p 00036000 00:10f8 600592008                /nix/store/4nlgxhb09sdr51nc9hdm8az5b08vzkgx-glibc-2.35-163/lib/ld-linux-x86-64.so.2
7ffcc9dd1000-7ffcc9df5000 rw-p 00000000 00:00 0                          [stack]
ffffffffff600000-ffffffffff601000 --xp 00000000 00:00 0                  [vsyscall]


VM Arguments:
jvm_args: -XX:ThreadPriorityPolicy=1 -XX:+UnlockExperimentalVMOptions -XX:+EnableJVMCIProduct -XX:JVMCIThreadsPerNativeLibraryRuntime=1 -XX:-UnlockExperimentalVMOptions -Declipse.application=org.eclipse.jdt.ls.core.id1 -Dosgi.bundles.defaultStartLevel=4 -Declipse.product=org.eclipse.jdt.ls.core.product -Dlog.level=ALL -Xverify:none -XX:+UseParallelGC -XX:GCTimeRatio=4 -XX:AdaptiveSizePolicyWeight=90 -Dsun.zip.disableMemoryMapping=true -Xmx512m -Xms100m 
java_command: /nix/store/a7s9klvriqi68xz3qjc0qyfl5h86xc16-jdt-language-server-1.9.0/share/java/plugins/org.eclipse.equinox.launcher_1.6.400.v20210924-0641.jar --add-modules=ALL-SYSTEM --add-opens java.base/java.util=ALL-UNNAMED --add-opens java.base/java.lang=ALL-UNNAMED -configuration /home/runner/.cache/jdt-language-server/config -data /home/runner/.cache/jdt-language-server/data/home/runner/Midterm-Project-AndreaCastill19
java_class_path (initial): /nix/store/a7s9klvriqi68xz3qjc0qyfl5h86xc16-jdt-language-server-1.9.0/share/java/plugins/org.eclipse.equinox.launcher_1.6.400.v20210924-0641.jar
Launcher Type: SUN_STANDARD

[Global flags]
    uintx AdaptiveSizePolicyWeight                 = 90                                        {product} {command line}
     intx CICompilerCount                          = 2                                         {product} {ergonomic}
     bool EnableJVMCIProduct                       = true                                {JVMCI product} {jimage}
    uintx GCTimeRatio                              = 4                                         {product} {command line}
   size_t InitialHeapSize                          = 104857600                                 {product} {command line}
     uint JVMCIThreadsPerNativeLibraryRuntime      = 1                                   {JVMCI product} {jimage}
   size_t MaxHeapSize                              = 536870912                                 {product} {command line}
   size_t MaxNewSize                               = 178782208                                 {product} {ergonomic}
   size_t MinHeapDeltaBytes                        = 524288                                    {product} {ergonomic}
   size_t MinHeapSize                              = 104857600                                 {product} {command line}
   size_t NewSize                                  = 34603008                                  {product} {ergonomic}
    uintx NonNMethodCodeHeapSize                   = 5826188                                {pd product} {ergonomic}
    uintx NonProfiledCodeHeapSize                  = 122916026                              {pd product} {ergonomic}
   size_t OldSize                                  = 70254592                                  {product} {ergonomic}
    uintx ProfiledCodeHeapSize                     = 122916026                              {pd product} {ergonomic}
    uintx ReservedCodeCacheSize                    = 251658240                              {pd product} {ergonomic}
     bool SegmentedCodeCache                       = true                                      {product} {ergonomic}
   size_t SoftMaxHeapSize                          = 536870912                              {manageable} {ergonomic}
     intx ThreadPriorityPolicy                     = 1                                         {product} {jimage}
     bool UseCompressedClassPointers               = true                           {product lp64_product} {ergonomic}
     bool UseCompressedOops                        = true                           {product lp64_product} {ergonomic}
     bool UseParallelGC                            = true                                      {product} {command line}

Logging:
Log output configuration:
 #0: stdout all=warning uptime,level,tags
 #1: stderr all=off uptime,level,tags

Environment Variables:
JAVA_HOME=/nix/store/gpxl5qgg8kicmcvivwmybwjlpf7wh20l-graalvm17-ce-22.3.0
PATH=/nix/store/1d6ian3r8kdzspw8hacjhl3xkp40g1lj-binutils-wrapper-2.39/bin:/nix/store/dq0xwmsk1g0i2ayg6pb7y87na2knzylh-gcc-wrapper-11.3.0/bin:/nix/store/bap4d0lpcrhpwmpb8ayjcgkmvfj62lnq-bash-interactive-5.1-p16/bin:/nix/store/pr5n59mb4jzmfx6kanwxly0l07p861fg-patchelf-0.15.0/bin:/nix/store/1gf2flfqnpqbr1b4p4qz2f72y42bs56r-gcc-11.3.0/bin:/nix/store/57xv61c5zi8pphjbcwxxjlgc34p61ic9-glibc-2.35-163-bin/bin:/nix/store/a7gvj343m05j2s32xcnwr35v31ynlypr-coreutils-9.1/bin:/nix/store/039g378vc3pc3dvi9dzdlrd0i4q93qwf-binutils-2.39/bin:/nix/store/gpxl5qgg8kicmcvivwmybwjlpf7wh20l-graalvm17-ce-22.3.0/bin:/nix/store/6z9ag3ihc8mq2hzsw48lhbznvzny65nz-apache-maven-3.8.6/bin:/nix/store/a7s9klvriqi68xz3qjc0qyfl5h86xc16-jdt-language-server-1.9.0/bin:/nix/store/48ifl2w60a3zp7yskbpnvn8jp9jdsb7k-java-debug/bin:/nix/store/mydc6f4k2z73xlcz7ilif3v2lcaiqvza-findutils-4.9.0/bin:/nix/store/j9p3g8472iijd50vhdprx0nmk2fqn5gv-diffutils-3.8/bin:/nix/store/89zs7rms6x00xfq4dq6m7mjnhkr8a6r4-gnused-4.8/bin:/nix/store/86bp03jkmsl6f92w0yzg4s59g5mhxwmy-gnugrep-3.7/bin:/nix/store/hwcdqw4jrjnd37wxqgsd47hd0j8bnj09-gawk-5.1.1/bin:/nix/store/cfbhw8r8ags41vwqaz47r583d0p4h4a1-gnutar-1.34/bin:/nix/store/p3m1ndl1lapwrlh698bnb5lvvxh67378-gzip-1.12/bin:/nix/store/a8mhcagrsly7c7mpjrpsnaahk4aax056-bzip2-1.0.8-bin/bin:/nix/store/mblgz65m3zv9x548a3d5m96fj2pbwr09-gnumake-4.3/bin:/nix/store/dsd5gz46hdbdk2rfdimqddhq6m8m8fqs-bash-5.1-p16/bin:/nix/store/v7ljksji50mg3w61dykaa3n3y79n6nil-patch-2.7.6/bin:/nix/store/zlcnmqq14jz5x9439jf937mvayyl63da-xz-5.2.7-bin/bin:/nix/store/y6aj732zm9m87c82fpvf103a1xb22blp-file-5.43/bin:/nix/store/v9py4f18ka9m81fl2nrgwim187awj8wb-nix-2.18.0pre20230808_c0e6466/bin:/nix/store/i4kzir3m7mrisxmf5xvlnkw01x4qaqr4-prybar-elisp-0.0.0-e0d9a52/bin:/nix/store/lwwivxf6h7x3cvxp9zv8sj0mv7dak99r-prybar-lua-0.0.0-e0d9a52/bin:/nix/store/gxj28g1cg4hq3qanmjv07156h800qr58-prybar-python3-0.0.0-e0d9a52/bin:/nix/store/hshkjnxrgidigf8x75vg6lqng2xlx9i3-prybar-sqlite-0.0.0-e0d9a52/bin:/nix/store/c4w01bpjgyy5ixmwdk8m1pw87zq4sl
LD_LIBRARY_PATH=/nix/store/a4pff549sk2idnkpzk5nsfps3mdkdnvm-cups-2.4.2-lib/lib:/nix/store/72mqxxhh3cy5yifh92wh2yb8cl2hikyy-cairo-1.16.0/lib:/nix/store/2k366jrbsra97gjfxwvrhvixjfxdach5-glib-2.74.1/lib:/nix/store/2j2znigd8ak37rlwh9khz0ry3clqlw1l-gtk+3-3.24.34/lib:/nix/store/hisqvx32cd57apbpcsnkpx6k3549wql1-libglvnd-1.4.0/lib:/nix/store/p36pgcv991mq5srvg765b78yqpxvk3qs-mesa-21.3.3-drivers/lib:/nix/store/mav4251if1ahjq5vkpwycyyvnmy459c4-pulseaudio-14.2/lib
DISPLAY=:0
LANG=en_US.UTF-8

Signal Handlers:
   SIGSEGV: crash_handler in libjvm.so, mask=11100100010111111101111111111110, flags=SA_RESTART|SA_SIGINFO
    SIGBUS: crash_handler in libjvm.so, mask=11100100010111111101111111111110, flags=SA_RESTART|SA_SIGINFO
    SIGFPE: crash_handler in libjvm.so, mask=11100100010111111101111111111110, flags=SA_RESTART|SA_SIGINFO
   SIGPIPE: IsolateEnterStub_IgnoreSIGPIPEStartupHook_noopSignalHandler_8f19bff2f35b5f630d83b364d6b2339320d4ec70_216e8361c6bc87a8f89f58cc10d3b2fd4415bf87 in libjvmcicompiler.so, mask=00000000000000000000000000000000, flags=SA_RESTART
  *** Handler was modified!
  *** Expected: javaSignalHandler in libjvm.so, mask=11100100110111111111111111111110, flags=SA_RESTART|SA_SIGINFO
   SIGXFSZ: javaSignalHandler in libjvm.so, mask=11100100010111111101111111111110, flags=SA_RESTART|SA_SIGINFO
    SIGILL: crash_handler in libjvm.so, mask=11100100010111111101111111111110, flags=SA_RESTART|SA_SIGINFO
   SIGUSR2: SR_handler in libjvm.so, mask=00000000000000000000000000000000, flags=SA_RESTART|SA_SIGINFO
    SIGHUP: UserHandler in libjvm.so, mask=11100100010111111101111111111110, flags=SA_RESTART|SA_SIGINFO
    SIGINT: UserHandler in libjvm.so, mask=11100100010111111101111111111110, flags=SA_RESTART|SA_SIGINFO
   SIGTERM: UserHandler in libjvm.so, mask=11100100010111111101111111111110, flags=SA_RESTART|SA_SIGINFO
   SIGQUIT: UserHandler in libjvm.so, mask=11100100010111111101111111111110, flags=SA_RESTART|SA_SIGINFO
  *** Handler was modified!
  *** Expected: javaSignalHandler in libjvm.so, mask=11100100110111111111111111111110, flags=SA_RESTART|SA_SIGINFO
   SIGTRAP: crash_handler in libjvm.so, mask=11100100010111111101111111111110, flags=SA_RESTART|SA_SIGINFO


---------------  S Y S T E M  ---------------

OS:
DISTRIB_ID=Ubuntu
DISTRIB_RELEASE=20.04
DISTRIB_CODENAME=focal
DISTRIB_DESCRIPTION="Ubuntu 20.04.2 LTS"
uname: Linux 6.2.0-1017-gcp #19~22.04.1-Ubuntu SMP Fri Oct 13 15:33:25 UTC 2023 x86_64
OS uptime: 0 days 1:56 hours
libc: glibc 2.35 NPTL 2.35 
rlimit (soft/hard): STACK 8192k/infinity , CORE infinity/infinity , NPROC infinity/infinity , NOFILE 20971/20971 , AS infinity/infinity , CPU infinity/infinity , DATA infinity/infinity , FSIZE infinity/infinity , MEMLOCK 8192k/8192k
load average: 12.65 10.22 10.14

/proc/meminfo:
MemTotal:       65833884 kB
MemFree:        34156956 kB
MemAvailable:   44290856 kB
Buffers:         2694376 kB
Cached:          6600912 kB
SwapCached:            0 kB
Active:          7338092 kB
Inactive:       21723344 kB
Active(anon):      10028 kB
Inactive(anon): 19535148 kB
Active(file):    7328064 kB
Inactive(file):  2188196 kB
Unevictable:       28640 kB
Mlocked:           28640 kB
SwapTotal:             0 kB
SwapFree:              0 kB
Zswap:                 0 kB
Zswapped:              0 kB
Dirty:              3636 kB
Writeback:             0 kB
AnonPages:      19729576 kB
Mapped:          1585184 kB
Shmem:             19720 kB
KReclaimable:    1352276 kB
Slab:            1870136 kB
SReclaimable:    1352276 kB
SUnreclaim:       517860 kB
KernelStack:      130472 kB
PageTables:       182928 kB
SecPageTables:         0 kB
NFS_Unstable:          0 kB
Bounce:                0 kB
WritebackTmp:          0 kB
CommitLimit:    32916940 kB
Committed_AS:   53934656 kB
VmallocTotal:   34359738367 kB
VmallocUsed:      156540 kB
VmallocChunk:          0 kB
Percpu:            49856 kB
HardwareCorrupted:     0 kB
AnonHugePages:    587776 kB
ShmemHugePages:        0 kB
ShmemPmdMapped:        0 kB
FileHugePages:         0 kB
FilePmdMapped:         0 kB
HugePages_Total:       0
HugePages_Free:        0
HugePages_Rsvd:        0
HugePages_Surp:        0
Hugepagesize:       2048 kB
Hugetlb:               0 kB
DirectMap4k:      285496 kB
DirectMap2M:     9148416 kB
DirectMap1G:    59768832 kB

/sys/kernel/mm/transparent_hugepage/enabled: always [madvise] never
/sys/kernel/mm/transparent_hugepage/defrag (defrag/compaction efforts parameter): always defer defer+madvise [madvise] never

Process Memory:
Virtual Size: 4392644K (peak: 4467588K)
Resident Set Size: 748708K (peak: 816444K) (anon: 551772K, file: 196936K, shmem: 0K)
Swapped out: 0K
C-Heap outstanding allocations: 42793K, retained: 13902K
glibc malloc tunables: (default)

/proc/sys/kernel/threads-max (system-wide limit on the number of threads): 514261
/proc/sys/vm/max_map_count (maximum number of memory map areas a process may have): 65530
/proc/sys/kernel/pid_max (system-wide limit on number of process identifiers): 4194304

container (cgroup) information:
container_type: cgroupv2
cpu_cpuset_cpus: not supported
cpu_memory_nodes: not supported
active_processor_count: 2
cpu_quota: 200000
cpu_period: 100000
cpu_shares: no shares
memory_limit_in_bytes: 3292528 k
memory_and_swap_limit_in_bytes: unlimited
memory_soft_limit_in_bytes: 2097152 k
memory_usage_in_bytes: 623504 k
memory_max_usage_in_bytes: not supported
maximum number of tasks: not supported
current number of tasks: not supported

KVM virtualization detected
Steal ticks since vm start: 1303
Steal ticks percentage since vm start:  0.001

CPU: total 16 (initial active 2) (8 cores per cpu, 2 threads per core) family 6 model 79 stepping 0 microcode 0xffffffff, cx8, cmov, fxsr, ht, mmx, 3dnowpref, sse, sse2, sse3, ssse3, sse4.1, sse4.2, popcnt, lzcnt, tsc, tscinvbit, avx, avx2, aes, erms, clmul, bmi1, bmi2, rtm, adx, fma, vzeroupper, clflush, hv
CPU Model and flags from /proc/cpuinfo:
model name	: Intel(R) Xeon(R) CPU @ 2.20GHz
flags		: fpu vme de pse tsc msr pae mce cx8 apic sep mtrr pge mca cmov pat pse36 clflush mmx fxsr sse sse2 ss ht syscall nx pdpe1gb rdtscp lm constant_tsc rep_good nopl xtopology nonstop_tsc cpuid tsc_known_freq pni pclmulqdq ssse3 fma cx16 pcid sse4_1 sse4_2 x2apic movbe popcnt aes xsave avx f16c rdrand hypervisor lahf_lm abm 3dnowprefetch invpcid_single pti ssbd ibrs ibpb stibp fsgsbase tsc_adjust bmi1 hle avx2 smep bmi2 erms invpcid rtm rdseed adx smap xsaveopt arat md_clear arch_capabilities

Online cpus: 0-15
Offline cpus: 
BIOS frequency limitation: <Not Available>
Frequency switch latency (ns): <Not Available>
Available cpu frequencies: <Not Available>
Current governor: <Not Available>
Core performance/turbo boost: <Not Available>

Memory: 4k page, physical 3292528k(2669012k free), swap 0k(0k free)
Page Sizes: 4k

vm_info: OpenJDK 64-Bit Server VM (17.0.5+8-jvmci-22.3-b08) for linux-amd64 JRE (17.0.5+8-jvmci-22.3-b08), built on Oct 19 2022 09:01:27 by "buildslave" with gcc 10.3.0

END.
