#
# A fatal error has been detected by the Java Runtime Environment:
#
#  Internal Error (jvmciRuntime.cpp:1609), pid=4451, tid=4465
#  fatal error: Fatal exception in JVMCI: Error calling jdk.vm.ci.services.Services.serializeSavedProperties
#
# JRE version: OpenJDK Runtime Environment GraalVM CE 22.3.0 (17.0.5+8) (build 17.0.5+8-jvmci-22.3-b08)
# Java VM: OpenJDK 64-Bit Server VM GraalVM CE 22.3.0 (17.0.5+8-jvmci-22.3-b08, mixed mode, sharing, tiered, jvmci, jvmci compiler, compressed oops, compressed class ptrs, parallel gc, linux-amd64)
# Problematic frame:
# V  [libjvm.so+0x972714]  JVMCIRuntime::fatal_exception(JVMCIEnv*, char const*)+0x74
#
# Core dump will be written. Default location: Core dumps may be processed with "/usr/share/apport/apport -p%p -s%s -c%c -d%d -P%P -u%u -g%g -- %E" (or dumping to /home/runner/Midterm-Project-AndreaCastill19/core.4451)
#
# If you would like to submit a bug report, please visit:
#   https://github.com/oracle/graal/issues
#

---------------  S U M M A R Y ------------

Command Line: -XX:ThreadPriorityPolicy=1 -XX:+UnlockExperimentalVMOptions -XX:+EnableJVMCIProduct -XX:JVMCIThreadsPerNativeLibraryRuntime=1 -XX:-UnlockExperimentalVMOptions -Declipse.application=org.eclipse.jdt.ls.core.id1 -Dosgi.bundles.defaultStartLevel=4 -Declipse.product=org.eclipse.jdt.ls.core.product -Dlog.level=ALL -Xverify:none -XX:+UseParallelGC -XX:GCTimeRatio=4 -XX:AdaptiveSizePolicyWeight=90 -Dsun.zip.disableMemoryMapping=true -Xmx512m -Xms100m /nix/store/a7s9klvriqi68xz3qjc0qyfl5h86xc16-jdt-language-server-1.9.0/share/java/plugins/org.eclipse.equinox.launcher_1.6.400.v20210924-0641.jar --add-modules=ALL-SYSTEM --add-opens java.base/java.util=ALL-UNNAMED --add-opens java.base/java.lang=ALL-UNNAMED -configuration /home/runner/.cache/jdt-language-server/config -data /home/runner/.cache/jdt-language-server/data/home/runner/Midterm-Project-AndreaCastill19

Host: Intel(R) Xeon(R) CPU @ 2.20GHz, 16 cores, 3G, Ubuntu 20.04.2 LTS
Time: Sun Oct 29 02:51:08 2023 UTC elapsed time: 318.191611 seconds (0d 0h 5m 18s)

---------------  T H R E A D  ---------------

Current thread (0x00007f3fe00d2d60):  JavaThread "JVMCI-native CompilerThread0" daemon [_thread_in_vm, id=4465, stack(0x00007f3fc6a00000,0x00007f3fc6c00000)]


Current CompileTask:
JVMCI-native: 318192 10503 %     4       java.util.Arrays::fill @ 5 (21 bytes)

Stack: [0x00007f3fc6a00000,0x00007f3fc6c00000],  sp=0x00007f3fc6bfe380,  free space=2040k
Native frames: (J=compiled Java code, j=interpreted, Vv=VM code, C=native code)
V  [libjvm.so+0x972714]  JVMCIRuntime::fatal_exception(JVMCIEnv*, char const*)+0x74
V  [libjvm.so+0x93e2fe]  JVMCIEnv::copy_saved_properties()+0x14e
V  [libjvm.so+0x9732a9]  JVMCIRuntime::initialize(JVMCIEnv*)+0xb19
V  [libjvm.so+0x9738a2]  JVMCIRuntime::get_HotSpotJVMCIRuntime(JVMCIEnv*)+0x12
V  [libjvm.so+0x9749f2]  JVMCIRuntime::compile_method(JVMCIEnv*, JVMCICompiler*, methodHandle const&, int)+0xd2
V  [libjvm.so+0x5b0d20]  CompileBroker::invoke_compiler_on_method(CompileTask*)+0x1470
V  [libjvm.so+0x5b12e8]  CompileBroker::compiler_thread_loop()+0x528
V  [libjvm.so+0xd82460]  JavaThread::thread_main_inner()+0xd0
V  [libjvm.so+0xd85a40]  Thread::call_run()+0xc0
V  [libjvm.so+0xbdb1e1]  thread_native_entry(Thread*)+0xe1

Register to memory mapping:

RAX=0x00007f3fe69d8000 points into unknown readable memory: 0x0000000000000058 | 58 00 00 00 00 00 00 00
RBX=0x00007f3fe7ad3398: <offset 0x0000000000ef5398> in /nix/store/gpxl5qgg8kicmcvivwmybwjlpf7wh20l-graalvm17-ce-22.3.0/lib/server/libjvm.so at 0x00007f3fe6bde000
RCX=0x00007f3fe7a8b1e8: <offset 0x0000000000ead1e8> in /nix/store/gpxl5qgg8kicmcvivwmybwjlpf7wh20l-graalvm17-ce-22.3.0/lib/server/libjvm.so at 0x00007f3fe6bde000
RDX=0x0000000000000649 is an unknown value
RSP=0x00007f3fc6bfe380 is pointing into the stack for thread: 0x00007f3fe00d2d60
RBP=0x00007f3fc6bfe3a0 is pointing into the stack for thread: 0x00007f3fe00d2d60
RSI=0x00007f3fe7ad3c48: <offset 0x0000000000ef5c48> in /nix/store/gpxl5qgg8kicmcvivwmybwjlpf7wh20l-graalvm17-ce-22.3.0/lib/server/libjvm.so at 0x00007f3fe6bde000
RDI=0x00000000e0000000 is an oop: org.eclipse.equinox.launcher.Main$StartupClassLoader 
{0x00000000e0000000} - klass: 'org/eclipse/equinox/launcher/Main$StartupClassLoader'
 - ---- fields (total size 13 words):
 - private 'defaultAssertionStatus' 'Z' @12  false
 - private final 'parent' 'Ljava/lang/ClassLoader;' @24  a 'jdk/internal/loader/ClassLoaders$PlatformClassLoader'{0x00000000e0000a98} (e0000a98)
 - private final 'name' 'Ljava/lang/String;' @28  NULL (0)
 - private final 'unnamedModule' 'Ljava/lang/Module;' @32  a 'java/lang/Module'{0x00000000e06d68a0} (e06d68a0)
 - private final 'nameAndId' 'Ljava/lang/String;' @36  "org.eclipse.equinox.launcher.Main$StartupClassLoader @47fd17e3"{0x00000000e044eba0} (e044eba0)
 - private final 'parallelLockMap' 'Ljava/util/concurrent/ConcurrentHashMap;' @40  NULL (0)
 - private final 'package2certs' 'Ljava/util/concurrent/ConcurrentHashMap;' @44  a 'java/util/concurrent/ConcurrentHashMap'{0x00000000e044ec08} (e044ec08)
 - private final 'classes' 'Ljava/util/ArrayList;' @48  a 'java/util/ArrayList'{0x00000000e045ff28} (e045ff28)
 - private final 'defaultDomain' 'Ljava/security/ProtectionDomain;' @52  a 'java/security/ProtectionDomain'{0x00000000e04607e8} (e04607e8)
 - private final 'packages' 'Ljava/util/concurrent/ConcurrentHashMap;' @56  a 'java/util/concurrent/ConcurrentHashMap'{0x00000000e0460858} (e0460858)
 - private final 'libraries' 'Ljdk/internal/loader/NativeLibraries;' @60  a 'jdk/internal/loader/NativeLibraries'{0x00000000e0461e38} (e0461e38)
 - final 'assertionLock' 'Ljava/lang/Object;' @64  a 'org/eclipse/equinox/launcher/Main$StartupClassLoader'{0x00000000e0000000} (e0000000)
 - private 'packageAssertionStatus' 'Ljava/util/Map;' @68  NULL (0)
 - 'classAssertionStatus' 'Ljava/util/Map;' @72  NULL (0)
 - private volatile 'classLoaderValueMap' 'Ljava/util/concurrent/ConcurrentHashMap;' @76  a 'java/util/concurrent/ConcurrentHashMap'{0x00000000e0461e98} (e0461e98)
 - private final 'pdcache' 'Ljava/util/Map;' @80  a 'java/util/concurrent/ConcurrentHashMap'{0x00000000e0461ed8} (e0461ed8)
 - private final 'ucp' 'Ljdk/internal/loader/URLClassPath;' @84  a 'jdk/internal/loader/URLClassPath'{0x00000000e044e040} (e044e040)
 - private final 'acc' 'Ljava/security/AccessControlContext;' @88  a 'java/security/AccessControlContext'{0x00000000e044e000} (e044e000)
 - private 'closeables' 'Ljava/util/WeakHashMap;' @92  a 'java/util/WeakHashMap'{0x00000000e044df28} (e044df28)
 - final synthetic 'this$0' 'Lorg/eclipse/equinox/launcher/Main;' @96  a 'org/eclipse/equinox/launcher/Main'{0x00000000e07839a0} (e07839a0)
R8 =0x00007f3fe7ad3398: <offset 0x0000000000ef5398> in /nix/store/gpxl5qgg8kicmcvivwmybwjlpf7wh20l-graalvm17-ce-22.3.0/lib/server/libjvm.so at 0x00007f3fe6bde000
R9 =0x00007f3fc6bfe330 is pointing into the stack for thread: 0x00007f3fe00d2d60
R10=0x00007f3fc6bff948 is pointing into the stack for thread: 0x00007f3fe00d2d60
R11=0x0000000000000293 is an unknown value
R12=0x0 is NULL
R13=0x00007f3fe00d2d60 is a thread
R14=0x00007f3fe0000b80 points into unknown readable memory: 0x00007f3fe7d04a38 | 38 4a d0 e7 3f 7f 00 00
R15=0x00007f3fe7e12e40: <offset 0x0000000001234e40> in /nix/store/gpxl5qgg8kicmcvivwmybwjlpf7wh20l-graalvm17-ce-22.3.0/lib/server/libjvm.so at 0x00007f3fe6bde000


Registers:
RAX=0x00007f3fe69d8000, RBX=0x00007f3fe7ad3398, RCX=0x00007f3fe7a8b1e8, RDX=0x0000000000000649
RSP=0x00007f3fc6bfe380, RBP=0x00007f3fc6bfe3a0, RSI=0x00007f3fe7ad3c48, RDI=0x00000000e0000000
R8 =0x00007f3fe7ad3398, R9 =0x00007f3fc6bfe330, R10=0x00007f3fc6bff948, R11=0x0000000000000293
R12=0x0000000000000000, R13=0x00007f3fe00d2d60, R14=0x00007f3fe0000b80, R15=0x00007f3fe7e12e40
RIP=0x00007f3fe7550714, EFLAGS=0x0000000000010206, CSGSFS=0x002b000000000033, ERR=0x0000000000000006
  TRAPNO=0x000000000000000e

Top of Stack: (sp=0x00007f3fc6bfe380)
0x00007f3fc6bfe380:   00007f3fc6bfe940 00007f3fe00d2d60
0x00007f3fc6bfe390:   00007f3fe536a768 0000000800c419d8
0x00007f3fc6bfe3a0:   00007f3fc6bfe500 00007f3fe751c2fe
0x00007f3fc6bfe3b0:   00007f3fc6bfe3e0 00007f3fc6bfe440 

Instructions: (pc=0x00007f3fe7550714)
0x00007f3fe7550614:   30 e8 f6 cf e8 ff 4c 89 e7 e8 2e 48 d1 ff 84 db
0x00007f3fe7550624:   75 2a 4d 85 ed 74 04 4d 8b 6d 00 48 83 c4 08 44
0x00007f3fe7550634:   89 f9 4c 89 f2 4c 89 ee 5b 4c 89 e7 41 5c 41 5d
0x00007f3fe7550644:   41 5e 41 5f 5d e9 e2 47 d1 ff 66 90 48 83 c4 08
0x00007f3fe7550654:   5b 41 5c 41 5d 41 5e 41 5f 5d c3 90 31 d2 be 08
0x00007f3fe7550664:   00 00 00 4c 89 ff e8 b1 78 a3 ff 49 89 c5 e9 37
0x00007f3fe7550674:   ff ff ff 66 0f 1f 84 00 00 00 00 00 48 8b 7a 08
0x00007f3fe7550684:   e9 6d ff ff ff 0f 1f 80 00 00 00 00 e8 5b 48 0a
0x00007f3fe7550694:   00 84 c0 75 89 e9 6a ff ff ff 66 90 55 48 89 e5
0x00007f3fe75506a4:   41 56 41 55 41 54 49 89 fc 53 48 89 f3 66 48 8d
0x00007f3fe75506b4:   3d 27 5e 85 00 66 66 48 e8 df 43 8d ff 4c 8b 28
0x00007f3fe75506c4:   8b 05 be 72 8a 00 85 c0 75 14 ba 01 00 00 00 48
0x00007f3fe75506d4:   8d 0d ae 72 8a 00 f0 0f b1 11 85 c0 74 4e be c8
0x00007f3fe75506e4:   00 00 00 4c 89 ef e8 01 0b 41 00 48 8d 05 12 ac
0x00007f3fe75506f4:   85 00 49 89 d8 48 8d 0d e8 aa 53 00 ba 49 06 00
0x00007f3fe7550704:   00 48 8d 35 3c 35 58 00 bf 00 00 00 e0 48 8b 00
0x00007f3fe7550714:   c6 00 58 31 c0 e8 e2 91 c6 ff 5b 41 5c 41 5d 41
0x00007f3fe7550724:   5e 5d e9 55 34 26 00 0f 1f 44 00 00 48 8d 05 81
0x00007f3fe7550734:   a3 8b 00 48 89 df 4c 8b 30 e8 9e 43 8d ff 48 89
0x00007f3fe7550744:   de 48 89 c2 49 8b 06 4c 89 f7 ff 50 08 4c 89 f7
0x00007f3fe7550754:   e8 a7 5c 27 00 4d 85 e4 74 12 be 01 00 00 00 4c
0x00007f3fe7550764:   89 e7 e8 35 43 fc ff eb 82 0f 1f 00 be 01 00 00
0x00007f3fe7550774:   00 4c 89 ef e8 d3 fd ff ff e9 6d ff ff ff 66 66
0x00007f3fe7550784:   2e 0f 1f 84 00 00 00 00 00 0f 1f 00 55 48 89 e5
0x00007f3fe7550794:   41 57 41 56 41 55 41 54 53 48 81 ec 08 02 00 00
0x00007f3fe75507a4:   64 48 8b 04 25 28 00 00 00 48 89 45 c8 8b 07 83
0x00007f3fe75507b4:   f8 02 0f 84 11 04 00 00 4c 8b 6f 18 49 89 ff 49
0x00007f3fe75507c4:   89 f4 4d 85 ed 74 14 4c 89 ef e8 5d 57 22 00 41
0x00007f3fe75507d4:   8b 07 83 f8 02 0f 84 19 04 00 00 48 8d 1d 9a 06
0x00007f3fe75507e4:   8a 00 4c 8d 35 0b 3c 58 00 eb 38 90 48 85 d2 7f
0x00007f3fe75507f4:   0d 48 8d 05 b4 c0 85 00 48 83 38 00 7e 0e 41 8b
0x00007f3fe7550804:   77 2c 4c 89 f7 31 c0 e8 a0 b2 f7 ff 49 8b 7f 18 


Stack slot to memory mapping:
stack at sp + 0 slots: 0x00007f3fc6bfe940 is pointing into the stack for thread: 0x00007f3fe00d2d60
stack at sp + 1 slots: 0x00007f3fe00d2d60 is a thread
stack at sp + 2 slots: 0x00007f3fe536a768 points into unknown readable memory: 0x65730018f9d3ffff | ff ff d3 f9 18 00 73 65
stack at sp + 3 slots: 0x0000000800c419d8 is a pointer to class: 
jdk.vm.ci.services.Services {0x0000000800c419d8}
 - instance size:     2
 - klass size:        65
 - access:            public final synchronized 
 - state:             fully_initialized
 - name:              'jdk/vm/ci/services/Services'
 - super:             'java/lang/Object'
 - sub:               
 - arrays:            NULL
 - methods:           Array<T>(0x00007f3fc6c47550)
 - method ordering:   Array<T>(0x0000000800928960)
 - default_methods:   Array<T>(0x0000000000000000)
 - local interfaces:  Array<T>(0x00000008005ce810)
 - trans. interfaces: Array<T>(0x00000008005ce810)
 - constants:         constant pool [427] {0x00007f3fc6c46630} for 'jdk/vm/ci/services/Services' cache=0x00007f3fc6c4ac58
 - class loader data:  loader data: 0x00007f3fe0027ce0 of 'bootstrap'
 - source file:       'Services.java'
 - class annotations:       Array<T>(0x0000000000000000)
 - class type annotations:  Array<T>(0x0000000000000000)
 - field annotations:       Array<T>(0x0000000000000000)
 - field type annotations:  Array<T>(0x0000000000000000)
 - inner classes:     Array<T>(0x00007f3fc6c487f0)
 - nest members:     Array<T>(0x00007f3fc6c48810)
 - permitted subclasses:     Array<T>(0x00000008005ce7a0)
 - java mirror:       a 'java/lang/Class'{0x00000000e03b9328} = 'jdk/vm/ci/services/Services'
 - vtable length      5  (start addr: 0x0000000800c41ba8)
 - itable length      2 (start addr: 0x0000000800c41bd0)
 - ---- static fields (3 words):
 - public static final 'IS_BUILDING_NATIVE_IMAGE' 'Z' @128 
 - public static final 'IS_IN_NATIVE_IMAGE' 'Z' @129 
 - private static volatile 'savedProperties' 'Ljava/util/Map;' @112 
 - static final 'JVMCI_ENABLED' 'Z' @130 
 - private static final 'servicesCache' 'Ljava/util/Map;' @116 
 - private static final 'MAX_UNICODE_IN_UTF8_LENGTH' 'I' @120 
 - private static final 'MAX_UTF8_PROPERTY_STRING_LENGTH' 'I' @124 
 - ---- non-static fields (0 words):
 - non-static oop maps: 
stack at sp + 4 slots: 0x00007f3fc6bfe500 is pointing into the stack for thread: 0x00007f3fe00d2d60
stack at sp + 5 slots: 0x00007f3fe751c2fe: <offset 0x000000000093e2fe> in /nix/store/gpxl5qgg8kicmcvivwmybwjlpf7wh20l-graalvm17-ce-22.3.0/lib/server/libjvm.so at 0x00007f3fe6bde000
stack at sp + 6 slots: 0x00007f3fc6bfe3e0 is pointing into the stack for thread: 0x00007f3fe00d2d60
stack at sp + 7 slots: 0x00007f3fc6bfe440 is pointing into the stack for thread: 0x00007f3fe00d2d60


---------------  P R O C E S S  ---------------

Threads class SMR info:
_java_thread_list=0x00007f3f84001c30, length=24, elements={
0x00007f3fe0025f80, 0x00007f3fe00c7040, 0x00007f3fe00c8480, 0x00007f3fe00cebd0,
0x00007f3fe00cff80, 0x00007f3fe00d1370, 0x00007f3fe00d2d60, 0x00007f3fe00d4270,
0x00007f3fe00d56c0, 0x00007f3fe00f85b0, 0x00007f3fe0140b80, 0x00007f3fe03467a0,
0x00007f3fe038e9b0, 0x00007f3fe0391640, 0x00007f3f7402f440, 0x00007f3f743fd300,
0x00007f3f7447ee10, 0x00007f3f5c0010d0, 0x00007f3f746224b0, 0x00007f3f747c6380,
0x00007f3fe03d9d10, 0x00007f3fe0479ac0, 0x00007f3f502d97c0, 0x00007f3f60414e10
}

Java Threads: ( => current thread )
  0x00007f3fe0025f80 JavaThread "main" [_thread_blocked, id=4457, stack(0x00007f3fe69f9000,0x00007f3fe6af9000)]
  0x00007f3fe00c7040 JavaThread "Reference Handler" daemon [_thread_blocked, id=4460, stack(0x00007f3fe470d000,0x00007f3fe480d000)]
  0x00007f3fe00c8480 JavaThread "Finalizer" daemon [_thread_blocked, id=4461, stack(0x00007f3fe460d000,0x00007f3fe470d000)]
  0x00007f3fe00cebd0 JavaThread "Signal Dispatcher" daemon [_thread_blocked, id=4462, stack(0x00007f3fe4227000,0x00007f3fe4327000)]
  0x00007f3fe00cff80 JavaThread "Service Thread" daemon [_thread_blocked, id=4463, stack(0x00007f3fe4127000,0x00007f3fe4227000)]
  0x00007f3fe00d1370 JavaThread "Monitor Deflation Thread" daemon [_thread_blocked, id=4464, stack(0x00007f3fe4027000,0x00007f3fe4127000)]
=>0x00007f3fe00d2d60 JavaThread "JVMCI-native CompilerThread0" daemon [_thread_in_vm, id=4465, stack(0x00007f3fc6a00000,0x00007f3fc6c00000)]
  0x00007f3fe00d4270 JavaThread "C1 CompilerThread0" daemon [_thread_blocked, id=4466, stack(0x00007f3fc6800000,0x00007f3fc6a00000)]
  0x00007f3fe00d56c0 JavaThread "Sweeper thread" daemon [_thread_blocked, id=4467, stack(0x00007f3fc6700000,0x00007f3fc6800000)]
  0x00007f3fe00f85b0 JavaThread "Common-Cleaner" daemon [_thread_blocked, id=4468, stack(0x00007f3fc6600000,0x00007f3fc6700000)]
  0x00007f3fe0140b80 JavaThread "Notification Thread" daemon [_thread_blocked, id=4469, stack(0x00007f3fc6500000,0x00007f3fc6600000)]
  0x00007f3fe03467a0 JavaThread "Active Thread: Equinox Container: 41c3fc6f-a8c2-4fe3-8745-fbd995f34f6c" [_thread_blocked, id=4474, stack(0x00007f3fc5100000,0x00007f3fc5200000)]
  0x00007f3fe038e9b0 JavaThread "Framework Event Dispatcher: Equinox Container: 41c3fc6f-a8c2-4fe3-8745-fbd995f34f6c" daemon [_thread_blocked, id=4475, stack(0x00007f3fc4f00000,0x00007f3fc5000000)]
  0x00007f3fe0391640 JavaThread "Start Level: Equinox Container: 41c3fc6f-a8c2-4fe3-8745-fbd995f34f6c" daemon [_thread_blocked, id=4476, stack(0x00007f3fc4d00000,0x00007f3fc4e00000)]
  0x00007f3f7402f440 JavaThread "SCR Component Actor" daemon [_thread_blocked, id=4478, stack(0x00007f3fc4b00000,0x00007f3fc4c00000)]
  0x00007f3f743fd300 JavaThread "Worker-JM" [_thread_blocked, id=4483, stack(0x00007f3fc4700000,0x00007f3fc4800000)]
  0x00007f3f7447ee10 JavaThread "Worker-0: Java indexing... " [_thread_blocked, id=4485, stack(0x00007f3fc4500000,0x00007f3fc4600000)]
  0x00007f3f5c0010d0 JavaThread "Worker-2: Compacting resource model" [_thread_blocked, id=4487, stack(0x00007f3fc4100000,0x00007f3fc4200000)]
  0x00007f3f746224b0 JavaThread "Java indexing" daemon [_thread_blocked, id=4488, stack(0x00007f3f8db00000,0x00007f3f8dc00000)]
  0x00007f3f747c6380 JavaThread "Bundle File Closer" daemon [_thread_blocked, id=4489, stack(0x00007f3fc4e00000,0x00007f3fc4f00000)]
  0x00007f3fe03d9d10 JavaThread "pool-3-thread-1" [_thread_blocked, id=4490, stack(0x00007f3fc4000000,0x00007f3fc4100000)]
  0x00007f3fe0479ac0 JavaThread "pool-2-thread-1" [_thread_in_native, id=4491, stack(0x00007f3f8d900000,0x00007f3f8da00000)]
  0x00007f3f502d97c0 JavaThread "Thread-10" [_thread_blocked, id=4865, stack(0x00007f3fc4300000,0x00007f3fc4400000)]
  0x00007f3f60414e10 JavaThread "Worker-4: Periodic workspace save." [_thread_blocked, id=4878, stack(0x00007f3f8d700000,0x00007f3f8d800000)]

Other Threads:
  0x00007f3fe00c2780 VMThread "VM Thread" [stack: 0x00007f3fe480f000,0x00007f3fe490f000] [id=4459] _threads_hazard_ptr=0x00007f3f84001c30
  0x00007f3fe0142520 WatcherThread [stack: 0x00007f3fc6400000,0x00007f3fc6500000] [id=4470]
  0x00007f3fe003d880 GCTaskThread "GC Thread#0" [stack: 0x00007f3fe65bc000,0x00007f3fe66bc000] [id=4458]
  0x00007f3fb8001270 GCTaskThread "GC Thread#1" [stack: 0x00007f3f8b900000,0x00007f3f8ba00000] [id=4477]

Threads with active compile tasks:
JVMCI-native CompilerThread0   318285 10503 %     4       java.util.Arrays::fill @ 5 (21 bytes)
C1 CompilerThread0   318286 10504   !   3       java.text.MessageFormat::makeFormat (656 bytes)

VM state: synchronizing (normal execution)

VM Mutex/Monitor currently owned by a thread:  ([mutex/lock_event])
[0x00007f3fe0023130] Threads_lock - owner thread: 0x00007f3fe00c2780
[0x00007f3fe00238e0] Heap_lock - owner thread: 0x00007f3f7447ee10

OutOfMemory and StackOverflow Exception counts:
OutOfMemoryError java_heap_errors=3
LinkageErrors=54

Heap address: 0x00000000e0000000, size: 512 MB, Compressed Oops mode: 32-bit

CDS archive(s) mapped at: [0x0000000800000000-0x0000000800bc8000-0x0000000800bc8000), size 12353536, SharedBaseAddress: 0x0000000800000000, ArchiveRelocationMode: 0.
Compressed class space mapped at: 0x0000000800c00000-0x0000000840c00000, reserved size: 1073741824
Narrow klass base: 0x0000000800000000, Narrow klass shift: 0, Narrow klass range: 0x100000000

GC Precious Log:
 CPUs: 16 total, 2 available
 Memory: 3215M
 Large Page Support: Disabled
 NUMA Support: Disabled
 Compressed Oops: Enabled (32-bit)
 Alignments: Space 512K, Generation 512K, Heap 2M
 Heap Min Capacity: 100M
 Heap Initial Capacity: 100M
 Heap Max Capacity: 512M
 Pre-touch: Disabled
 Parallel Workers: 2

Heap:
 PSYoungGen      total 68096K, used 33791K [0x00000000f5580000, 0x00000000fbb00000, 0x0000000100000000)
  eden space 33792K, 99% used [0x00000000f5580000,0x00000000f767fff0,0x00000000f7680000)
  from space 34304K, 0% used [0x00000000f7680000,0x00000000f7680000,0x00000000f9800000)
  to   space 32768K, 0% used [0x00000000f9b00000,0x00000000f9b00000,0x00000000fbb00000)
 ParOldGen       total 349696K, used 349695K [0x00000000e0000000, 0x00000000f5580000, 0x00000000f5580000)
  object space 349696K, 99% used [0x00000000e0000000,0x00000000f557ffe0,0x00000000f5580000)
 Metaspace       used 59681K, committed 60800K, reserved 1105920K
  class space    used 5500K, committed 5952K, reserved 1048576K

Card table byte_map: [0x00007f3fe66bc000,0x00007f3fe67bd000] _byte_map_base: 0x00007f3fe5fbc000

Marking Bits: (ParMarkBitMap*) 0x00007f3fe7e0c4c0
 Begin Bits: [0x00007f3fe550f000, 0x00007f3fe5d0f000)
 End Bits:   [0x00007f3fe5d0f000, 0x00007f3fe650f000)

Polling page: 0x00007f3fe69d6000

Metaspace:

Usage:
  Non-class:     52.91 MB used.
      Class:      5.37 MB used.
       Both:     58.28 MB used.

Virtual space:
  Non-class space:       56.00 MB reserved,      53.56 MB ( 96%) committed,  7 nodes.
      Class space:        1.00 GB reserved,       5.81 MB ( <1%) committed,  1 nodes.
             Both:        1.05 GB reserved,      59.38 MB (  5%) committed. 

Chunk freelists:
   Non-Class:  2.30 MB
       Class:  2.28 MB
        Both:  4.58 MB

MaxMetaspaceSize: unlimited
CompressedClassSpaceSize: 1.00 GB
Initial GC threshold: 21.00 MB
Current GC threshold: 99.00 MB
CDS: on
MetaspaceReclaimPolicy: balanced
 - commit_granule_bytes: 65536.
 - commit_granule_words: 8192.
 - virtual_space_node_default_size: 1048576.
 - enlarge_chunks_in_place: 1.
 - new_chunks_are_fully_committed: 0.
 - uncommit_free_chunks: 1.
 - use_allocation_guard: 0.
 - handle_deallocations: 1.


Internal statistics:

num_allocs_failed_limit: 6.
num_arena_births: 448.
num_arena_deaths: 134.
num_vsnodes_births: 8.
num_vsnodes_deaths: 0.
num_space_committed: 946.
num_space_uncommitted: 0.
num_chunks_returned_to_freelist: 188.
num_chunks_taken_from_freelist: 2870.
num_chunk_merges: 84.
num_chunk_splits: 1923.
num_chunks_enlarged: 1283.
num_purges: 6.
num_inconsistent_stats: 0.

CodeHeap 'non-profiled nmethods': size=120036Kb used=2902Kb max_used=2902Kb free=117133Kb
 bounds [0x00007f3fcef7a000, 0x00007f3fcf25a000, 0x00007f3fd64b3000]
CodeHeap 'profiled nmethods': size=120032Kb used=18418Kb max_used=19521Kb free=101613Kb
 bounds [0x00007f3fc7a42000, 0x00007f3fc8d62000, 0x00007f3fcef7a000]
CodeHeap 'non-nmethods': size=5692Kb used=1378Kb max_used=1398Kb free=4313Kb
 bounds [0x00007f3fc74b3000, 0x00007f3fc7723000, 0x00007f3fc7a42000]
 total_blobs=8952 nmethods=8237 adapters=587
 compilation: enabled
              stopped_count=0, restarted_count=0
 full_count=0

JVMCI Events (20 events):
Event: 216.294 Thread 0x00007f3fe00d2d60 compacted oop handles in JVMCI runtime 0 from 97 to 94
Event: 216.343 Thread 0x00007f3fe00d2d60 compacted oop handles in JVMCI runtime 0 from 125 to 109
Event: 216.343 Thread 0x00007f3fe00d2d60 compacted oop handles in JVMCI runtime 0 from 109 to 87
Event: 216.352 Thread 0x00007f3fe00d2d60 compacted oop handles in JVMCI runtime 0 from 92 to 91
Event: 216.364 Thread 0x00007f3fe00d2d60 compacted oop handles in JVMCI runtime 0 from 100 to 97
Event: 216.364 Thread 0x00007f3fe00d2d60 compacted oop handles in JVMCI runtime 0 from 98 to 59
Event: 216.365 Thread 0x00007f3fe00d2d60 compacted oop handles in JVMCI runtime 0 from 61 to 60
Event: 216.366 Thread 0x00007f3fe00d2d60 compacted oop handles in JVMCI runtime 0 from 62 to 61
Event: 216.401 Thread 0x00007f3fe00d2d60 compacted oop handles in JVMCI runtime 0 from 86 to 84
Event: 217.567 Thread 0x00007f3fe00d2d60 detaching from JVMCI runtime 0: releasing idle compiler thread (0 other threads still attached)
Event: 217.567 Thread 0x00007f3fe00d2d60 shutting down HotSpotJVMCIRuntime for JVMCI runtime 0
Event: 217.567 Thread 0x00007f3fe00d2d60 shut down JVMCI runtime 0
Event: 217.572 Thread 0x00007f3fe00d2d60 destroyed JavaVM[8]@0x00007f3f8d19e340 for JVMCI runtime 0
Event: 217.572 Thread 0x00007f3fe00d2d60 compacted oop handles in JVMCI runtime 0 from 84 to 84
Event: 217.572 Thread 0x00007f3fe00d2d60 releasing handles for JVMCI runtime 0: oop handles=84, metadata handles={total=1664, live=1104, blocks=52}
Event: 217.573 Thread 0x00007f3fe00d2d60 detached from JVMCI runtime 0
Event: 304.955 Thread 0x00007f3fe00d2d60 attached to JVMCI runtime 0
Event: 304.958 Thread 0x00007f3fe00d2d60 created JavaVM[9]@0x00007f3f8d19e340 for JVMCI runtime 0
Event: 305.514 Thread 0x00007f3fe00d2d60 initializing JVMCI runtime 0
Event: 305.514 Thread 0x00007f3fe00d2d60 done waiting for JavaVM references initialization in JVMCI runtime 0

Compilation events (20 events):
Event: 216.352 Thread 0x00007f3fe00d2d60 10168       4       org.eclipse.jdt.core.dom.DefaultASTVisitor::visit (6 bytes)
Event: 216.353 Thread 0x00007f3fe00d2d60 nmethod 10168 0x00007f3fcf24d110 code [0x00007f3fcf24d280, 0x00007f3fcf24d2e0]
Event: 216.353 Thread 0x00007f3fe00d2d60 10169       4       org.eclipse.jdt.core.dom.DefaultASTVisitor::endVisit (6 bytes)
Event: 216.354 Thread 0x00007f3fe00d2d60 nmethod 10169 0x00007f3fcf24d410 code [0x00007f3fcf24d580, 0x00007f3fcf24d5e0]
Event: 216.354 Thread 0x00007f3fe00d2d60 9549       4       org.eclipse.jdt.internal.core.search.matching.ConstructorPattern::createDefaultDeclarationIndexKey (13 bytes)
Event: 216.364 Thread 0x00007f3fe00d2d60 nmethod 9549 0x00007f3fcf24d710 code [0x00007f3fcf24d8a0, 0x00007f3fcf24d930]
Event: 216.364 Thread 0x00007f3fe00d2d60 10173       4       org.eclipse.jdt.core.dom.SingleVariableDeclaration::internalExtraDimensions2Property (4 bytes)
Event: 216.365 Thread 0x00007f3fe00d2d60 nmethod 10173 0x00007f3fcf24da90 code [0x00007f3fcf24dc00, 0x00007f3fcf24dc48]
Event: 216.365 Thread 0x00007f3fe00d2d60 10174       4       org.eclipse.jdt.core.dom.SingleVariableDeclaration::internalNameProperty (4 bytes)
Event: 216.366 Thread 0x00007f3fe00d2d60 nmethod 10174 0x00007f3fcf24dd90 code [0x00007f3fcf24df00, 0x00007f3fcf24df48]
Event: 216.366 Thread 0x00007f3fe00d2d60 9510       4       org.eclipse.core.runtime.ProgressMonitorWrapper::isCanceled (10 bytes)
Event: 216.367 Thread 0x00007f3fe00d2d60 nmethod 9510 0x00007f3fcf24e090 code [0x00007f3fcf24e200, 0x00007f3fcf24e270]
Event: 216.370 Thread 0x00007f3fe00d2d60 10500       4       org.eclipse.jdt.internal.compiler.util.SimpleLookupTable::get (59 bytes)
Event: 216.401 Thread 0x00007f3fe00d2d60 nmethod 10500 0x00007f3fcf24e390 code [0x00007f3fcf24e620, 0x00007f3fcf24f230]
Event: 233.945 Thread 0x00007f3fe00d4270 10501       3       java.util.LinkedList::get (14 bytes)
Event: 235.002 Thread 0x00007f3fe00d4270 nmethod 10501 0x00007f3fc8c3d590 code [0x00007f3fc8c3d780, 0x00007f3fc8c3db60]
Event: 302.760 Thread 0x00007f3fe00d4270 10502       1       org.eclipse.core.internal.jobs.InternalJob::getWaitQueueStamp (5 bytes)
Event: 303.310 Thread 0x00007f3fe00d4270 nmethod 10502 0x00007f3fcf24f890 code [0x00007f3fcf24fa20, 0x00007f3fcf24faf0]
Event: 304.955 Thread 0x00007f3fe00d2d60 10503 %     4       java.util.Arrays::fill @ 5 (21 bytes)
Event: 316.181 Thread 0x00007f3fe00d4270 10504   !   3       java.text.MessageFormat::makeFormat (656 bytes)

GC Heap History (20 events):
Event: 312.330 GC heap before
{Heap before GC invocations=276 (full 186):
 PSYoungGen      total 68096K, used 33791K [0x00000000f5580000, 0x00000000fbb00000, 0x0000000100000000)
  eden space 33792K, 99% used [0x00000000f5580000,0x00000000f767ffe0,0x00000000f7680000)
  from space 34304K, 0% used [0x00000000f7680000,0x00000000f7680000,0x00000000f9800000)
  to   space 32768K, 0% used [0x00000000f9b00000,0x00000000f9b00000,0x00000000fbb00000)
 ParOldGen       total 349696K, used 349695K [0x00000000e0000000, 0x00000000f5580000, 0x00000000f5580000)
  object space 349696K, 99% used [0x00000000e0000000,0x00000000f557fff0,0x00000000f5580000)
 Metaspace       used 59681K, committed 60800K, reserved 1105920K
  class space    used 5500K, committed 5952K, reserved 1048576K
}
Event: 312.868 GC heap after
{Heap after GC invocations=276 (full 186):
 PSYoungGen      total 66560K, used 33791K [0x00000000f5580000, 0x00000000fbb00000, 0x0000000100000000)
  eden space 33792K, 99% used [0x00000000f5580000,0x00000000f767ffe0,0x00000000f7680000)
  from space 32768K, 0% used [0x00000000f9b00000,0x00000000f9b00000,0x00000000fbb00000)
  to   space 34304K, 0% used [0x00000000f7680000,0x00000000f7680000,0x00000000f9800000)
 ParOldGen       total 349696K, used 349695K [0x00000000e0000000, 0x00000000f5580000, 0x00000000f5580000)
  object space 349696K, 99% used [0x00000000e0000000,0x00000000f557fff0,0x00000000f5580000)
 Metaspace       used 59681K, committed 60800K, reserved 1105920K
  class space    used 5500K, committed 5952K, reserved 1048576K
}
Event: 312.870 GC heap before
{Heap before GC invocations=277 (full 187):
 PSYoungGen      total 66560K, used 33792K [0x00000000f5580000, 0x00000000fbb00000, 0x0000000100000000)
  eden space 33792K, 100% used [0x00000000f5580000,0x00000000f7680000,0x00000000f7680000)
  from space 32768K, 0% used [0x00000000f9b00000,0x00000000f9b00000,0x00000000fbb00000)
  to   space 34304K, 0% used [0x00000000f7680000,0x00000000f7680000,0x00000000f9800000)
 ParOldGen       total 349696K, used 349695K [0x00000000e0000000, 0x00000000f5580000, 0x00000000f5580000)
  object space 349696K, 99% used [0x00000000e0000000,0x00000000f557fff0,0x00000000f5580000)
 Metaspace       used 59681K, committed 60800K, reserved 1105920K
  class space    used 5500K, committed 5952K, reserved 1048576K
}
Event: 313.451 GC heap after
{Heap after GC invocations=277 (full 187):
 PSYoungGen      total 68096K, used 33792K [0x00000000f5580000, 0x00000000fbb00000, 0x0000000100000000)
  eden space 33792K, 100% used [0x00000000f5580000,0x00000000f7680000,0x00000000f7680000)
  from space 34304K, 0% used [0x00000000f7680000,0x00000000f7680000,0x00000000f9800000)
  to   space 32768K, 0% used [0x00000000f9b00000,0x00000000f9b00000,0x00000000fbb00000)
 ParOldGen       total 349696K, used 349694K [0x00000000e0000000, 0x00000000f5580000, 0x00000000f5580000)
  object space 349696K, 99% used [0x00000000e0000000,0x00000000f557fa50,0x00000000f5580000)
 Metaspace       used 59681K, committed 60800K, reserved 1105920K
  class space    used 5500K, committed 5952K, reserved 1048576K
}
Event: 313.452 GC heap before
{Heap before GC invocations=278 (full 188):
 PSYoungGen      total 68096K, used 33792K [0x00000000f5580000, 0x00000000fbb00000, 0x0000000100000000)
  eden space 33792K, 100% used [0x00000000f5580000,0x00000000f7680000,0x00000000f7680000)
  from space 34304K, 0% used [0x00000000f7680000,0x00000000f7680000,0x00000000f9800000)
  to   space 32768K, 0% used [0x00000000f9b00000,0x00000000f9b00000,0x00000000fbb00000)
 ParOldGen       total 349696K, used 349695K [0x00000000e0000000, 0x00000000f5580000, 0x00000000f5580000)
  object space 349696K, 99% used [0x00000000e0000000,0x00000000f557ffd8,0x00000000f5580000)
 Metaspace       used 59681K, committed 60800K, reserved 1105920K
  class space    used 5500K, committed 5952K, reserved 1048576K
}
Event: 314.013 GC heap after
{Heap after GC invocations=278 (full 188):
 PSYoungGen      total 66560K, used 33791K [0x00000000f5580000, 0x00000000fbb00000, 0x0000000100000000)
  eden space 33792K, 99% used [0x00000000f5580000,0x00000000f767ffa8,0x00000000f7680000)
  from space 32768K, 0% used [0x00000000f9b00000,0x00000000f9b00000,0x00000000fbb00000)
  to   space 34304K, 0% used [0x00000000f7680000,0x00000000f7680000,0x00000000f9800000)
 ParOldGen       total 349696K, used 349694K [0x00000000e0000000, 0x00000000f5580000, 0x00000000f5580000)
  object space 349696K, 99% used [0x00000000e0000000,0x00000000f557fad8,0x00000000f5580000)
 Metaspace       used 59681K, committed 60800K, reserved 1105920K
  class space    used 5500K, committed 5952K, reserved 1048576K
}
Event: 314.014 GC heap before
{Heap before GC invocations=279 (full 189):
 PSYoungGen      total 66560K, used 33792K [0x00000000f5580000, 0x00000000fbb00000, 0x0000000100000000)
  eden space 33792K, 100% used [0x00000000f5580000,0x00000000f7680000,0x00000000f7680000)
  from space 32768K, 0% used [0x00000000f9b00000,0x00000000f9b00000,0x00000000fbb00000)
  to   space 34304K, 0% used [0x00000000f7680000,0x00000000f7680000,0x00000000f9800000)
 ParOldGen       total 349696K, used 349694K [0x00000000e0000000, 0x00000000f5580000, 0x00000000f5580000)
  object space 349696K, 99% used [0x00000000e0000000,0x00000000f557fad8,0x00000000f5580000)
 Metaspace       used 59681K, committed 60800K, reserved 1105920K
  class space    used 5500K, committed 5952K, reserved 1048576K
}
Event: 314.544 GC heap after
{Heap after GC invocations=279 (full 189):
 PSYoungGen      total 68096K, used 33792K [0x00000000f5580000, 0x00000000fbb00000, 0x0000000100000000)
  eden space 33792K, 100% used [0x00000000f5580000,0x00000000f7680000,0x00000000f7680000)
  from space 34304K, 0% used [0x00000000f7680000,0x00000000f7680000,0x00000000f9800000)
  to   space 32768K, 0% used [0x00000000f9b00000,0x00000000f9b00000,0x00000000fbb00000)
 ParOldGen       total 349696K, used 349694K [0x00000000e0000000, 0x00000000f5580000, 0x00000000f5580000)
  object space 349696K, 99% used [0x00000000e0000000,0x00000000f557fa98,0x00000000f5580000)
 Metaspace       used 59681K, committed 60800K, reserved 1105920K
  class space    used 5500K, committed 5952K, reserved 1048576K
}
Event: 314.545 GC heap before
{Heap before GC invocations=280 (full 190):
 PSYoungGen      total 68096K, used 33792K [0x00000000f5580000, 0x00000000fbb00000, 0x0000000100000000)
  eden space 33792K, 100% used [0x00000000f5580000,0x00000000f7680000,0x00000000f7680000)
  from space 34304K, 0% used [0x00000000f7680000,0x00000000f7680000,0x00000000f9800000)
  to   space 32768K, 0% used [0x00000000f9b00000,0x00000000f9b00000,0x00000000fbb00000)
 ParOldGen       total 349696K, used 349695K [0x00000000e0000000, 0x00000000f5580000, 0x00000000f5580000)
  object space 349696K, 99% used [0x00000000e0000000,0x00000000f557ffb0,0x00000000f5580000)
 Metaspace       used 59681K, committed 60800K, reserved 1105920K
  class space    used 5500K, committed 5952K, reserved 1048576K
}
Event: 315.074 GC heap after
{Heap after GC invocations=280 (full 190):
 PSYoungGen      total 66560K, used 33791K [0x00000000f5580000, 0x00000000fbb00000, 0x0000000100000000)
  eden space 33792K, 99% used [0x00000000f5580000,0x00000000f767fdc0,0x00000000f7680000)
  from space 32768K, 0% used [0x00000000f9b00000,0x00000000f9b00000,0x00000000fbb00000)
  to   space 34304K, 0% used [0x00000000f7680000,0x00000000f7680000,0x00000000f9800000)
 ParOldGen       total 349696K, used 349695K [0x00000000e0000000, 0x00000000f5580000, 0x00000000f5580000)
  object space 349696K, 99% used [0x00000000e0000000,0x00000000f557fc30,0x00000000f5580000)
 Metaspace       used 59681K, committed 60800K, reserved 1105920K
  class space    used 5500K, committed 5952K, reserved 1048576K
}
Event: 315.075 GC heap before
{Heap before GC invocations=281 (full 191):
 PSYoungGen      total 66560K, used 33791K [0x00000000f5580000, 0x00000000fbb00000, 0x0000000100000000)
  eden space 33792K, 99% used [0x00000000f5580000,0x00000000f767fff8,0x00000000f7680000)
  from space 32768K, 0% used [0x00000000f9b00000,0x00000000f9b00000,0x00000000fbb00000)
  to   space 34304K, 0% used [0x00000000f7680000,0x00000000f7680000,0x00000000f9800000)
 ParOldGen       total 349696K, used 349695K [0x00000000e0000000, 0x00000000f5580000, 0x00000000f5580000)
  object space 349696K, 99% used [0x00000000e0000000,0x00000000f557fc30,0x00000000f5580000)
 Metaspace       used 59681K, committed 60800K, reserved 1105920K
  class space    used 5500K, committed 5952K, reserved 1048576K
}
Event: 315.642 GC heap after
{Heap after GC invocations=281 (full 191):
 PSYoungGen      total 68096K, used 33791K [0x00000000f5580000, 0x00000000fbb00000, 0x0000000100000000)
  eden space 33792K, 99% used [0x00000000f5580000,0x00000000f767ff90,0x00000000f7680000)
  from space 34304K, 0% used [0x00000000f7680000,0x00000000f7680000,0x00000000f9800000)
  to   space 32768K, 0% used [0x00000000f9b00000,0x00000000f9b00000,0x00000000fbb00000)
 ParOldGen       total 349696K, used 349695K [0x00000000e0000000, 0x00000000f5580000, 0x00000000f5580000)
  object space 349696K, 99% used [0x00000000e0000000,0x00000000f557fc10,0x00000000f5580000)
 Metaspace       used 59681K, committed 60800K, reserved 1105920K
  class space    used 5500K, committed 5952K, reserved 1048576K
}
Event: 315.642 GC heap before
{Heap before GC invocations=282 (full 192):
 PSYoungGen      total 68096K, used 33791K [0x00000000f5580000, 0x00000000fbb00000, 0x0000000100000000)
  eden space 33792K, 99% used [0x00000000f5580000,0x00000000f767fff8,0x00000000f7680000)
  from space 34304K, 0% used [0x00000000f7680000,0x00000000f7680000,0x00000000f9800000)
  to   space 32768K, 0% used [0x00000000f9b00000,0x00000000f9b00000,0x00000000fbb00000)
 ParOldGen       total 349696K, used 349695K [0x00000000e0000000, 0x00000000f5580000, 0x00000000f5580000)
  object space 349696K, 99% used [0x00000000e0000000,0x00000000f557fc10,0x00000000f5580000)
 Metaspace       used 59681K, committed 60800K, reserved 1105920K
  class space    used 5500K, committed 5952K, reserved 1048576K
}
Event: 316.180 GC heap after
{Heap after GC invocations=282 (full 192):
 PSYoungGen      total 66560K, used 33791K [0x00000000f5580000, 0x00000000fbb00000, 0x0000000100000000)
  eden space 33792K, 99% used [0x00000000f5580000,0x00000000f767ffd8,0x00000000f7680000)
  from space 32768K, 0% used [0x00000000f9b00000,0x00000000f9b00000,0x00000000fbb00000)
  to   space 34304K, 0% used [0x00000000f7680000,0x00000000f7680000,0x00000000f9800000)
 ParOldGen       total 349696K, used 349695K [0x00000000e0000000, 0x00000000f5580000, 0x00000000f5580000)
  object space 349696K, 99% used [0x00000000e0000000,0x00000000f557fc10,0x00000000f5580000)
 Metaspace       used 59681K, committed 60800K, reserved 1105920K
  class space    used 5500K, committed 5952K, reserved 1048576K
}
Event: 316.182 GC heap before
{Heap before GC invocations=283 (full 193):
 PSYoungGen      total 66560K, used 33791K [0x00000000f5580000, 0x00000000fbb00000, 0x0000000100000000)
  eden space 33792K, 99% used [0x00000000f5580000,0x00000000f767fff8,0x00000000f7680000)
  from space 32768K, 0% used [0x00000000f9b00000,0x00000000f9b00000,0x00000000fbb00000)
  to   space 34304K, 0% used [0x00000000f7680000,0x00000000f7680000,0x00000000f9800000)
 ParOldGen       total 349696K, used 349695K [0x00000000e0000000, 0x00000000f5580000, 0x00000000f5580000)
  object space 349696K, 99% used [0x00000000e0000000,0x00000000f557fff0,0x00000000f5580000)
 Metaspace       used 59681K, committed 60800K, reserved 1105920K
  class space    used 5500K, committed 5952K, reserved 1048576K
}
Event: 316.796 GC heap after
{Heap after GC invocations=283 (full 193):
 PSYoungGen      total 68096K, used 33791K [0x00000000f5580000, 0x00000000fbb00000, 0x0000000100000000)
  eden space 33792K, 99% used [0x00000000f5580000,0x00000000f767ff10,0x00000000f7680000)
  from space 34304K, 0% used [0x00000000f7680000,0x00000000f7680000,0x00000000f9800000)
  to   space 32768K, 0% used [0x00000000f9b00000,0x00000000f9b00000,0x00000000fbb00000)
 ParOldGen       total 349696K, used 349695K [0x00000000e0000000, 0x00000000f5580000, 0x00000000f5580000)
  object space 349696K, 99% used [0x00000000e0000000,0x00000000f557fe10,0x00000000f5580000)
 Metaspace       used 59681K, committed 60800K, reserved 1105920K
  class space    used 5500K, committed 5952K, reserved 1048576K
}
Event: 316.800 GC heap before
{Heap before GC invocations=284 (full 194):
 PSYoungGen      total 68096K, used 33791K [0x00000000f5580000, 0x00000000fbb00000, 0x0000000100000000)
  eden space 33792K, 99% used [0x00000000f5580000,0x00000000f767ffe0,0x00000000f7680000)
  from space 34304K, 0% used [0x00000000f7680000,0x00000000f7680000,0x00000000f9800000)
  to   space 32768K, 0% used [0x00000000f9b00000,0x00000000f9b00000,0x00000000fbb00000)
 ParOldGen       total 349696K, used 349695K [0x00000000e0000000, 0x00000000f5580000, 0x00000000f5580000)
  object space 349696K, 99% used [0x00000000e0000000,0x00000000f557fe10,0x00000000f5580000)
 Metaspace       used 59681K, committed 60800K, reserved 1105920K
  class space    used 5500K, committed 5952K, reserved 1048576K
}
Event: 317.433 GC heap after
{Heap after GC invocations=284 (full 194):
 PSYoungGen      total 66560K, used 33791K [0x00000000f5580000, 0x00000000fbb00000, 0x0000000100000000)
  eden space 33792K, 99% used [0x00000000f5580000,0x00000000f767ffa0,0x00000000f7680000)
  from space 32768K, 0% used [0x00000000f9b00000,0x00000000f9b00000,0x00000000fbb00000)
  to   space 34304K, 0% used [0x00000000f7680000,0x00000000f7680000,0x00000000f9800000)
 ParOldGen       total 349696K, used 349695K [0x00000000e0000000, 0x00000000f5580000, 0x00000000f5580000)
  object space 349696K, 99% used [0x00000000e0000000,0x00000000f557fe10,0x00000000f5580000)
 Metaspace       used 59681K, committed 60800K, reserved 1105920K
  class space    used 5500K, committed 5952K, reserved 1048576K
}
Event: 317.433 GC heap before
{Heap before GC invocations=285 (full 195):
 PSYoungGen      total 66560K, used 33791K [0x00000000f5580000, 0x00000000fbb00000, 0x0000000100000000)
  eden space 33792K, 99% used [0x00000000f5580000,0x00000000f767ffa0,0x00000000f7680000)
  from space 32768K, 0% used [0x00000000f9b00000,0x00000000f9b00000,0x00000000fbb00000)
  to   space 34304K, 0% used [0x00000000f7680000,0x00000000f7680000,0x00000000f9800000)
 ParOldGen       total 349696K, used 349695K [0x00000000e0000000, 0x00000000f5580000, 0x00000000f5580000)
  object space 349696K, 99% used [0x00000000e0000000,0x00000000f557fe10,0x00000000f5580000)
 Metaspace       used 59681K, committed 60800K, reserved 1105920K
  class space    used 5500K, committed 5952K, reserved 1048576K
}
Event: 318.153 GC heap after
{Heap after GC invocations=285 (full 195):
 PSYoungGen      total 68096K, used 33791K [0x00000000f5580000, 0x00000000fbb00000, 0x0000000100000000)
  eden space 33792K, 99% used [0x00000000f5580000,0x00000000f767ffa0,0x00000000f7680000)
  from space 34304K, 0% used [0x00000000f7680000,0x00000000f7680000,0x00000000f9800000)
  to   space 32768K, 0% used [0x00000000f9b00000,0x00000000f9b00000,0x00000000fbb00000)
 ParOldGen       total 349696K, used 349695K [0x00000000e0000000, 0x00000000f5580000, 0x00000000f5580000)
  object space 349696K, 99% used [0x00000000e0000000,0x00000000f557fe10,0x00000000f5580000)
 Metaspace       used 59681K, committed 60800K, reserved 1105920K
  class space    used 5500K, committed 5952K, reserved 1048576K
}

Dll operation events (8 events):
Event: 0.080 Loaded shared library /nix/store/gpxl5qgg8kicmcvivwmybwjlpf7wh20l-graalvm17-ce-22.3.0/lib/libjava.so
Event: 0.092 Loaded shared library /nix/store/gpxl5qgg8kicmcvivwmybwjlpf7wh20l-graalvm17-ce-22.3.0/lib/libjsvml.so
Event: 0.169 Loaded shared library /nix/store/gpxl5qgg8kicmcvivwmybwjlpf7wh20l-graalvm17-ce-22.3.0/lib/libnio.so
Event: 0.173 Loaded shared library /nix/store/gpxl5qgg8kicmcvivwmybwjlpf7wh20l-graalvm17-ce-22.3.0/lib/libzip.so
Event: 0.177 Loaded shared library /nix/store/gpxl5qgg8kicmcvivwmybwjlpf7wh20l-graalvm17-ce-22.3.0/lib/libjvmcicompiler.so
Event: 0.258 Loaded shared library /nix/store/gpxl5qgg8kicmcvivwmybwjlpf7wh20l-graalvm17-ce-22.3.0/lib/libjimage.so
Event: 0.666 Loaded shared library /nix/store/gpxl5qgg8kicmcvivwmybwjlpf7wh20l-graalvm17-ce-22.3.0/lib/libnet.so
Event: 0.996 Loaded shared library /home/runner/.cache/jdt-language-server/config/org.eclipse.equinox.launcher/org.eclipse.equinox.launcher.gtk.linux.x86_64_1.2.400.v20211117-0650/eclipse_11600.so

Deoptimization events (20 events):
Event: 216.175 Thread 0x00007f3f746224b0 DEOPT PACKING pc=0x00007f3fc8902add sp=0x00007f3f8dbfe530
Event: 216.175 Thread 0x00007f3f746224b0 DEOPT UNPACKING pc=0x00007f3fc7505325 sp=0x00007f3f8dbfda20 mode 0
Event: 216.177 Thread 0x00007f3f746224b0 DEOPT PACKING pc=0x00007f3fc8902add sp=0x00007f3f8dbfe530
Event: 216.177 Thread 0x00007f3f746224b0 DEOPT UNPACKING pc=0x00007f3fc7505325 sp=0x00007f3f8dbfda20 mode 0
Event: 216.181 Thread 0x00007f3f746224b0 DEOPT PACKING pc=0x00007f3fc8902add sp=0x00007f3f8dbfe530
Event: 216.181 Thread 0x00007f3f746224b0 DEOPT UNPACKING pc=0x00007f3fc7505325 sp=0x00007f3f8dbfda20 mode 0
Event: 216.183 Thread 0x00007f3f746224b0 DEOPT PACKING pc=0x00007f3fc8902add sp=0x00007f3f8dbfe530
Event: 216.183 Thread 0x00007f3f746224b0 DEOPT UNPACKING pc=0x00007f3fc7505325 sp=0x00007f3f8dbfda20 mode 0
Event: 216.186 Thread 0x00007f3f746224b0 DEOPT PACKING pc=0x00007f3fc8902add sp=0x00007f3f8dbfe530
Event: 216.186 Thread 0x00007f3f746224b0 DEOPT UNPACKING pc=0x00007f3fc7505325 sp=0x00007f3f8dbfda20 mode 0
Event: 216.188 Thread 0x00007f3f746224b0 DEOPT PACKING pc=0x00007f3fc8902add sp=0x00007f3f8dbfe530
Event: 216.188 Thread 0x00007f3f746224b0 DEOPT UNPACKING pc=0x00007f3fc7505325 sp=0x00007f3f8dbfda20 mode 0
Event: 304.411 Thread 0x00007f3f746224b0 Uncommon trap: trap_request=0xffffff8f fr.pc=0x00007f3fcf221182 relative=0x0000000000001042
Event: 304.411 Thread 0x00007f3f746224b0 Uncommon trap: reason=constraint action=none pc=0x00007f3fcf221182 method=org.eclipse.jdt.internal.core.index.DiskIndex.copyQueryResults(Lorg/eclipse/jdt/internal/compiler/util/HashtableOfObject;I)V @ 123 jvmci
Event: 304.411 Thread 0x00007f3f746224b0 DEOPT PACKING pc=0x00007f3fcf221182 sp=0x00007f3f8dbfe550
Event: 304.411 Thread 0x00007f3f746224b0 DEOPT UNPACKING pc=0x00007f3fc7505325 sp=0x00007f3f8dbfda28 mode 3
Event: 312.868 Thread 0x00007f3f60414e10 Uncommon trap: trap_request=0xffffff8f fr.pc=0x00007f3fcef95618 relative=0x00000000000001f8
Event: 312.868 Thread 0x00007f3f60414e10 Uncommon trap: reason=constraint action=none pc=0x00007f3fcef95618 method=java.util.Arrays.copyOfRange([BII)[B @ 0 jvmci
Event: 312.868 Thread 0x00007f3f60414e10 DEOPT PACKING pc=0x00007f3fcef95618 sp=0x00007f3f8d7fdad0
Event: 312.868 Thread 0x00007f3f60414e10 DEOPT UNPACKING pc=0x00007f3fc7505325 sp=0x00007f3f8d7fcf50 mode 3

Classes unloaded (20 events):
Event: 214.097 Thread 0x00007f3fe00c2780 Unloading class 0x0000000800d94400 'java/lang/invoke/LambdaForm$MH+0x0000000800d94400'
Event: 214.097 Thread 0x00007f3fe00c2780 Unloading class 0x0000000800d94000 'java/lang/invoke/LambdaForm$MH+0x0000000800d94000'
Event: 214.097 Thread 0x00007f3fe00c2780 Unloading class 0x0000000800cb2800 'java/lang/invoke/LambdaForm$MH+0x0000000800cb2800'
Event: 214.097 Thread 0x00007f3fe00c2780 Unloading class 0x0000000800cb2000 'java/lang/invoke/LambdaForm$MH+0x0000000800cb2000'
Event: 214.097 Thread 0x00007f3fe00c2780 Unloading class 0x0000000800cb1c00 'java/lang/invoke/LambdaForm$MH+0x0000000800cb1c00'
Event: 214.097 Thread 0x00007f3fe00c2780 Unloading class 0x0000000800cb1800 'java/lang/invoke/LambdaForm$MH+0x0000000800cb1800'
Event: 214.097 Thread 0x00007f3fe00c2780 Unloading class 0x0000000800cb1000 'java/lang/invoke/LambdaForm$MH+0x0000000800cb1000'
Event: 214.097 Thread 0x00007f3fe00c2780 Unloading class 0x0000000800cb0c00 'java/lang/invoke/LambdaForm$MH+0x0000000800cb0c00'
Event: 214.097 Thread 0x00007f3fe00c2780 Unloading class 0x0000000800cb0800 'java/lang/invoke/LambdaForm$MH+0x0000000800cb0800'
Event: 214.097 Thread 0x00007f3fe00c2780 Unloading class 0x0000000800cb0000 'java/lang/invoke/LambdaForm$MH+0x0000000800cb0000'
Event: 214.097 Thread 0x00007f3fe00c2780 Unloading class 0x0000000800c85000 'jdk/internal/reflect/GeneratedMethodAccessor5'
Event: 214.097 Thread 0x00007f3fe00c2780 Unloading class 0x0000000800c84c00 'jdk/internal/reflect/GeneratedMethodAccessor4'
Event: 214.097 Thread 0x00007f3fe00c2780 Unloading class 0x0000000800c84800 'jdk/internal/reflect/GeneratedMethodAccessor3'
Event: 214.097 Thread 0x00007f3fe00c2780 Unloading class 0x0000000800c84400 'jdk/internal/reflect/GeneratedMethodAccessor2'
Event: 214.097 Thread 0x00007f3fe00c2780 Unloading class 0x0000000800c84000 'jdk/internal/reflect/GeneratedMethodAccessor1'
Event: 214.097 Thread 0x00007f3fe00c2780 Unloading class 0x0000000800c01c00 'java/lang/invoke/LambdaForm$DMH+0x0000000800c01c00'
Event: 217.937 Thread 0x00007f3fe00c2780 Unloading class 0x0000000801194000 'jdk/internal/reflect/GeneratedConstructorAccessor25'
Event: 287.568 Thread 0x00007f3fe00c2780 Unloading class 0x000000080116c000 'jdk/internal/reflect/GeneratedConstructorAccessor24'
Event: 287.568 Thread 0x00007f3fe00c2780 Unloading class 0x0000000800ff8800 'jdk/internal/reflect/GeneratedConstructorAccessor14'
Event: 287.568 Thread 0x00007f3fe00c2780 Unloading class 0x0000000800e0dc00 'jdk/internal/reflect/GeneratedMethodAccessor8'

Classes redefined (0 events):
No events

Internal exceptions (20 events):
Event: 7.935 Thread 0x00007f3f680010d0 Exception <a 'java/lang/NoSuchMethodError'{0x00000000f6a49328}: 'java.lang.Object java.lang.invoke.DirectMethodHandle$Holder.invokeStatic(java.lang.Object, java.lang.Object, int, java.lang.Object)'> (0x00000000f6a49328) 
thrown [src/hotspot/share/interpreter/linkResolver.cpp, line 758]
Event: 7.936 Thread 0x00007f3f680010d0 Exception <a 'java/lang/NoSuchMethodError'{0x00000000f6a60190}: 'java.lang.Object java.lang.invoke.DirectMethodHandle$Holder.newInvokeSpecial(java.lang.Object, java.lang.Object, int)'> (0x00000000f6a60190) 
thrown [src/hotspot/share/interpreter/linkResolver.cpp, line 758]
Event: 8.040 Thread 0x00007f3f502d5d90 Exception <a 'java/lang/NoSuchMethodError'{0x00000000f57c8ab0}: 'void java.lang.invoke.DirectMethodHandle$Holder.invokeSpecial(java.lang.Object, java.lang.Object, int)'> (0x00000000f57c8ab0) 
thrown [src/hotspot/share/interpreter/linkResolver.cpp, line 758]
Event: 8.132 Thread 0x00007f3f502d5d90 Exception <a 'java/lang/NoSuchMethodError'{0x00000000f5b69a80}: 'int java.lang.invoke.DirectMethodHandle$Holder.invokeSpecial(java.lang.Object, java.lang.Object, java.lang.Object)'> (0x00000000f5b69a80) 
thrown [src/hotspot/share/interpreter/linkResolver.cpp, line 758]
Event: 8.395 Thread 0x00007f3f502d5d90 Exception <a 'java/lang/NoSuchMethodError'{0x00000000f61fde88}: 'java.lang.Object java.lang.invoke.DirectMethodHandle$Holder.newInvokeSpecial(java.lang.Object, java.lang.Object, int, java.lang.Object, java.lang.Object, java.lang.Object, java.lang.Object)'> (0x00000000f61fde88) 
thrown [src/hotspot/share/interpreter/linkResolver.cpp, line 758]
Event: 8.933 Thread 0x00007f3f502d5d90 Exception <a 'java/lang/NoSuchMethodError'{0x00000000f622a758}: 'int java.lang.invoke.DirectMethodHandle$Holder.invokeSpecialIFC(java.lang.Object, java.lang.Object, java.lang.Object, java.lang.Object)'> (0x00000000f622a758) 
thrown [src/hotspot/share/interpreter/linkResolver.cpp, line 758]
Event: 198.562 Thread 0x00007f3f746224b0 Exception <a 'sun/nio/fs/UnixException'{0x00000000f6132ce0}> (0x00000000f6132ce0) 
thrown [src/hotspot/share/prims/jni.cpp, line 516]
Event: 198.656 Thread 0x00007f3f746224b0 Exception <a 'sun/nio/fs/UnixException'{0x00000000f61d94f8}> (0x00000000f61d94f8) 
thrown [src/hotspot/share/prims/jni.cpp, line 516]
Event: 198.912 Thread 0x00007f3f746224b0 Exception <a 'sun/nio/fs/UnixException'{0x00000000f5610890}> (0x00000000f5610890) 
thrown [src/hotspot/share/prims/jni.cpp, line 516]
Event: 199.597 Thread 0x00007f3f746224b0 Implicit null exception at 0x00007f3fcf1c01b0 to 0x00007f3fcf1c0257
Event: 204.765 Thread 0x00007f3f746224b0 Implicit null exception at 0x00007f3fcf1ecd5a to 0x00007f3fcf1ef6c0
Event: 210.133 Thread 0x00007f3f502dda60 Exception <a 'java/lang/ArrayIndexOutOfBoundsException'{0x00000000f565e540}: Index 15368 out of bounds for length 15368> (0x00000000f565e540) 
thrown [src/hotspot/share/interpreter/interpreterRuntime.cpp, line 428]
Event: 210.168 Thread 0x00007f3f502dda60 Exception <a 'java/lang/ArrayIndexOutOfBoundsException'{0x00000000f627fc50}: Index 15368 out of bounds for length 15368> (0x00000000f627fc50) 
thrown [src/hotspot/share/interpreter/interpreterRuntime.cpp, line 428]
Event: 210.173 Thread 0x00007f3f502dda60 Exception <a 'java/lang/ArrayIndexOutOfBoundsException'{0x00000000f62837b0}: Index 15368 out of bounds for length 15368> (0x00000000f62837b0) 
thrown [src/hotspot/share/interpreter/interpreterRuntime.cpp, line 428]
Event: 210.173 Thread 0x00007f3f502dda60 Exception <a 'java/lang/ArrayIndexOutOfBoundsException'{0x00000000f6283ad8}: Index 15369 out of bounds for length 15368> (0x00000000f6283ad8) 
thrown [src/hotspot/share/interpreter/interpreterRuntime.cpp, line 428]
Event: 304.411 Thread 0x00007f3f746224b0 Exception <a 'java/lang/OutOfMemoryError'{0x00000000e043bc30}> (0x00000000e043bc30) 
thrown [src/hotspot/share/gc/shared/memAllocator.cpp, line 138]
Event: 304.411 Thread 0x00007f3f746224b0 Implicit null exception at 0x00007f3fcf220be5 to 0x00007f3fcf221167
Event: 312.868 Thread 0x00007f3f60414e10 Exception <a 'java/lang/OutOfMemoryError'{0x00000000e043b690}> (0x00000000e043b690) 
thrown [src/hotspot/share/gc/shared/memAllocator.cpp, line 138]
Event: 312.868 Thread 0x00007f3f60414e10 Implicit null exception at 0x00007f3fcef9556b to 0x00007f3fcef955fd
Event: 318.153 Thread 0x00007f3fe00d2d60 Exception <a 'java/lang/OutOfMemoryError'{0x00000000e044e508}> (0x00000000e044e508) 
thrown [src/hotspot/share/gc/shared/memAllocator.cpp, line 136]

VM Operations (20 events):
Event: 311.203 Executing VM operation: ParallelGCFailedAllocation
Event: 311.786 Executing VM operation: ParallelGCFailedAllocation done
Event: 311.786 Executing VM operation: ParallelGCFailedAllocation
Event: 312.868 Executing VM operation: ParallelGCFailedAllocation done
Event: 312.868 Executing VM operation: ParallelGCFailedAllocation
Event: 313.451 Executing VM operation: ParallelGCFailedAllocation done
Event: 313.452 Executing VM operation: ParallelGCFailedAllocation
Event: 314.013 Executing VM operation: ParallelGCFailedAllocation done
Event: 314.013 Executing VM operation: ParallelGCFailedAllocation
Event: 314.544 Executing VM operation: ParallelGCFailedAllocation done
Event: 314.545 Executing VM operation: ParallelGCFailedAllocation
Event: 315.075 Executing VM operation: ParallelGCFailedAllocation done
Event: 315.075 Executing VM operation: ParallelGCFailedAllocation
Event: 315.642 Executing VM operation: ParallelGCFailedAllocation done
Event: 315.642 Executing VM operation: ParallelGCFailedAllocation
Event: 316.181 Executing VM operation: ParallelGCFailedAllocation done
Event: 316.182 Executing VM operation: ParallelGCFailedAllocation
Event: 316.797 Executing VM operation: ParallelGCFailedAllocation done
Event: 316.797 Executing VM operation: ParallelGCFailedAllocation
Event: 318.153 Executing VM operation: ParallelGCFailedAllocation done

Events (20 events):
Event: 210.472 Thread 0x00007f3fe00d56c0 flushing nmethod 0x00007f3fc8c88310
Event: 210.472 Thread 0x00007f3fe00d56c0 flushing nmethod 0x00007f3fc8d06410
Event: 210.472 Thread 0x00007f3fe00d56c0 flushing nmethod 0x00007f3fc8d08090
Event: 210.472 Thread 0x00007f3fe00d56c0 flushing nmethod 0x00007f3fc8d24b10
Event: 210.472 Thread 0x00007f3fe00d56c0 flushing nmethod 0x00007f3fc8d43910
Event: 210.472 Thread 0x00007f3fe00d56c0 flushing nmethod 0x00007f3fc8d48e10
Event: 210.472 Thread 0x00007f3fe00d56c0 flushing nmethod 0x00007f3fc8d4ab90
Event: 210.472 Thread 0x00007f3fe00d56c0 flushing nmethod 0x00007f3fc8d4d790
Event: 210.472 Thread 0x00007f3fe00d56c0 flushing nmethod 0x00007f3fc8d4ef90
Event: 210.472 Thread 0x00007f3fe00d56c0 flushing nmethod 0x00007f3fc8d4f790
Event: 210.472 Thread 0x00007f3fe00d56c0 flushing nmethod 0x00007f3fc8d50d90
Event: 211.851 Thread 0x00007f3f502dda60 Thread exited: 0x00007f3f502dda60
Event: 212.117 Thread 0x00007f3f502de330 Thread added: 0x00007f3f502de330
Event: 212.118 Protecting memory [0x00007f3fc6100000,0x00007f3fc6104000] with protection modes 0
Event: 212.120 Thread 0x00007f3f502de330 Thread exited: 0x00007f3f502de330
Event: 213.450 loading class java/lang/Throwable$WrappedPrintWriter
Event: 213.451 loading class java/lang/Throwable$PrintStreamOrWriter
Event: 213.451 loading class java/lang/Throwable$PrintStreamOrWriter done
Event: 213.451 loading class java/lang/Throwable$WrappedPrintWriter done
Event: 274.050 Thread 0x00007f3f60415390 Thread exited: 0x00007f3f60415390


Dynamic libraries:
e0000000-f3980000 rw-p 00000000 00:00 0 
f3980000-fbb00000 rw-p 00000000 00:00 0 
fbb00000-100000000 ---p 00000000 00:00 0 
800000000-800449000 rw-p 00001000 00:10f8 707969865                      /nix/store/gpxl5qgg8kicmcvivwmybwjlpf7wh20l-graalvm17-ce-22.3.0/lib/server/classes.jsa
800449000-800bc8000 r--p 0044a000 00:10f8 707969865                      /nix/store/gpxl5qgg8kicmcvivwmybwjlpf7wh20l-graalvm17-ce-22.3.0/lib/server/classes.jsa
800bc8000-800c00000 ---p 00000000 00:00 0 
800c00000-800c10000 rw-p 00000000 00:00 0 
800c10000-800c30000 rw-p 00000000 00:00 0 
800c30000-800cb0000 rw-p 00000000 00:00 0 
800cb0000-800cf0000 rw-p 00000000 00:00 0 
800cf0000-800db0000 rw-p 00000000 00:00 0 
800db0000-800df0000 rw-p 00000000 00:00 0 
800df0000-8011d0000 rw-p 00000000 00:00 0 
8011d0000-840c00000 ---p 00000000 00:00 0 
55756d355000-55756d356000 r-xp 00000000 00:10f8 672029940                /nix/store/gpxl5qgg8kicmcvivwmybwjlpf7wh20l-graalvm17-ce-22.3.0/bin/.java-wrapped
55756d357000-55756d358000 r--p 00001000 00:10f8 672029940                /nix/store/gpxl5qgg8kicmcvivwmybwjlpf7wh20l-graalvm17-ce-22.3.0/bin/.java-wrapped
55756d358000-55756d359000 rw-p 00002000 00:10f8 672029940                /nix/store/gpxl5qgg8kicmcvivwmybwjlpf7wh20l-graalvm17-ce-22.3.0/bin/.java-wrapped
55756d359000-55756d35a000 rw-p 00004000 00:10f8 672029940                /nix/store/gpxl5qgg8kicmcvivwmybwjlpf7wh20l-graalvm17-ce-22.3.0/bin/.java-wrapped
55756d35a000-55756d35b000 rw-p 00005000 00:10f8 672029940                /nix/store/gpxl5qgg8kicmcvivwmybwjlpf7wh20l-graalvm17-ce-22.3.0/bin/.java-wrapped
55756ed52000-55756ed9a000 rw-p 00000000 00:00 0                          [heap]
7f3f3c000000-7f3f3c021000 rw-p 00000000 00:00 0 
7f3f3c021000-7f3f40000000 ---p 00000000 00:00 0 
7f3f40c00000-7f3f40df0000 rw-p 00000000 00:00 0 
7f3f40df0000-7f3f411e0000 rw-p 00000000 00:00 0 
7f3f411e0000-7f3f41400000 ---p 00000000 00:00 0 
7f3f41400000-7f3f41c00000 rw-p 00000000 00:00 0 
7f3f424b3000-7f3f4c000000 r--s 00000000 00:10f8 707804677                /nix/store/gpxl5qgg8kicmcvivwmybwjlpf7wh20l-graalvm17-ce-22.3.0/lib/modules
7f3f4c000000-7f3f4c021000 rw-p 00000000 00:00 0 
7f3f4c021000-7f3f50000000 ---p 00000000 00:00 0 
7f3f50000000-7f3f502f3000 rw-p 00000000 00:00 0 
7f3f502f3000-7f3f54000000 ---p 00000000 00:00 0 
7f3f54000000-7f3f54021000 rw-p 00000000 00:00 0 
7f3f54021000-7f3f58000000 ---p 00000000 00:00 0 
7f3f58000000-7f3f58021000 rw-p 00000000 00:00 0 
7f3f58021000-7f3f5c000000 ---p 00000000 00:00 0 
7f3f5c000000-7f3f5c37e000 rw-p 00000000 00:00 0 
7f3f5c37e000-7f3f60000000 ---p 00000000 00:00 0 
7f3f60000000-7f3f60440000 rw-p 00000000 00:00 0 
7f3f60440000-7f3f64000000 ---p 00000000 00:00 0 
7f3f64000000-7f3f64021000 rw-p 00000000 00:00 0 
7f3f64021000-7f3f68000000 ---p 00000000 00:00 0 
7f3f68000000-7f3f68081000 rw-p 00000000 00:00 0 
7f3f68081000-7f3f6c000000 ---p 00000000 00:00 0 
7f3f6c000000-7f3f6c021000 rw-p 00000000 00:00 0 
7f3f6c021000-7f3f70000000 ---p 00000000 00:00 0 
7f3f70000000-7f3f701e9000 rw-p 00000000 00:00 0 
7f3f701e9000-7f3f74000000 ---p 00000000 00:00 0 
7f3f74000000-7f3f748d1000 rw-p 00000000 00:00 0 
7f3f748d1000-7f3f78000000 ---p 00000000 00:00 0 
7f3f78000000-7f3f78021000 rw-p 00000000 00:00 0 
7f3f78021000-7f3f7c000000 ---p 00000000 00:00 0 
7f3f7c000000-7f3f7c021000 rw-p 00000000 00:00 0 
7f3f7c021000-7f3f80000000 ---p 00000000 00:00 0 
7f3f80000000-7f3f80021000 rw-p 00000000 00:00 0 
7f3f80021000-7f3f84000000 ---p 00000000 00:00 0 
7f3f84000000-7f3f84021000 rw-p 00000000 00:00 0 
7f3f84021000-7f3f88000000 ---p 00000000 00:00 0 
7f3f88400000-7f3f885f0000 rw-p 00000000 00:00 0 
7f3f885f0000-7f3f888f0000 rw-p 00000000 00:00 0 
7f3f888f0000-7f3f889b0000 rw-p 00000000 00:00 0 
7f3f889b0000-7f3f88a00000 ---p 00000000 00:00 0 
7f3f88a00000-7f3f88bf0000 rw-p 00000000 00:00 0 
7f3f88bf0000-7f3f893b0000 rw-p 00000000 00:00 0 
7f3f893b0000-7f3f893f0000 rw-p 00000000 00:00 0 
7f3f893f0000-7f3f89400000 rw-p 00000000 00:00 0 
7f3f8a400000-7f3f8a4f0000 rw-p 00000000 00:00 0 
7f3f8a4f0000-7f3f8a5f0000 rw-p 00000000 00:00 0 
7f3f8a5f0000-7f3f8a8f0000 rw-p 00000000 00:00 0 
7f3f8a8f0000-7f3f8a9f0000 rw-p 00000000 00:00 0 
7f3f8a9f0000-7f3f8abf0000 rw-p 00000000 00:00 0 
7f3f8abf0000-7f3f8acf0000 rw-p 00000000 00:00 0 
7f3f8acf0000-7f3f8adf0000 rw-p 00000000 00:00 0 
7f3f8adf0000-7f3f8b350000 rw-p 00000000 00:00 0 
7f3f8b350000-7f3f8b370000 rw-p 00000000 00:00 0 
7f3f8b370000-7f3f8b3f0000 rw-p 00000000 00:00 0 
7f3f8b3f0000-7f3f8b400000 rw-p 00000000 00:00 0 
7f3f8b600000-7f3f8b610000 r-xp 00000000 00:10e4 388                      /home/runner/.cache/jdt-language-server/config/org.eclipse.equinox.launcher/org.eclipse.equinox.launcher.gtk.linux.x86_64_1.2.400.v20211117-0650/eclipse_11600.so
7f3f8b610000-7f3f8b80f000 ---p 00010000 00:10e4 388                      /home/runner/.cache/jdt-language-server/config/org.eclipse.equinox.launcher/org.eclipse.equinox.launcher.gtk.linux.x86_64_1.2.400.v20211117-0650/eclipse_11600.so
7f3f8b80f000-7f3f8b810000 r--p 0000f000 00:10e4 388                      /home/runner/.cache/jdt-language-server/config/org.eclipse.equinox.launcher/org.eclipse.equinox.launcher.gtk.linux.x86_64_1.2.400.v20211117-0650/eclipse_11600.so
7f3f8b810000-7f3f8b811000 rw-p 00010000 00:10e4 388                      /home/runner/.cache/jdt-language-server/config/org.eclipse.equinox.launcher/org.eclipse.equinox.launcher.gtk.linux.x86_64_1.2.400.v20211117-0650/eclipse_11600.so
7f3f8b8fe000-7f3f8b8ff000 ---p 00000000 00:00 0 
7f3f8b8ff000-7f3f8ba00000 rw-p 00000000 00:00 0 
7f3f8c500000-7f3f8c600000 ---p 00000000 00:00 0 
7f3f8c600000-7f3f8cbaf000 r--p 01122000 00:10f8 707802136                /nix/store/gpxl5qgg8kicmcvivwmybwjlpf7wh20l-graalvm17-ce-22.3.0/lib/libjvmcicompiler.so
7f3f8cbaf000-7f3f8cd00000 r--p 00000000 00:00 0 
7f3f8cd00000-7f3f8cd3d000 rw-p 00000000 00:00 0 
7f3f8cd3d000-7f3f8d25d000 rw-p 0185f000 00:10f8 707802136                /nix/store/gpxl5qgg8kicmcvivwmybwjlpf7wh20l-graalvm17-ce-22.3.0/lib/libjvmcicompiler.so
7f3f8d25d000-7f3f8d644000 r--p 01d7f000 00:10f8 707802136                /nix/store/gpxl5qgg8kicmcvivwmybwjlpf7wh20l-graalvm17-ce-22.3.0/lib/libjvmcicompiler.so
7f3f8d700000-7f3f8d704000 ---p 00000000 00:00 0 
7f3f8d704000-7f3f8d800000 rw-p 00000000 00:00 0 
7f3f8d900000-7f3f8d904000 ---p 00000000 00:00 0 
7f3f8d904000-7f3f8da00000 rw-p 00000000 00:00 0 
7f3f8db00000-7f3f8db04000 ---p 00000000 00:00 0 
7f3f8db04000-7f3f8dc00000 rw-p 00000000 00:00 0 
7f3f8dc00000-7f3f8fd6a000 r-xp 00000000 00:10f8 707802136                /nix/store/gpxl5qgg8kicmcvivwmybwjlpf7wh20l-graalvm17-ce-22.3.0/lib/libjvmcicompiler.so
7f3f8fd6a000-7f3f8ff69000 ---p 0216a000 00:10f8 707802136                /nix/store/gpxl5qgg8kicmcvivwmybwjlpf7wh20l-graalvm17-ce-22.3.0/lib/libjvmcicompiler.so
7f3f8ff69000-7f3f8ff6a000 r--p 02169000 00:10f8 707802136                /nix/store/gpxl5qgg8kicmcvivwmybwjlpf7wh20l-graalvm17-ce-22.3.0/lib/libjvmcicompiler.so
7f3f8ff6a000-7f3f8ff6c000 rw-p 0216a000 00:10f8 707802136                /nix/store/gpxl5qgg8kicmcvivwmybwjlpf7wh20l-graalvm17-ce-22.3.0/lib/libjvmcicompiler.so
7f3f8ff6c000-7f3f8ff6d000 rw-p 00000000 00:00 0 
7f3f8ff6d000-7f3f8ff72000 rw-p 023c3000 00:10f8 707802136                /nix/store/gpxl5qgg8kicmcvivwmybwjlpf7wh20l-graalvm17-ce-22.3.0/lib/libjvmcicompiler.so
7f3f90000000-7f3f90021000 rw-p 00000000 00:00 0 
7f3f90021000-7f3f94000000 ---p 00000000 00:00 0 
7f3f94000000-7f3f94021000 rw-p 00000000 00:00 0 
7f3f94021000-7f3f98000000 ---p 00000000 00:00 0 
7f3f98000000-7f3f98021000 rw-p 00000000 00:00 0 
7f3f98021000-7f3f9c000000 ---p 00000000 00:00 0 
7f3f9c000000-7f3f9c021000 rw-p 00000000 00:00 0 
7f3f9c021000-7f3fa0000000 ---p 00000000 00:00 0 
7f3fa0000000-7f3fa010b000 rw-p 00000000 00:00 0 
7f3fa010b000-7f3fa4000000 ---p 00000000 00:00 0 
7f3fa4000000-7f3fa4b8d000 rw-p 00000000 00:00 0 
7f3fa4b8d000-7f3fa8000000 ---p 00000000 00:00 0 
7f3fa8000000-7f3fa8021000 rw-p 00000000 00:00 0 
7f3fa8021000-7f3fac000000 ---p 00000000 00:00 0 
7f3fac000000-7f3fac021000 rw-p 00000000 00:00 0 
7f3fac021000-7f3fb0000000 ---p 00000000 00:00 0 
7f3fb0000000-7f3fb0021000 rw-p 00000000 00:00 0 
7f3fb0021000-7f3fb4000000 ---p 00000000 00:00 0 
7f3fb4000000-7f3fb4021000 rw-p 00000000 00:00 0 
7f3fb4021000-7f3fb8000000 ---p 00000000 00:00 0 
7f3fb8000000-7f3fb8021000 rw-p 00000000 00:00 0 
7f3fb8021000-7f3fbc000000 ---p 00000000 00:00 0 
7f3fbc000000-7f3fbc021000 rw-p 00000000 00:00 0 
7f3fbc021000-7f3fc0000000 ---p 00000000 00:00 0 
7f3fc0000000-7f3fc0028000 rw-p 00000000 00:00 0 
7f3fc0028000-7f3fc4000000 ---p 00000000 00:00 0 
7f3fc4000000-7f3fc4004000 ---p 00000000 00:00 0 
7f3fc4004000-7f3fc4100000 rw-p 00000000 00:00 0 
7f3fc4100000-7f3fc4104000 ---p 00000000 00:00 0 
7f3fc4104000-7f3fc4200000 rw-p 00000000 00:00 0 
7f3fc4300000-7f3fc4304000 ---p 00000000 00:00 0 
7f3fc4304000-7f3fc4400000 rw-p 00000000 00:00 0 
7f3fc4500000-7f3fc4504000 ---p 00000000 00:00 0 
7f3fc4504000-7f3fc4600000 rw-p 00000000 00:00 0 
7f3fc4700000-7f3fc4704000 ---p 00000000 00:00 0 
7f3fc4704000-7f3fc4800000 rw-p 00000000 00:00 0 
7f3fc4900000-7f3fc4904000 ---p 00000000 00:00 0 
7f3fc4904000-7f3fc4a00000 rw-p 00000000 00:00 0 
7f3fc4b00000-7f3fc4b04000 ---p 00000000 00:00 0 
7f3fc4b04000-7f3fc4c00000 rw-p 00000000 00:00 0 
7f3fc4d00000-7f3fc4d04000 ---p 00000000 00:00 0 
7f3fc4d04000-7f3fc4e00000 rw-p 00000000 00:00 0 
7f3fc4e00000-7f3fc4e04000 ---p 00000000 00:00 0 
7f3fc4e04000-7f3fc4f00000 rw-p 00000000 00:00 0 
7f3fc4f00000-7f3fc4f04000 ---p 00000000 00:00 0 
7f3fc4f04000-7f3fc5000000 rw-p 00000000 00:00 0 
7f3fc5100000-7f3fc5104000 ---p 00000000 00:00 0 
7f3fc5104000-7f3fc5200000 rw-p 00000000 00:00 0 
7f3fc5ca9000-7f3fc6000000 rw-p 00000000 00:00 0 
7f3fc6100000-7f3fc6104000 ---p 00000000 00:00 0 
7f3fc6104000-7f3fc6200000 rw-p 00000000 00:00 0 
7f3fc62bd000-7f3fc63fe000 rw-p 00000000 00:00 0 
7f3fc63fe000-7f3fc63ff000 ---p 00000000 00:00 0 
7f3fc63ff000-7f3fc6500000 rw-p 00000000 00:00 0 
7f3fc6500000-7f3fc6504000 ---p 00000000 00:00 0 
7f3fc6504000-7f3fc6600000 rw-p 00000000 00:00 0 
7f3fc6600000-7f3fc6604000 ---p 00000000 00:00 0 
7f3fc6604000-7f3fc6700000 rw-p 00000000 00:00 0 
7f3fc6700000-7f3fc6704000 ---p 00000000 00:00 0 
7f3fc6704000-7f3fc6800000 rw-p 00000000 00:00 0 
7f3fc6800000-7f3fc6804000 ---p 00000000 00:00 0 
7f3fc6804000-7f3fc6a00000 rw-p 00000000 00:00 0 
7f3fc6a00000-7f3fc6a04000 ---p 00000000 00:00 0 
7f3fc6a04000-7f3fc6ff0000 rw-p 00000000 00:00 0 
7f3fc6ff0000-7f3fc72f0000 rw-p 00000000 00:00 0 
7f3fc72f0000-7f3fc7400000 rw-p 00000000 00:00 0 
7f3fc7476000-7f3fc747a000 ---p 00000000 00:00 0 
7f3fc747a000-7f3fc7498000 rw-p 00000000 00:00 0 
7f3fc7498000-7f3fc74ad000 r-xp 00000000 00:10f8 707804666                /nix/store/gpxl5qgg8kicmcvivwmybwjlpf7wh20l-graalvm17-ce-22.3.0/lib/libnet.so
7f3fc74ad000-7f3fc74ae000 ---p 00015000 00:10f8 707804666                /nix/store/gpxl5qgg8kicmcvivwmybwjlpf7wh20l-graalvm17-ce-22.3.0/lib/libnet.so
7f3fc74ae000-7f3fc74af000 r--p 00015000 00:10f8 707804666                /nix/store/gpxl5qgg8kicmcvivwmybwjlpf7wh20l-graalvm17-ce-22.3.0/lib/libnet.so
7f3fc74af000-7f3fc74b0000 rw-p 00016000 00:10f8 707804666                /nix/store/gpxl5qgg8kicmcvivwmybwjlpf7wh20l-graalvm17-ce-22.3.0/lib/libnet.so
7f3fc74b0000-7f3fc74b3000 rw-p 0001b000 00:10f8 707804666                /nix/store/gpxl5qgg8kicmcvivwmybwjlpf7wh20l-graalvm17-ce-22.3.0/lib/libnet.so
7f3fc74b3000-7f3fc7723000 rwxp 00000000 00:00 0 
7f3fc7723000-7f3fc7a42000 ---p 00000000 00:00 0 
7f3fc7a42000-7f3fc8d62000 rwxp 00000000 00:00 0 
7f3fc8d62000-7f3fcef7a000 ---p 00000000 00:00 0 
7f3fcef7a000-7f3fcf25a000 rwxp 00000000 00:00 0 
7f3fcf25a000-7f3fd64b3000 ---p 00000000 00:00 0 
7f3fd64b3000-7f3fe0000000 r--s 00000000 00:10f8 707804677                /nix/store/gpxl5qgg8kicmcvivwmybwjlpf7wh20l-graalvm17-ce-22.3.0/lib/modules
7f3fe0000000-7f3fe0496000 rw-p 00000000 00:00 0 
7f3fe0496000-7f3fe4000000 ---p 00000000 00:00 0 
7f3fe4001000-7f3fe4008000 r-xp 00000000 00:10f8 707804676                /nix/store/gpxl5qgg8kicmcvivwmybwjlpf7wh20l-graalvm17-ce-22.3.0/lib/libzip.so
7f3fe4008000-7f3fe4009000 ---p 00007000 00:10f8 707804676                /nix/store/gpxl5qgg8kicmcvivwmybwjlpf7wh20l-graalvm17-ce-22.3.0/lib/libzip.so
7f3fe4009000-7f3fe400a000 r--p 00007000 00:10f8 707804676                /nix/store/gpxl5qgg8kicmcvivwmybwjlpf7wh20l-graalvm17-ce-22.3.0/lib/libzip.so
7f3fe400a000-7f3fe400b000 rw-p 00008000 00:10f8 707804676                /nix/store/gpxl5qgg8kicmcvivwmybwjlpf7wh20l-graalvm17-ce-22.3.0/lib/libzip.so
7f3fe400b000-7f3fe400d000 rw-p 0000b000 00:10f8 707804676                /nix/store/gpxl5qgg8kicmcvivwmybwjlpf7wh20l-graalvm17-ce-22.3.0/lib/libzip.so
7f3fe400d000-7f3fe4020000 r-xp 00000000 00:10f8 707804667                /nix/store/gpxl5qgg8kicmcvivwmybwjlpf7wh20l-graalvm17-ce-22.3.0/lib/libnio.so
7f3fe4020000-7f3fe4021000 r--p 00012000 00:10f8 707804667                /nix/store/gpxl5qgg8kicmcvivwmybwjlpf7wh20l-graalvm17-ce-22.3.0/lib/libnio.so
7f3fe4021000-7f3fe4022000 rw-p 00013000 00:10f8 707804667                /nix/store/gpxl5qgg8kicmcvivwmybwjlpf7wh20l-graalvm17-ce-22.3.0/lib/libnio.so
7f3fe4022000-7f3fe4027000 rw-p 00019000 00:10f8 707804667                /nix/store/gpxl5qgg8kicmcvivwmybwjlpf7wh20l-graalvm17-ce-22.3.0/lib/libnio.so
7f3fe4027000-7f3fe402b000 ---p 00000000 00:00 0 
7f3fe402b000-7f3fe4127000 rw-p 00000000 00:00 0 
7f3fe4127000-7f3fe412b000 ---p 00000000 00:00 0 
7f3fe412b000-7f3fe4227000 rw-p 00000000 00:00 0 
7f3fe4227000-7f3fe422b000 ---p 00000000 00:00 0 
7f3fe422b000-7f3fe4327000 rw-p 00000000 00:00 0 
7f3fe4327000-7f3fe460d000 r--p 00000000 00:fbf 28444448                  /usr/lib/locale/locale-archive
7f3fe460d000-7f3fe4611000 ---p 00000000 00:00 0 
7f3fe4611000-7f3fe470d000 rw-p 00000000 00:00 0 
7f3fe470d000-7f3fe4711000 ---p 00000000 00:00 0 
7f3fe4711000-7f3fe480d000 rw-p 00000000 00:00 0 
7f3fe480d000-7f3fe480e000 ---p 00000000 00:00 0 
7f3fe480e000-7f3fe490f000 rw-p 00000000 00:00 0 
7f3fe490f000-7f3fe49dd000 r-xp 00000000 00:10f8 707802132                /nix/store/gpxl5qgg8kicmcvivwmybwjlpf7wh20l-graalvm17-ce-22.3.0/lib/libjsvml.so
7f3fe49dd000-7f3fe49de000 r--p 000cd000 00:10f8 707802132                /nix/store/gpxl5qgg8kicmcvivwmybwjlpf7wh20l-graalvm17-ce-22.3.0/lib/libjsvml.so
7f3fe49de000-7f3fe49df000 rw-p 000ce000 00:10f8 707802132                /nix/store/gpxl5qgg8kicmcvivwmybwjlpf7wh20l-graalvm17-ce-22.3.0/lib/libjsvml.so
7f3fe49df000-7f3fe65ba000 rw-p 00000000 00:00 0 
7f3fe65ba000-7f3fe65bb000 ---p 00000000 00:00 0 
7f3fe65bb000-7f3fe6759000 rw-p 00000000 00:00 0 
7f3fe6759000-7f3fe679a000 rw-p 00000000 00:00 0 
7f3fe679a000-7f3fe67bc000 ---p 00000000 00:00 0 
7f3fe67bc000-7f3fe67c3000 rw-p 00000000 00:00 0 
7f3fe67c3000-7f3fe68a8000 ---p 00000000 00:00 0 
7f3fe68a8000-7f3fe68cf000 rw-p 00000000 00:00 0 
7f3fe68cf000-7f3fe6993000 ---p 00000000 00:00 0 
7f3fe6993000-7f3fe6998000 rw-p 00000000 00:00 0 
7f3fe6998000-7f3fe699f000 ---p 00000000 00:00 0 
7f3fe699f000-7f3fe69c3000 r-xp 00000000 00:10f8 707802124                /nix/store/gpxl5qgg8kicmcvivwmybwjlpf7wh20l-graalvm17-ce-22.3.0/lib/libjava.so
7f3fe69c3000-7f3fe69c4000 ---p 00024000 00:10f8 707802124                /nix/store/gpxl5qgg8kicmcvivwmybwjlpf7wh20l-graalvm17-ce-22.3.0/lib/libjava.so
7f3fe69c4000-7f3fe69c5000 r--p 00024000 00:10f8 707802124                /nix/store/gpxl5qgg8kicmcvivwmybwjlpf7wh20l-graalvm17-ce-22.3.0/lib/libjava.so
7f3fe69c5000-7f3fe69c6000 rw-p 00025000 00:10f8 707802124                /nix/store/gpxl5qgg8kicmcvivwmybwjlpf7wh20l-graalvm17-ce-22.3.0/lib/libjava.so
7f3fe69c6000-7f3fe69c7000 rw-p 00000000 00:00 0 
7f3fe69c7000-7f3fe69ce000 rw-p 0002f000 00:10f8 707802124                /nix/store/gpxl5qgg8kicmcvivwmybwjlpf7wh20l-graalvm17-ce-22.3.0/lib/libjava.so
7f3fe69ce000-7f3fe69d6000 rw-s 00000000 00:ddf 710                       /tmp/hsperfdata_runner/4451
7f3fe69d6000-7f3fe69d7000 ---p 00000000 00:00 0 
7f3fe69d7000-7f3fe69d8000 r--p 00000000 00:00 0 
7f3fe69d8000-7f3fe69d9000 rwxp 00000000 00:00 0 
7f3fe69d9000-7f3fe69f4000 r-xp 00000000 00:10f8 707802128                /nix/store/gpxl5qgg8kicmcvivwmybwjlpf7wh20l-graalvm17-ce-22.3.0/lib/libjimage.so
7f3fe69f4000-7f3fe69f5000 ---p 0001b000 00:10f8 707802128                /nix/store/gpxl5qgg8kicmcvivwmybwjlpf7wh20l-graalvm17-ce-22.3.0/lib/libjimage.so
7f3fe69f5000-7f3fe69f7000 r--p 0001b000 00:10f8 707802128                /nix/store/gpxl5qgg8kicmcvivwmybwjlpf7wh20l-graalvm17-ce-22.3.0/lib/libjimage.so
7f3fe69f7000-7f3fe69f8000 rw-p 0001d000 00:10f8 707802128                /nix/store/gpxl5qgg8kicmcvivwmybwjlpf7wh20l-graalvm17-ce-22.3.0/lib/libjimage.so
7f3fe69f8000-7f3fe69f9000 rw-p 00024000 00:10f8 707802128                /nix/store/gpxl5qgg8kicmcvivwmybwjlpf7wh20l-graalvm17-ce-22.3.0/lib/libjimage.so
7f3fe69f9000-7f3fe69fd000 ---p 00000000 00:00 0 
7f3fe69fd000-7f3fe6af9000 rw-p 00000000 00:00 0 
7f3fe6af9000-7f3fe6b07000 r--p 00000000 00:10f8 600592023                /nix/store/4nlgxhb09sdr51nc9hdm8az5b08vzkgx-glibc-2.35-163/lib/libm.so.6
7f3fe6b07000-7f3fe6b7a000 r-xp 0000e000 00:10f8 600592023                /nix/store/4nlgxhb09sdr51nc9hdm8az5b08vzkgx-glibc-2.35-163/lib/libm.so.6
7f3fe6b7a000-7f3fe6bd7000 r--p 00081000 00:10f8 600592023                /nix/store/4nlgxhb09sdr51nc9hdm8az5b08vzkgx-glibc-2.35-163/lib/libm.so.6
7f3fe6bd7000-7f3fe6bd8000 r--p 000dd000 00:10f8 600592023                /nix/store/4nlgxhb09sdr51nc9hdm8az5b08vzkgx-glibc-2.35-163/lib/libm.so.6
7f3fe6bd8000-7f3fe6bd9000 rw-p 000de000 00:10f8 600592023                /nix/store/4nlgxhb09sdr51nc9hdm8az5b08vzkgx-glibc-2.35-163/lib/libm.so.6
7f3fe6bd9000-7f3fe6bda000 r--p 00000000 00:10f8 600592042                /nix/store/4nlgxhb09sdr51nc9hdm8az5b08vzkgx-glibc-2.35-163/lib/librt.so.1
7f3fe6bda000-7f3fe6bdb000 r-xp 00001000 00:10f8 600592042                /nix/store/4nlgxhb09sdr51nc9hdm8az5b08vzkgx-glibc-2.35-163/lib/librt.so.1
7f3fe6bdb000-7f3fe6bdc000 r--p 00002000 00:10f8 600592042                /nix/store/4nlgxhb09sdr51nc9hdm8az5b08vzkgx-glibc-2.35-163/lib/librt.so.1
7f3fe6bdc000-7f3fe6bdd000 r--p 00002000 00:10f8 600592042                /nix/store/4nlgxhb09sdr51nc9hdm8az5b08vzkgx-glibc-2.35-163/lib/librt.so.1
7f3fe6bdd000-7f3fe6bde000 rw-p 00003000 00:10f8 600592042                /nix/store/4nlgxhb09sdr51nc9hdm8az5b08vzkgx-glibc-2.35-163/lib/librt.so.1
7f3fe6bde000-7f3fe7cf1000 r-xp 00000000 00:10f8 707972962                /nix/store/gpxl5qgg8kicmcvivwmybwjlpf7wh20l-graalvm17-ce-22.3.0/lib/server/libjvm.so
7f3fe7cf1000-7f3fe7cf2000 ---p 01113000 00:10f8 707972962                /nix/store/gpxl5qgg8kicmcvivwmybwjlpf7wh20l-graalvm17-ce-22.3.0/lib/server/libjvm.so
7f3fe7cf2000-7f3fe7da7000 r--p 01113000 00:10f8 707972962                /nix/store/gpxl5qgg8kicmcvivwmybwjlpf7wh20l-graalvm17-ce-22.3.0/lib/server/libjvm.so
7f3fe7da7000-7f3fe7ddb000 rw-p 011c8000 00:10f8 707972962                /nix/store/gpxl5qgg8kicmcvivwmybwjlpf7wh20l-graalvm17-ce-22.3.0/lib/server/libjvm.so
7f3fe7ddb000-7f3fe7e37000 rw-p 00000000 00:00 0 
7f3fe7e37000-7f3fe7e5f000 r--p 00000000 00:10f8 600592014                /nix/store/4nlgxhb09sdr51nc9hdm8az5b08vzkgx-glibc-2.35-163/lib/libc.so.6
7f3fe7e5f000-7f3fe7fd5000 r-xp 00028000 00:10f8 600592014                /nix/store/4nlgxhb09sdr51nc9hdm8az5b08vzkgx-glibc-2.35-163/lib/libc.so.6
7f3fe7fd5000-7f3fe802d000 r--p 0019e000 00:10f8 600592014                /nix/store/4nlgxhb09sdr51nc9hdm8az5b08vzkgx-glibc-2.35-163/lib/libc.so.6
7f3fe802d000-7f3fe8031000 r--p 001f6000 00:10f8 600592014                /nix/store/4nlgxhb09sdr51nc9hdm8az5b08vzkgx-glibc-2.35-163/lib/libc.so.6
7f3fe8031000-7f3fe8033000 rw-p 001fa000 00:10f8 600592014                /nix/store/4nlgxhb09sdr51nc9hdm8az5b08vzkgx-glibc-2.35-163/lib/libc.so.6
7f3fe8033000-7f3fe8042000 rw-p 00000000 00:00 0 
7f3fe8042000-7f3fe8043000 r--p 00000000 00:10f8 600592019                /nix/store/4nlgxhb09sdr51nc9hdm8az5b08vzkgx-glibc-2.35-163/lib/libdl.so.2
7f3fe8043000-7f3fe8044000 r-xp 00001000 00:10f8 600592019                /nix/store/4nlgxhb09sdr51nc9hdm8az5b08vzkgx-glibc-2.35-163/lib/libdl.so.2
7f3fe8044000-7f3fe8045000 r--p 00002000 00:10f8 600592019                /nix/store/4nlgxhb09sdr51nc9hdm8az5b08vzkgx-glibc-2.35-163/lib/libdl.so.2
7f3fe8045000-7f3fe8046000 r--p 00002000 00:10f8 600592019                /nix/store/4nlgxhb09sdr51nc9hdm8az5b08vzkgx-glibc-2.35-163/lib/libdl.so.2
7f3fe8046000-7f3fe8047000 rw-p 00003000 00:10f8 600592019                /nix/store/4nlgxhb09sdr51nc9hdm8az5b08vzkgx-glibc-2.35-163/lib/libdl.so.2
7f3fe8047000-7f3fe8048000 r--p 00000000 00:10f8 600592038                /nix/store/4nlgxhb09sdr51nc9hdm8az5b08vzkgx-glibc-2.35-163/lib/libpthread.so.0
7f3fe8048000-7f3fe8049000 r-xp 00001000 00:10f8 600592038                /nix/store/4nlgxhb09sdr51nc9hdm8az5b08vzkgx-glibc-2.35-163/lib/libpthread.so.0
7f3fe8049000-7f3fe804a000 r--p 00002000 00:10f8 600592038                /nix/store/4nlgxhb09sdr51nc9hdm8az5b08vzkgx-glibc-2.35-163/lib/libpthread.so.0
7f3fe804a000-7f3fe804b000 r--p 00002000 00:10f8 600592038                /nix/store/4nlgxhb09sdr51nc9hdm8az5b08vzkgx-glibc-2.35-163/lib/libpthread.so.0
7f3fe804b000-7f3fe804c000 rw-p 00003000 00:10f8 600592038                /nix/store/4nlgxhb09sdr51nc9hdm8az5b08vzkgx-glibc-2.35-163/lib/libpthread.so.0
7f3fe804c000-7f3fe805a000 r-xp 00000000 00:10f8 707802129                /nix/store/gpxl5qgg8kicmcvivwmybwjlpf7wh20l-graalvm17-ce-22.3.0/lib/libjli.so
7f3fe805a000-7f3fe805b000 ---p 0000e000 00:10f8 707802129                /nix/store/gpxl5qgg8kicmcvivwmybwjlpf7wh20l-graalvm17-ce-22.3.0/lib/libjli.so
7f3fe805b000-7f3fe805c000 r--p 0000e000 00:10f8 707802129                /nix/store/gpxl5qgg8kicmcvivwmybwjlpf7wh20l-graalvm17-ce-22.3.0/lib/libjli.so
7f3fe805c000-7f3fe805d000 rw-p 0000f000 00:10f8 707802129                /nix/store/gpxl5qgg8kicmcvivwmybwjlpf7wh20l-graalvm17-ce-22.3.0/lib/libjli.so
7f3fe805d000-7f3fe805e000 rw-p 00012000 00:10f8 707802129                /nix/store/gpxl5qgg8kicmcvivwmybwjlpf7wh20l-graalvm17-ce-22.3.0/lib/libjli.so
7f3fe805e000-7f3fe8061000 r--p 00000000 00:10f8 678822167                /nix/store/026hln0aq1hyshaxsdvhg0kmcm6yf45r-zlib-1.2.13/lib/libz.so.1.2.13
7f3fe8061000-7f3fe8073000 r-xp 00003000 00:10f8 678822167                /nix/store/026hln0aq1hyshaxsdvhg0kmcm6yf45r-zlib-1.2.13/lib/libz.so.1.2.13
7f3fe8073000-7f3fe807a000 r--p 00015000 00:10f8 678822167                /nix/store/026hln0aq1hyshaxsdvhg0kmcm6yf45r-zlib-1.2.13/lib/libz.so.1.2.13
7f3fe807a000-7f3fe807b000 r--p 0001b000 00:10f8 678822167                /nix/store/026hln0aq1hyshaxsdvhg0kmcm6yf45r-zlib-1.2.13/lib/libz.so.1.2.13
7f3fe807b000-7f3fe807c000 rw-p 0001c000 00:10f8 678822167                /nix/store/026hln0aq1hyshaxsdvhg0kmcm6yf45r-zlib-1.2.13/lib/libz.so.1.2.13
7f3fe807c000-7f3fe807e000 rw-p 00000000 00:00 0 
7f3fe807e000-7f3fe8080000 r--p 00000000 00:10f8 600592008                /nix/store/4nlgxhb09sdr51nc9hdm8az5b08vzkgx-glibc-2.35-163/lib/ld-linux-x86-64.so.2
7f3fe8080000-7f3fe80a7000 r-xp 00002000 00:10f8 600592008                /nix/store/4nlgxhb09sdr51nc9hdm8az5b08vzkgx-glibc-2.35-163/lib/ld-linux-x86-64.so.2
7f3fe80a7000-7f3fe80b3000 r--p 00029000 00:10f8 600592008                /nix/store/4nlgxhb09sdr51nc9hdm8az5b08vzkgx-glibc-2.35-163/lib/ld-linux-x86-64.so.2
7f3fe80b3000-7f3fe80b5000 r--p 00034000 00:10f8 600592008                /nix/store/4nlgxhb09sdr51nc9hdm8az5b08vzkgx-glibc-2.35-163/lib/ld-linux-x86-64.so.2
7f3fe80b5000-7f3fe80b7000 rw-p 00036000 00:10f8 600592008                /nix/store/4nlgxhb09sdr51nc9hdm8az5b08vzkgx-glibc-2.35-163/lib/ld-linux-x86-64.so.2
7ffdd17a5000-7ffdd17c9000 rw-p 00000000 00:00 0                          [stack]
7ffdd17e2000-7ffdd17e6000 r--p 00000000 00:00 0                          [vvar]
7ffdd17e6000-7ffdd17e8000 r-xp 00000000 00:00 0                          [vdso]
ffffffffff600000-ffffffffff601000 --xp 00000000 00:00 0                  [vsyscall]


VM Arguments:
jvm_args: -XX:ThreadPriorityPolicy=1 -XX:+UnlockExperimentalVMOptions -XX:+EnableJVMCIProduct -XX:JVMCIThreadsPerNativeLibraryRuntime=1 -XX:-UnlockExperimentalVMOptions -Declipse.application=org.eclipse.jdt.ls.core.id1 -Dosgi.bundles.defaultStartLevel=4 -Declipse.product=org.eclipse.jdt.ls.core.product -Dlog.level=ALL -Xverify:none -XX:+UseParallelGC -XX:GCTimeRatio=4 -XX:AdaptiveSizePolicyWeight=90 -Dsun.zip.disableMemoryMapping=true -Xmx512m -Xms100m 
java_command: /nix/store/a7s9klvriqi68xz3qjc0qyfl5h86xc16-jdt-language-server-1.9.0/share/java/plugins/org.eclipse.equinox.launcher_1.6.400.v20210924-0641.jar --add-modules=ALL-SYSTEM --add-opens java.base/java.util=ALL-UNNAMED --add-opens java.base/java.lang=ALL-UNNAMED -configuration /home/runner/.cache/jdt-language-server/config -data /home/runner/.cache/jdt-language-server/data/home/runner/Midterm-Project-AndreaCastill19
java_class_path (initial): /nix/store/a7s9klvriqi68xz3qjc0qyfl5h86xc16-jdt-language-server-1.9.0/share/java/plugins/org.eclipse.equinox.launcher_1.6.400.v20210924-0641.jar
Launcher Type: SUN_STANDARD

[Global flags]
    uintx AdaptiveSizePolicyWeight                 = 90                                        {product} {command line}
     intx CICompilerCount                          = 2                                         {product} {ergonomic}
     bool EnableJVMCIProduct                       = true                                {JVMCI product} {jimage}
    uintx GCTimeRatio                              = 4                                         {product} {command line}
   size_t InitialHeapSize                          = 104857600                                 {product} {command line}
     uint JVMCIThreadsPerNativeLibraryRuntime      = 1                                   {JVMCI product} {jimage}
   size_t MaxHeapSize                              = 536870912                                 {product} {command line}
   size_t MaxNewSize                               = 178782208                                 {product} {ergonomic}
   size_t MinHeapDeltaBytes                        = 524288                                    {product} {ergonomic}
   size_t MinHeapSize                              = 104857600                                 {product} {command line}
   size_t NewSize                                  = 34603008                                  {product} {ergonomic}
    uintx NonNMethodCodeHeapSize                   = 5826188                                {pd product} {ergonomic}
    uintx NonProfiledCodeHeapSize                  = 122916026                              {pd product} {ergonomic}
   size_t OldSize                                  = 70254592                                  {product} {ergonomic}
    uintx ProfiledCodeHeapSize                     = 122916026                              {pd product} {ergonomic}
    uintx ReservedCodeCacheSize                    = 251658240                              {pd product} {ergonomic}
     bool SegmentedCodeCache                       = true                                      {product} {ergonomic}
   size_t SoftMaxHeapSize                          = 536870912                              {manageable} {ergonomic}
     intx ThreadPriorityPolicy                     = 1                                         {product} {jimage}
     bool UseCompressedClassPointers               = true                           {product lp64_product} {ergonomic}
     bool UseCompressedOops                        = true                           {product lp64_product} {ergonomic}
     bool UseParallelGC                            = true                                      {product} {command line}

Logging:
Log output configuration:
 #0: stdout all=warning uptime,level,tags
 #1: stderr all=off uptime,level,tags

Environment Variables:
JAVA_HOME=/nix/store/gpxl5qgg8kicmcvivwmybwjlpf7wh20l-graalvm17-ce-22.3.0
PATH=/nix/store/1d6ian3r8kdzspw8hacjhl3xkp40g1lj-binutils-wrapper-2.39/bin:/nix/store/dq0xwmsk1g0i2ayg6pb7y87na2knzylh-gcc-wrapper-11.3.0/bin:/nix/store/bap4d0lpcrhpwmpb8ayjcgkmvfj62lnq-bash-interactive-5.1-p16/bin:/nix/store/pr5n59mb4jzmfx6kanwxly0l07p861fg-patchelf-0.15.0/bin:/nix/store/1gf2flfqnpqbr1b4p4qz2f72y42bs56r-gcc-11.3.0/bin:/nix/store/57xv61c5zi8pphjbcwxxjlgc34p61ic9-glibc-2.35-163-bin/bin:/nix/store/a7gvj343m05j2s32xcnwr35v31ynlypr-coreutils-9.1/bin:/nix/store/039g378vc3pc3dvi9dzdlrd0i4q93qwf-binutils-2.39/bin:/nix/store/gpxl5qgg8kicmcvivwmybwjlpf7wh20l-graalvm17-ce-22.3.0/bin:/nix/store/6z9ag3ihc8mq2hzsw48lhbznvzny65nz-apache-maven-3.8.6/bin:/nix/store/a7s9klvriqi68xz3qjc0qyfl5h86xc16-jdt-language-server-1.9.0/bin:/nix/store/48ifl2w60a3zp7yskbpnvn8jp9jdsb7k-java-debug/bin:/nix/store/mydc6f4k2z73xlcz7ilif3v2lcaiqvza-findutils-4.9.0/bin:/nix/store/j9p3g8472iijd50vhdprx0nmk2fqn5gv-diffutils-3.8/bin:/nix/store/89zs7rms6x00xfq4dq6m7mjnhkr8a6r4-gnused-4.8/bin:/nix/store/86bp03jkmsl6f92w0yzg4s59g5mhxwmy-gnugrep-3.7/bin:/nix/store/hwcdqw4jrjnd37wxqgsd47hd0j8bnj09-gawk-5.1.1/bin:/nix/store/cfbhw8r8ags41vwqaz47r583d0p4h4a1-gnutar-1.34/bin:/nix/store/p3m1ndl1lapwrlh698bnb5lvvxh67378-gzip-1.12/bin:/nix/store/a8mhcagrsly7c7mpjrpsnaahk4aax056-bzip2-1.0.8-bin/bin:/nix/store/mblgz65m3zv9x548a3d5m96fj2pbwr09-gnumake-4.3/bin:/nix/store/dsd5gz46hdbdk2rfdimqddhq6m8m8fqs-bash-5.1-p16/bin:/nix/store/v7ljksji50mg3w61dykaa3n3y79n6nil-patch-2.7.6/bin:/nix/store/zlcnmqq14jz5x9439jf937mvayyl63da-xz-5.2.7-bin/bin:/nix/store/y6aj732zm9m87c82fpvf103a1xb22blp-file-5.43/bin:/nix/store/v9py4f18ka9m81fl2nrgwim187awj8wb-nix-2.18.0pre20230808_c0e6466/bin:/nix/store/i4kzir3m7mrisxmf5xvlnkw01x4qaqr4-prybar-elisp-0.0.0-e0d9a52/bin:/nix/store/lwwivxf6h7x3cvxp9zv8sj0mv7dak99r-prybar-lua-0.0.0-e0d9a52/bin:/nix/store/gxj28g1cg4hq3qanmjv07156h800qr58-prybar-python3-0.0.0-e0d9a52/bin:/nix/store/hshkjnxrgidigf8x75vg6lqng2xlx9i3-prybar-sqlite-0.0.0-e0d9a52/bin:/nix/store/c4w01bpjgyy5ixmwdk8m1pw87zq4sl
LD_LIBRARY_PATH=/nix/store/a4pff549sk2idnkpzk5nsfps3mdkdnvm-cups-2.4.2-lib/lib:/nix/store/72mqxxhh3cy5yifh92wh2yb8cl2hikyy-cairo-1.16.0/lib:/nix/store/2k366jrbsra97gjfxwvrhvixjfxdach5-glib-2.74.1/lib:/nix/store/2j2znigd8ak37rlwh9khz0ry3clqlw1l-gtk+3-3.24.34/lib:/nix/store/hisqvx32cd57apbpcsnkpx6k3549wql1-libglvnd-1.4.0/lib:/nix/store/p36pgcv991mq5srvg765b78yqpxvk3qs-mesa-21.3.3-drivers/lib:/nix/store/mav4251if1ahjq5vkpwycyyvnmy459c4-pulseaudio-14.2/lib
DISPLAY=:0
LANG=en_US.UTF-8

Signal Handlers:
   SIGSEGV: crash_handler in libjvm.so, mask=11100100010111111101111111111110, flags=SA_RESTART|SA_SIGINFO
    SIGBUS: crash_handler in libjvm.so, mask=11100100010111111101111111111110, flags=SA_RESTART|SA_SIGINFO
    SIGFPE: crash_handler in libjvm.so, mask=11100100010111111101111111111110, flags=SA_RESTART|SA_SIGINFO
   SIGPIPE: IsolateEnterStub_IgnoreSIGPIPEStartupHook_noopSignalHandler_8f19bff2f35b5f630d83b364d6b2339320d4ec70_216e8361c6bc87a8f89f58cc10d3b2fd4415bf87 in libjvmcicompiler.so, mask=00000000000000000000000000000000, flags=SA_RESTART
  *** Handler was modified!
  *** Expected: javaSignalHandler in libjvm.so, mask=11100100110111111111111111111110, flags=SA_RESTART|SA_SIGINFO
   SIGXFSZ: javaSignalHandler in libjvm.so, mask=11100100010111111101111111111110, flags=SA_RESTART|SA_SIGINFO
    SIGILL: crash_handler in libjvm.so, mask=11100100010111111101111111111110, flags=SA_RESTART|SA_SIGINFO
   SIGUSR2: SR_handler in libjvm.so, mask=00000000000000000000000000000000, flags=SA_RESTART|SA_SIGINFO
    SIGHUP: UserHandler in libjvm.so, mask=11100100010111111101111111111110, flags=SA_RESTART|SA_SIGINFO
    SIGINT: UserHandler in libjvm.so, mask=11100100010111111101111111111110, flags=SA_RESTART|SA_SIGINFO
   SIGTERM: UserHandler in libjvm.so, mask=11100100010111111101111111111110, flags=SA_RESTART|SA_SIGINFO
   SIGQUIT: UserHandler in libjvm.so, mask=11100100010111111101111111111110, flags=SA_RESTART|SA_SIGINFO
  *** Handler was modified!
  *** Expected: javaSignalHandler in libjvm.so, mask=11100100110111111111111111111110, flags=SA_RESTART|SA_SIGINFO
   SIGTRAP: crash_handler in libjvm.so, mask=11100100010111111101111111111110, flags=SA_RESTART|SA_SIGINFO


---------------  S Y S T E M  ---------------

OS:
DISTRIB_ID=Ubuntu
DISTRIB_RELEASE=20.04
DISTRIB_CODENAME=focal
DISTRIB_DESCRIPTION="Ubuntu 20.04.2 LTS"
uname: Linux 6.2.0-1017-gcp #19~22.04.1-Ubuntu SMP Fri Oct 13 15:33:25 UTC 2023 x86_64
OS uptime: 0 days 1:42 hours
libc: glibc 2.35 NPTL 2.35 
rlimit (soft/hard): STACK 8192k/infinity , CORE infinity/infinity , NPROC infinity/infinity , NOFILE 20971/20971 , AS infinity/infinity , CPU infinity/infinity , DATA infinity/infinity , FSIZE infinity/infinity , MEMLOCK 8192k/8192k
load average: 18.76 13.26 9.78

/proc/meminfo:
MemTotal:       65833884 kB
MemFree:        32996560 kB
MemAvailable:   42414028 kB
Buffers:         2634052 kB
Cached:          5993780 kB
SwapCached:            0 kB
Active:          6670928 kB
Inactive:       23615028 kB
Active(anon):      14528 kB
Inactive(anon): 21392812 kB
Active(file):    6656400 kB
Inactive(file):  2222216 kB
Unevictable:       28640 kB
Mlocked:           28640 kB
SwapTotal:             0 kB
SwapFree:              0 kB
Zswap:                 0 kB
Zswapped:              0 kB
Dirty:              7212 kB
Writeback:          2160 kB
AnonPages:      21622228 kB
Mapped:          1574120 kB
Shmem:             21032 kB
KReclaimable:    1273488 kB
Slab:            1792752 kB
SReclaimable:    1273488 kB
SUnreclaim:       519264 kB
KernelStack:      139104 kB
PageTables:       211980 kB
SecPageTables:         0 kB
NFS_Unstable:          0 kB
Bounce:                0 kB
WritebackTmp:          0 kB
CommitLimit:    32916940 kB
Committed_AS:   57693540 kB
VmallocTotal:   34359738367 kB
VmallocUsed:      165208 kB
VmallocChunk:          0 kB
Percpu:            49856 kB
HardwareCorrupted:     0 kB
AnonHugePages:    593920 kB
ShmemHugePages:        0 kB
ShmemPmdMapped:        0 kB
FileHugePages:         0 kB
FilePmdMapped:         0 kB
HugePages_Total:       0
HugePages_Free:        0
HugePages_Rsvd:        0
HugePages_Surp:        0
Hugepagesize:       2048 kB
Hugetlb:               0 kB
DirectMap4k:      285496 kB
DirectMap2M:     9148416 kB
DirectMap1G:    59768832 kB

/sys/kernel/mm/transparent_hugepage/enabled: always [madvise] never
/sys/kernel/mm/transparent_hugepage/defrag (defrag/compaction efforts parameter): always defer defer+madvise [madvise] never

Process Memory:
Virtual Size: 4326488K (peak: 4392764K)
Resident Set Size: 787480K (peak: 822312K) (anon: 590772K, file: 196708K, shmem: 0K)
Swapped out: 0K
C-Heap outstanding allocations: 43272K, retained: 13439K
glibc malloc tunables: (default)

/proc/sys/kernel/threads-max (system-wide limit on the number of threads): 514261
/proc/sys/vm/max_map_count (maximum number of memory map areas a process may have): 65530
/proc/sys/kernel/pid_max (system-wide limit on number of process identifiers): 4194304

container (cgroup) information:
container_type: cgroupv2
cpu_cpuset_cpus: not supported
cpu_memory_nodes: not supported
active_processor_count: 2
cpu_quota: 200000
cpu_period: 100000
cpu_shares: no shares
memory_limit_in_bytes: 3292528 k
memory_and_swap_limit_in_bytes: unlimited
memory_soft_limit_in_bytes: 2097152 k
memory_usage_in_bytes: 655840 k
memory_max_usage_in_bytes: not supported
maximum number of tasks: not supported
current number of tasks: not supported

KVM virtualization detected
Steal ticks since vm start: 410
Steal ticks percentage since vm start:  0.001

CPU: total 16 (initial active 2) (8 cores per cpu, 2 threads per core) family 6 model 79 stepping 0 microcode 0xffffffff, cx8, cmov, fxsr, ht, mmx, 3dnowpref, sse, sse2, sse3, ssse3, sse4.1, sse4.2, popcnt, lzcnt, tsc, tscinvbit, avx, avx2, aes, erms, clmul, bmi1, bmi2, rtm, adx, fma, vzeroupper, clflush, hv
CPU Model and flags from /proc/cpuinfo:
model name	: Intel(R) Xeon(R) CPU @ 2.20GHz
flags		: fpu vme de pse tsc msr pae mce cx8 apic sep mtrr pge mca cmov pat pse36 clflush mmx fxsr sse sse2 ss ht syscall nx pdpe1gb rdtscp lm constant_tsc rep_good nopl xtopology nonstop_tsc cpuid tsc_known_freq pni pclmulqdq ssse3 fma cx16 pcid sse4_1 sse4_2 x2apic movbe popcnt aes xsave avx f16c rdrand hypervisor lahf_lm abm 3dnowprefetch invpcid_single pti ssbd ibrs ibpb stibp fsgsbase tsc_adjust bmi1 hle avx2 smep bmi2 erms invpcid rtm rdseed adx smap xsaveopt arat md_clear arch_capabilities

Online cpus: 0-15
Offline cpus: 
BIOS frequency limitation: <Not Available>
Frequency switch latency (ns): <Not Available>
Available cpu frequencies: <Not Available>
Current governor: <Not Available>
Core performance/turbo boost: <Not Available>

Memory: 4k page, physical 3292528k(2636676k free), swap 0k(0k free)
Page Sizes: 4k

vm_info: OpenJDK 64-Bit Server VM (17.0.5+8-jvmci-22.3-b08) for linux-amd64 JRE (17.0.5+8-jvmci-22.3-b08), built on Oct 19 2022 09:01:27 by "buildslave" with gcc 10.3.0

END.
